{"C:\\Users\\USER\\GFC\\backend\\config\\smsService.js": {"path":"C:\\Users\\USER\\GFC\\backend\\config\\smsService.js","statementMap":{"0":{"start":{"line":6,"column":14},"end":{"line":6,"column":30}},"1":{"start":{"line":12,"column":4},"end":{"line":12,"column":82}},"2":{"start":{"line":16,"column":21},"end":{"line":16,"column":85}},"3":{"start":{"line":18,"column":8},"end":{"line":20,"column":40}},"4":{"start":{"line":22,"column":4},"end":{"line":25,"column":6}},"5":{"start":{"line":29,"column":4},"end":{"line":31,"column":5}},"6":{"start":{"line":30,"column":8},"end":{"line":30,"column":47}},"7":{"start":{"line":32,"column":4},"end":{"line":32,"column":25}},"8":{"start":{"line":36,"column":33},"end":{"line":36,"column":52}},"9":{"start":{"line":38,"column":4},"end":{"line":40,"column":5}},"10":{"start":{"line":39,"column":8},"end":{"line":39,"column":20}},"11":{"start":{"line":42,"column":4},"end":{"line":54,"column":5}},"12":{"start":{"line":43,"column":8},"end":{"line":53,"column":9}},"13":{"start":{"line":44,"column":27},"end":{"line":44,"column":44}},"14":{"start":{"line":45,"column":33},"end":{"line":45,"column":39}},"15":{"start":{"line":46,"column":12},"end":{"line":48,"column":13}},"16":{"start":{"line":47,"column":16},"end":{"line":47,"column":38}},"17":{"start":{"line":49,"column":12},"end":{"line":49,"column":66}},"18":{"start":{"line":51,"column":12},"end":{"line":51,"column":97}},"19":{"start":{"line":52,"column":12},"end":{"line":52,"column":24}},"20":{"start":{"line":56,"column":4},"end":{"line":56,"column":23}},"21":{"start":{"line":60,"column":4},"end":{"line":62,"column":48}},"22":{"start":{"line":66,"column":33},"end":{"line":66,"column":52}},"23":{"start":{"line":67,"column":21},"end":{"line":67,"column":62}},"24":{"start":{"line":69,"column":20},"end":{"line":81,"column":5}},"25":{"start":{"line":75,"column":45},"end":{"line":80,"column":9}},"26":{"start":{"line":83,"column":21},"end":{"line":89,"column":6}},"27":{"start":{"line":91,"column":4},"end":{"line":91,"column":25}},"28":{"start":{"line":95,"column":4},"end":{"line":95,"column":32}},"29":{"start":{"line":95,"column":22},"end":{"line":95,"column":32}},"30":{"start":{"line":96,"column":4},"end":{"line":96,"column":43}},"31":{"start":{"line":100,"column":19},"end":{"line":100,"column":46}},"32":{"start":{"line":101,"column":27},"end":{"line":105,"column":28}},"33":{"start":{"line":103,"column":20},"end":{"line":103,"column":28}},"34":{"start":{"line":107,"column":4},"end":{"line":109,"column":5}},"35":{"start":{"line":108,"column":8},"end":{"line":108,"column":30}},"36":{"start":{"line":111,"column":4},"end":{"line":111,"column":55}},"37":{"start":{"line":121,"column":16},"end":{"line":121,"column":30}},"38":{"start":{"line":122,"column":33},"end":{"line":122,"column":52}},"39":{"start":{"line":123,"column":4},"end":{"line":126,"column":5}},"40":{"start":{"line":124,"column":8},"end":{"line":124,"column":94}},"41":{"start":{"line":125,"column":8},"end":{"line":125,"column":73}},"42":{"start":{"line":128,"column":4},"end":{"line":165,"column":5}},"43":{"start":{"line":129,"column":27},"end":{"line":129,"column":57}},"44":{"start":{"line":130,"column":8},"end":{"line":132,"column":9}},"45":{"start":{"line":131,"column":12},"end":{"line":131,"column":72}},"46":{"start":{"line":134,"column":8},"end":{"line":152,"column":9}},"47":{"start":{"line":135,"column":27},"end":{"line":135,"column":44}},"48":{"start":{"line":136,"column":31},"end":{"line":136,"column":37}},"49":{"start":{"line":137,"column":29},"end":{"line":137,"column":61}},"50":{"start":{"line":138,"column":29},"end":{"line":138,"column":71}},"51":{"start":{"line":139,"column":12},"end":{"line":139,"column":71}},"52":{"start":{"line":141,"column":30},"end":{"line":141,"column":78}},"53":{"start":{"line":142,"column":12},"end":{"line":151,"column":13}},"54":{"start":{"line":143,"column":36},"end":{"line":143,"column":104}},"55":{"start":{"line":144,"column":16},"end":{"line":150,"column":18}},"56":{"start":{"line":154,"column":8},"end":{"line":154,"column":74}},"57":{"start":{"line":155,"column":8},"end":{"line":158,"column":10}},"58":{"start":{"line":160,"column":8},"end":{"line":160,"column":57}},"59":{"start":{"line":161,"column":8},"end":{"line":164,"column":10}},"60":{"start":{"line":175,"column":16},"end":{"line":175,"column":30}},"61":{"start":{"line":176,"column":33},"end":{"line":176,"column":52}},"62":{"start":{"line":177,"column":4},"end":{"line":180,"column":5}},"63":{"start":{"line":178,"column":8},"end":{"line":178,"column":63}},"64":{"start":{"line":179,"column":8},"end":{"line":179,"column":73}},"65":{"start":{"line":182,"column":4},"end":{"line":216,"column":5}},"66":{"start":{"line":183,"column":27},"end":{"line":183,"column":75}},"67":{"start":{"line":185,"column":8},"end":{"line":203,"column":9}},"68":{"start":{"line":186,"column":27},"end":{"line":186,"column":44}},"69":{"start":{"line":187,"column":31},"end":{"line":187,"column":37}},"70":{"start":{"line":188,"column":29},"end":{"line":188,"column":58}},"71":{"start":{"line":189,"column":29},"end":{"line":189,"column":71}},"72":{"start":{"line":190,"column":12},"end":{"line":190,"column":71}},"73":{"start":{"line":192,"column":30},"end":{"line":192,"column":78}},"74":{"start":{"line":193,"column":12},"end":{"line":202,"column":13}},"75":{"start":{"line":194,"column":36},"end":{"line":194,"column":104}},"76":{"start":{"line":195,"column":16},"end":{"line":201,"column":18}},"77":{"start":{"line":205,"column":8},"end":{"line":205,"column":87}},"78":{"start":{"line":206,"column":8},"end":{"line":209,"column":10}},"79":{"start":{"line":211,"column":8},"end":{"line":211,"column":62}},"80":{"start":{"line":212,"column":8},"end":{"line":215,"column":10}},"81":{"start":{"line":219,"column":0},"end":{"line":222,"column":2}}},"fnMap":{"0":{"name":"isSandboxEnabled","decl":{"start":{"line":11,"column":9},"end":{"line":11,"column":25}},"loc":{"start":{"line":11,"column":28},"end":{"line":13,"column":1}},"line":11},"1":{"name":"getSmsCredentials","decl":{"start":{"line":15,"column":9},"end":{"line":15,"column":26}},"loc":{"start":{"line":15,"column":29},"end":{"line":26,"column":1}},"line":15},"2":{"name":"getSdkLib","decl":{"start":{"line":28,"column":15},"end":{"line":28,"column":24}},"loc":{"start":{"line":28,"column":27},"end":{"line":33,"column":1}},"line":28},"3":{"name":"getSdk","decl":{"start":{"line":35,"column":15},"end":{"line":35,"column":21}},"loc":{"start":{"line":35,"column":24},"end":{"line":57,"column":1}},"line":35},"4":{"name":"getEgoApiUrl","decl":{"start":{"line":59,"column":9},"end":{"line":59,"column":21}},"loc":{"start":{"line":59,"column":24},"end":{"line":63,"column":1}},"line":59},"5":{"name":"sendViaDirectApi","decl":{"start":{"line":65,"column":15},"end":{"line":65,"column":31}},"loc":{"start":{"line":65,"column":69},"end":{"line":92,"column":1}},"line":65},"6":{"name":"(anonymous_6)","decl":{"start":{"line":75,"column":32},"end":{"line":75,"column":33}},"loc":{"start":{"line":75,"column":45},"end":{"line":80,"column":9}},"line":75},"7":{"name":"normalizePhone","decl":{"start":{"line":94,"column":9},"end":{"line":94,"column":23}},"loc":{"start":{"line":94,"column":37},"end":{"line":97,"column":1}},"line":94},"8":{"name":"resolveRecipients","decl":{"start":{"line":99,"column":9},"end":{"line":99,"column":26}},"loc":{"start":{"line":99,"column":40},"end":{"line":112,"column":1}},"line":99},"9":{"name":"(anonymous_9)","decl":{"start":{"line":103,"column":13},"end":{"line":103,"column":14}},"loc":{"start":{"line":103,"column":20},"end":{"line":103,"column":28}},"line":103},"10":{"name":"sendSMS","decl":{"start":{"line":120,"column":15},"end":{"line":120,"column":22}},"loc":{"start":{"line":120,"column":45},"end":{"line":166,"column":1}},"line":120},"11":{"name":"sendBulkSMS","decl":{"start":{"line":174,"column":15},"end":{"line":174,"column":26}},"loc":{"start":{"line":174,"column":50},"end":{"line":217,"column":1}},"line":174}},"branchMap":{"0":{"loc":{"start":{"line":12,"column":18},"end":{"line":12,"column":55}},"type":"binary-expr","locations":[{"start":{"line":12,"column":18},"end":{"line":12,"column":49}},{"start":{"line":12,"column":53},"end":{"line":12,"column":55}}],"line":12},"1":{"loc":{"start":{"line":16,"column":21},"end":{"line":16,"column":85}},"type":"binary-expr","locations":[{"start":{"line":16,"column":21},"end":{"line":16,"column":53}},{"start":{"line":16,"column":57},"end":{"line":16,"column":85}}],"line":16},"2":{"loc":{"start":{"line":18,"column":8},"end":{"line":20,"column":40}},"type":"binary-expr","locations":[{"start":{"line":18,"column":8},"end":{"line":18,"column":35}},{"start":{"line":19,"column":8},"end":{"line":19,"column":36}},{"start":{"line":20,"column":8},"end":{"line":20,"column":40}}],"line":18},"3":{"loc":{"start":{"line":29,"column":4},"end":{"line":31,"column":5}},"type":"if","locations":[{"start":{"line":29,"column":4},"end":{"line":31,"column":5}},{"start":{},"end":{}}],"line":29},"4":{"loc":{"start":{"line":38,"column":4},"end":{"line":40,"column":5}},"type":"if","locations":[{"start":{"line":38,"column":4},"end":{"line":40,"column":5}},{"start":{},"end":{}}],"line":38},"5":{"loc":{"start":{"line":38,"column":8},"end":{"line":38,"column":28}},"type":"binary-expr","locations":[{"start":{"line":38,"column":8},"end":{"line":38,"column":17}},{"start":{"line":38,"column":21},"end":{"line":38,"column":28}}],"line":38},"6":{"loc":{"start":{"line":42,"column":4},"end":{"line":54,"column":5}},"type":"if","locations":[{"start":{"line":42,"column":4},"end":{"line":54,"column":5}},{"start":{},"end":{}}],"line":42},"7":{"loc":{"start":{"line":46,"column":12},"end":{"line":48,"column":13}},"type":"if","locations":[{"start":{"line":46,"column":12},"end":{"line":48,"column":13}},{"start":{},"end":{}}],"line":46},"8":{"loc":{"start":{"line":60,"column":11},"end":{"line":62,"column":47}},"type":"cond-expr","locations":[{"start":{"line":61,"column":10},"end":{"line":61,"column":54}},{"start":{"line":62,"column":10},"end":{"line":62,"column":47}}],"line":60},"9":{"loc":{"start":{"line":65,"column":53},"end":{"line":65,"column":67}},"type":"default-arg","locations":[{"start":{"line":65,"column":64},"end":{"line":65,"column":67}}],"line":65},"10":{"loc":{"start":{"line":67,"column":21},"end":{"line":67,"column":62}},"type":"binary-expr","locations":[{"start":{"line":67,"column":21},"end":{"line":67,"column":50}},{"start":{"line":67,"column":54},"end":{"line":67,"column":62}}],"line":67},"11":{"loc":{"start":{"line":95,"column":4},"end":{"line":95,"column":32}},"type":"if","locations":[{"start":{"line":95,"column":4},"end":{"line":95,"column":32}},{"start":{},"end":{}}],"line":95},"12":{"loc":{"start":{"line":101,"column":28},"end":{"line":101,"column":66}},"type":"binary-expr","locations":[{"start":{"line":101,"column":28},"end":{"line":101,"column":60}},{"start":{"line":101,"column":64},"end":{"line":101,"column":66}}],"line":101},"13":{"loc":{"start":{"line":107,"column":4},"end":{"line":109,"column":5}},"type":"if","locations":[{"start":{"line":107,"column":4},"end":{"line":109,"column":5}},{"start":{},"end":{}}],"line":107},"14":{"loc":{"start":{"line":107,"column":8},"end":{"line":107,"column":83}},"type":"binary-expr","locations":[{"start":{"line":107,"column":8},"end":{"line":107,"column":54}},{"start":{"line":107,"column":58},"end":{"line":107,"column":83}}],"line":107},"15":{"loc":{"start":{"line":123,"column":4},"end":{"line":126,"column":5}},"type":"if","locations":[{"start":{"line":123,"column":4},"end":{"line":126,"column":5}},{"start":{},"end":{}}],"line":123},"16":{"loc":{"start":{"line":123,"column":8},"end":{"line":123,"column":28}},"type":"binary-expr","locations":[{"start":{"line":123,"column":8},"end":{"line":123,"column":17}},{"start":{"line":123,"column":21},"end":{"line":123,"column":28}}],"line":123},"17":{"loc":{"start":{"line":130,"column":8},"end":{"line":132,"column":9}},"type":"if","locations":[{"start":{"line":130,"column":8},"end":{"line":132,"column":9}},{"start":{},"end":{}}],"line":130},"18":{"loc":{"start":{"line":134,"column":8},"end":{"line":152,"column":9}},"type":"if","locations":[{"start":{"line":134,"column":8},"end":{"line":152,"column":9}},{"start":{"line":140,"column":15},"end":{"line":152,"column":9}}],"line":134},"19":{"loc":{"start":{"line":138,"column":29},"end":{"line":138,"column":71}},"type":"binary-expr","locations":[{"start":{"line":138,"column":29},"end":{"line":138,"column":58}},{"start":{"line":138,"column":62},"end":{"line":138,"column":71}}],"line":138},"20":{"loc":{"start":{"line":142,"column":12},"end":{"line":151,"column":13}},"type":"if","locations":[{"start":{"line":142,"column":12},"end":{"line":151,"column":13}},{"start":{},"end":{}}],"line":142},"21":{"loc":{"start":{"line":143,"column":78},"end":{"line":143,"column":102}},"type":"binary-expr","locations":[{"start":{"line":143,"column":78},"end":{"line":143,"column":96}},{"start":{"line":143,"column":100},"end":{"line":143,"column":102}}],"line":143},"22":{"loc":{"start":{"line":146,"column":27},"end":{"line":148,"column":76}},"type":"cond-expr","locations":[{"start":{"line":147,"column":26},"end":{"line":147,"column":175}},{"start":{"line":148,"column":26},"end":{"line":148,"column":76}}],"line":146},"23":{"loc":{"start":{"line":147,"column":59},"end":{"line":147,"column":104}},"type":"cond-expr","locations":[{"start":{"line":147,"column":80},"end":{"line":147,"column":89}},{"start":{"line":147,"column":92},"end":{"line":147,"column":104}}],"line":147},"24":{"loc":{"start":{"line":148,"column":26},"end":{"line":148,"column":76}},"type":"binary-expr","locations":[{"start":{"line":148,"column":26},"end":{"line":148,"column":44}},{"start":{"line":148,"column":48},"end":{"line":148,"column":76}}],"line":148},"25":{"loc":{"start":{"line":177,"column":4},"end":{"line":180,"column":5}},"type":"if","locations":[{"start":{"line":177,"column":4},"end":{"line":180,"column":5}},{"start":{},"end":{}}],"line":177},"26":{"loc":{"start":{"line":177,"column":8},"end":{"line":177,"column":28}},"type":"binary-expr","locations":[{"start":{"line":177,"column":8},"end":{"line":177,"column":17}},{"start":{"line":177,"column":21},"end":{"line":177,"column":28}}],"line":177},"27":{"loc":{"start":{"line":185,"column":8},"end":{"line":203,"column":9}},"type":"if","locations":[{"start":{"line":185,"column":8},"end":{"line":203,"column":9}},{"start":{"line":191,"column":15},"end":{"line":203,"column":9}}],"line":185},"28":{"loc":{"start":{"line":189,"column":29},"end":{"line":189,"column":71}},"type":"binary-expr","locations":[{"start":{"line":189,"column":29},"end":{"line":189,"column":58}},{"start":{"line":189,"column":62},"end":{"line":189,"column":71}}],"line":189},"29":{"loc":{"start":{"line":193,"column":12},"end":{"line":202,"column":13}},"type":"if","locations":[{"start":{"line":193,"column":12},"end":{"line":202,"column":13}},{"start":{},"end":{}}],"line":193},"30":{"loc":{"start":{"line":194,"column":78},"end":{"line":194,"column":102}},"type":"binary-expr","locations":[{"start":{"line":194,"column":78},"end":{"line":194,"column":96}},{"start":{"line":194,"column":100},"end":{"line":194,"column":102}}],"line":194},"31":{"loc":{"start":{"line":197,"column":27},"end":{"line":199,"column":81}},"type":"cond-expr","locations":[{"start":{"line":198,"column":26},"end":{"line":198,"column":175}},{"start":{"line":199,"column":26},"end":{"line":199,"column":81}}],"line":197},"32":{"loc":{"start":{"line":198,"column":59},"end":{"line":198,"column":104}},"type":"cond-expr","locations":[{"start":{"line":198,"column":80},"end":{"line":198,"column":89}},{"start":{"line":198,"column":92},"end":{"line":198,"column":104}}],"line":198},"33":{"loc":{"start":{"line":199,"column":26},"end":{"line":199,"column":81}},"type":"binary-expr","locations":[{"start":{"line":199,"column":26},"end":{"line":199,"column":44}},{"start":{"line":199,"column":48},"end":{"line":199,"column":81}}],"line":199}},"s":{"0":2,"1":0,"2":0,"3":0,"4":0,"5":0,"6":0,"7":0,"8":0,"9":0,"10":0,"11":0,"12":0,"13":0,"14":0,"15":0,"16":0,"17":0,"18":0,"19":0,"20":0,"21":0,"22":0,"23":0,"24":0,"25":0,"26":0,"27":0,"28":0,"29":0,"30":0,"31":0,"32":0,"33":0,"34":0,"35":0,"36":0,"37":0,"38":0,"39":0,"40":0,"41":0,"42":0,"43":0,"44":0,"45":0,"46":0,"47":0,"48":0,"49":0,"50":0,"51":0,"52":0,"53":0,"54":0,"55":0,"56":0,"57":0,"58":0,"59":0,"60":0,"61":0,"62":0,"63":0,"64":0,"65":0,"66":0,"67":0,"68":0,"69":0,"70":0,"71":0,"72":0,"73":0,"74":0,"75":0,"76":0,"77":0,"78":0,"79":0,"80":0,"81":2},"f":{"0":0,"1":0,"2":0,"3":0,"4":0,"5":0,"6":0,"7":0,"8":0,"9":0,"10":0,"11":0},"b":{"0":[0,0],"1":[0,0],"2":[0,0,0],"3":[0,0],"4":[0,0],"5":[0,0],"6":[0,0],"7":[0,0],"8":[0,0],"9":[0],"10":[0,0],"11":[0,0],"12":[0,0],"13":[0,0],"14":[0,0],"15":[0,0],"16":[0,0],"17":[0,0],"18":[0,0],"19":[0,0],"20":[0,0],"21":[0,0],"22":[0,0],"23":[0,0],"24":[0,0],"25":[0,0],"26":[0,0],"27":[0,0],"28":[0,0],"29":[0,0],"30":[0,0],"31":[0,0],"32":[0,0],"33":[0,0]},"_coverageSchema":"1a1c01bbd47fc00a2c39e90264f33305004495a9","hash":"c1c2790d340467156215f9dbf99d80fbda2bc662"}
,"C:\\Users\\USER\\GFC\\backend\\controllers\\paymentController.js": {"path":"C:\\Users\\USER\\GFC\\backend\\controllers\\paymentController.js","statementMap":{"0":{"start":{"line":1,"column":12},"end":{"line":1,"column":26}},"1":{"start":{"line":2,"column":23},"end":{"line":2,"column":40}},"2":{"start":{"line":3,"column":23},"end":{"line":3,"column":60}},"3":{"start":{"line":4,"column":21},"end":{"line":4,"column":50}},"4":{"start":{"line":5,"column":31},"end":{"line":5,"column":73}},"5":{"start":{"line":7,"column":19},"end":{"line":7,"column":64}},"6":{"start":{"line":8,"column":19},"end":{"line":8,"column":27}},"7":{"start":{"line":10,"column":30},"end":{"line":14,"column":2}},"8":{"start":{"line":16,"column":28},"end":{"line":18,"column":2}},"9":{"start":{"line":21,"column":23},"end":{"line":21,"column":57}},"10":{"start":{"line":23,"column":4},"end":{"line":25,"column":5}},"11":{"start":{"line":24,"column":8},"end":{"line":24,"column":27}},"12":{"start":{"line":27,"column":4},"end":{"line":29,"column":5}},"13":{"start":{"line":28,"column":8},"end":{"line":28,"column":24}},"14":{"start":{"line":31,"column":4},"end":{"line":33,"column":5}},"15":{"start":{"line":32,"column":8},"end":{"line":32,"column":25}},"16":{"start":{"line":35,"column":4},"end":{"line":35,"column":21}},"17":{"start":{"line":39,"column":4},"end":{"line":41,"column":5}},"18":{"start":{"line":40,"column":8},"end":{"line":40,"column":28}},"19":{"start":{"line":43,"column":4},"end":{"line":45,"column":5}},"20":{"start":{"line":44,"column":8},"end":{"line":44,"column":24}},"21":{"start":{"line":47,"column":4},"end":{"line":47,"column":21}},"22":{"start":{"line":51,"column":17},"end":{"line":51,"column":30}},"23":{"start":{"line":52,"column":17},"end":{"line":52,"column":32}},"24":{"start":{"line":55,"column":8},"end":{"line":60,"column":28}},"25":{"start":{"line":63,"column":8},"end":{"line":69,"column":12}},"26":{"start":{"line":72,"column":8},"end":{"line":78,"column":17}},"27":{"start":{"line":80,"column":4},"end":{"line":80,"column":59}},"28":{"start":{"line":84,"column":4},"end":{"line":237,"column":5}},"29":{"start":{"line":85,"column":33},"end":{"line":85,"column":73}},"30":{"start":{"line":86,"column":8},"end":{"line":88,"column":9}},"31":{"start":{"line":87,"column":12},"end":{"line":87,"column":95}},"32":{"start":{"line":90,"column":23},"end":{"line":90,"column":63}},"33":{"start":{"line":91,"column":8},"end":{"line":93,"column":9}},"34":{"start":{"line":92,"column":12},"end":{"line":92,"column":113}},"35":{"start":{"line":95,"column":31},"end":{"line":95,"column":76}},"36":{"start":{"line":96,"column":32},"end":{"line":96,"column":80}},"37":{"start":{"line":98,"column":8},"end":{"line":103,"column":9}},"38":{"start":{"line":99,"column":12},"end":{"line":102,"column":15}},"39":{"start":{"line":105,"column":8},"end":{"line":110,"column":9}},"40":{"start":{"line":106,"column":12},"end":{"line":109,"column":15}},"41":{"start":{"line":112,"column":51},"end":{"line":117,"column":21}},"42":{"start":{"line":119,"column":8},"end":{"line":121,"column":9}},"43":{"start":{"line":120,"column":12},"end":{"line":120,"column":88}},"44":{"start":{"line":123,"column":23},"end":{"line":123,"column":51}},"45":{"start":{"line":124,"column":8},"end":{"line":129,"column":9}},"46":{"start":{"line":125,"column":12},"end":{"line":128,"column":15}},"47":{"start":{"line":131,"column":45},"end":{"line":136,"column":26}},"48":{"start":{"line":138,"column":8},"end":{"line":140,"column":9}},"49":{"start":{"line":139,"column":12},"end":{"line":139,"column":94}},"50":{"start":{"line":142,"column":31},"end":{"line":142,"column":43}},"51":{"start":{"line":143,"column":29},"end":{"line":143,"column":81}},"52":{"start":{"line":145,"column":12},"end":{"line":146,"column":88}},"53":{"start":{"line":148,"column":29},"end":{"line":155,"column":10}},"54":{"start":{"line":158,"column":12},"end":{"line":164,"column":16}},"55":{"start":{"line":167,"column":12},"end":{"line":170,"column":21}},"56":{"start":{"line":171,"column":35},"end":{"line":171,"column":67}},"57":{"start":{"line":172,"column":30},"end":{"line":172,"column":65}},"58":{"start":{"line":174,"column":40},"end":{"line":192,"column":14}},"59":{"start":{"line":194,"column":8},"end":{"line":196,"column":9}},"60":{"start":{"line":195,"column":12},"end":{"line":195,"column":31}},"61":{"start":{"line":198,"column":44},"end":{"line":203,"column":36}},"62":{"start":{"line":205,"column":8},"end":{"line":207,"column":9}},"63":{"start":{"line":206,"column":12},"end":{"line":206,"column":35}},"64":{"start":{"line":209,"column":8},"end":{"line":219,"column":11}},"65":{"start":{"line":221,"column":8},"end":{"line":230,"column":11}},"66":{"start":{"line":232,"column":8},"end":{"line":232,"column":84}},"67":{"start":{"line":233,"column":8},"end":{"line":236,"column":11}},"68":{"start":{"line":241,"column":4},"end":{"line":322,"column":5}},"69":{"start":{"line":242,"column":64},"end":{"line":242,"column":95}},"70":{"start":{"line":244,"column":8},"end":{"line":246,"column":9}},"71":{"start":{"line":245,"column":12},"end":{"line":245,"column":109}},"72":{"start":{"line":248,"column":29},"end":{"line":248,"column":61}},"73":{"start":{"line":250,"column":32},"end":{"line":255,"column":10}},"74":{"start":{"line":257,"column":8},"end":{"line":259,"column":9}},"75":{"start":{"line":258,"column":12},"end":{"line":258,"column":24}},"76":{"start":{"line":261,"column":8},"end":{"line":266,"column":9}},"77":{"start":{"line":262,"column":12},"end":{"line":265,"column":15}},"78":{"start":{"line":268,"column":27},"end":{"line":268,"column":34}},"79":{"start":{"line":269,"column":8},"end":{"line":276,"column":11}},"80":{"start":{"line":278,"column":37},"end":{"line":282,"column":26}},"81":{"start":{"line":284,"column":8},"end":{"line":305,"column":9}},"82":{"start":{"line":285,"column":30},"end":{"line":285,"column":76}},"83":{"start":{"line":286,"column":29},"end":{"line":286,"column":71}},"84":{"start":{"line":288,"column":12},"end":{"line":304,"column":15}},"85":{"start":{"line":307,"column":8},"end":{"line":315,"column":11}},"86":{"start":{"line":317,"column":8},"end":{"line":317,"column":82}},"87":{"start":{"line":318,"column":8},"end":{"line":321,"column":11}},"88":{"start":{"line":326,"column":29},"end":{"line":326,"column":67}},"89":{"start":{"line":327,"column":4},"end":{"line":329,"column":5}},"90":{"start":{"line":328,"column":8},"end":{"line":328,"column":91}},"91":{"start":{"line":331,"column":23},"end":{"line":331,"column":71}},"92":{"start":{"line":333,"column":4},"end":{"line":339,"column":7}},"93":{"start":{"line":343,"column":4},"end":{"line":353,"column":5}},"94":{"start":{"line":344,"column":24},"end":{"line":344,"column":63}},"95":{"start":{"line":345,"column":8},"end":{"line":345,"column":58}},"96":{"start":{"line":348,"column":12},"end":{"line":350,"column":67}},"97":{"start":{"line":352,"column":8},"end":{"line":352,"column":85}},"98":{"start":{"line":357,"column":4},"end":{"line":365,"column":5}},"99":{"start":{"line":358,"column":29},"end":{"line":358,"column":88}},"100":{"start":{"line":359,"column":8},"end":{"line":359,"column":63}},"101":{"start":{"line":361,"column":8},"end":{"line":364,"column":11}},"102":{"start":{"line":368,"column":0},"end":{"line":375,"column":2}}},"fnMap":{"0":{"name":"mapMarzPayStatus","decl":{"start":{"line":20,"column":9},"end":{"line":20,"column":25}},"loc":{"start":{"line":20,"column":34},"end":{"line":36,"column":1}},"line":20},"1":{"name":"toPaymentStatus","decl":{"start":{"line":38,"column":9},"end":{"line":38,"column":24}},"loc":{"start":{"line":38,"column":45},"end":{"line":48,"column":1}},"line":38},"2":{"name":"extractCallbackFields","decl":{"start":{"line":50,"column":9},"end":{"line":50,"column":30}},"loc":{"start":{"line":50,"column":40},"end":{"line":81,"column":1}},"line":50},"3":{"name":"initiatePayment","decl":{"start":{"line":83,"column":15},"end":{"line":83,"column":30}},"loc":{"start":{"line":83,"column":47},"end":{"line":238,"column":1}},"line":83},"4":{"name":"handleMarzpayCallback","decl":{"start":{"line":240,"column":15},"end":{"line":240,"column":36}},"loc":{"start":{"line":240,"column":53},"end":{"line":323,"column":1}},"line":240},"5":{"name":"validatePhone","decl":{"start":{"line":325,"column":15},"end":{"line":325,"column":28}},"loc":{"start":{"line":325,"column":39},"end":{"line":340,"column":1}},"line":325},"6":{"name":"getWalletBalance","decl":{"start":{"line":342,"column":15},"end":{"line":342,"column":31}},"loc":{"start":{"line":342,"column":42},"end":{"line":354,"column":1}},"line":342},"7":{"name":"getMarzpayTransactions","decl":{"start":{"line":356,"column":15},"end":{"line":356,"column":37}},"loc":{"start":{"line":356,"column":48},"end":{"line":366,"column":1}},"line":356}},"branchMap":{"0":{"loc":{"start":{"line":7,"column":26},"end":{"line":7,"column":63}},"type":"binary-expr","locations":[{"start":{"line":7,"column":26},"end":{"line":7,"column":56}},{"start":{"line":7,"column":60},"end":{"line":7,"column":63}}],"line":7},"1":{"loc":{"start":{"line":21,"column":30},"end":{"line":21,"column":42}},"type":"binary-expr","locations":[{"start":{"line":21,"column":30},"end":{"line":21,"column":36}},{"start":{"line":21,"column":40},"end":{"line":21,"column":42}}],"line":21},"2":{"loc":{"start":{"line":23,"column":4},"end":{"line":25,"column":5}},"type":"if","locations":[{"start":{"line":23,"column":4},"end":{"line":25,"column":5}},{"start":{},"end":{}}],"line":23},"3":{"loc":{"start":{"line":27,"column":4},"end":{"line":29,"column":5}},"type":"if","locations":[{"start":{"line":27,"column":4},"end":{"line":29,"column":5}},{"start":{},"end":{}}],"line":27},"4":{"loc":{"start":{"line":31,"column":4},"end":{"line":33,"column":5}},"type":"if","locations":[{"start":{"line":31,"column":4},"end":{"line":33,"column":5}},{"start":{},"end":{}}],"line":31},"5":{"loc":{"start":{"line":39,"column":4},"end":{"line":41,"column":5}},"type":"if","locations":[{"start":{"line":39,"column":4},"end":{"line":41,"column":5}},{"start":{},"end":{}}],"line":39},"6":{"loc":{"start":{"line":43,"column":4},"end":{"line":45,"column":5}},"type":"if","locations":[{"start":{"line":43,"column":4},"end":{"line":45,"column":5}},{"start":{},"end":{}}],"line":43},"7":{"loc":{"start":{"line":51,"column":17},"end":{"line":51,"column":30}},"type":"binary-expr","locations":[{"start":{"line":51,"column":17},"end":{"line":51,"column":24}},{"start":{"line":51,"column":28},"end":{"line":51,"column":30}}],"line":51},"8":{"loc":{"start":{"line":52,"column":17},"end":{"line":52,"column":32}},"type":"binary-expr","locations":[{"start":{"line":52,"column":17},"end":{"line":52,"column":26}},{"start":{"line":52,"column":30},"end":{"line":52,"column":32}}],"line":52},"9":{"loc":{"start":{"line":55,"column":8},"end":{"line":60,"column":28}},"type":"binary-expr","locations":[{"start":{"line":55,"column":8},"end":{"line":55,"column":22}},{"start":{"line":56,"column":8},"end":{"line":56,"column":27}},{"start":{"line":57,"column":8},"end":{"line":57,"column":28}},{"start":{"line":58,"column":8},"end":{"line":58,"column":22}},{"start":{"line":59,"column":8},"end":{"line":59,"column":27}},{"start":{"line":60,"column":8},"end":{"line":60,"column":28}}],"line":55},"10":{"loc":{"start":{"line":63,"column":8},"end":{"line":69,"column":12}},"type":"binary-expr","locations":[{"start":{"line":63,"column":8},"end":{"line":63,"column":24}},{"start":{"line":64,"column":8},"end":{"line":64,"column":31}},{"start":{"line":65,"column":8},"end":{"line":65,"column":30}},{"start":{"line":66,"column":8},"end":{"line":66,"column":24}},{"start":{"line":67,"column":8},"end":{"line":67,"column":31}},{"start":{"line":68,"column":8},"end":{"line":68,"column":30}},{"start":{"line":69,"column":8},"end":{"line":69,"column":12}}],"line":63},"11":{"loc":{"start":{"line":72,"column":8},"end":{"line":78,"column":17}},"type":"binary-expr","locations":[{"start":{"line":72,"column":8},"end":{"line":72,"column":19}},{"start":{"line":73,"column":8},"end":{"line":73,"column":30}},{"start":{"line":74,"column":8},"end":{"line":74,"column":31}},{"start":{"line":75,"column":8},"end":{"line":75,"column":19}},{"start":{"line":76,"column":8},"end":{"line":76,"column":30}},{"start":{"line":77,"column":8},"end":{"line":77,"column":31}},{"start":{"line":78,"column":8},"end":{"line":78,"column":17}}],"line":72},"12":{"loc":{"start":{"line":86,"column":8},"end":{"line":88,"column":9}},"type":"if","locations":[{"start":{"line":86,"column":8},"end":{"line":88,"column":9}},{"start":{},"end":{}}],"line":86},"13":{"loc":{"start":{"line":90,"column":30},"end":{"line":90,"column":48}},"type":"binary-expr","locations":[{"start":{"line":90,"column":30},"end":{"line":90,"column":42}},{"start":{"line":90,"column":46},"end":{"line":90,"column":48}}],"line":90},"14":{"loc":{"start":{"line":91,"column":8},"end":{"line":93,"column":9}},"type":"if","locations":[{"start":{"line":91,"column":8},"end":{"line":93,"column":9}},{"start":{},"end":{}}],"line":91},"15":{"loc":{"start":{"line":98,"column":8},"end":{"line":103,"column":9}},"type":"if","locations":[{"start":{"line":98,"column":8},"end":{"line":103,"column":9}},{"start":{},"end":{}}],"line":98},"16":{"loc":{"start":{"line":98,"column":12},"end":{"line":98,"column":85}},"type":"binary-expr","locations":[{"start":{"line":98,"column":12},"end":{"line":98,"column":34}},{"start":{"line":98,"column":38},"end":{"line":98,"column":53}},{"start":{"line":98,"column":57},"end":{"line":98,"column":85}}],"line":98},"17":{"loc":{"start":{"line":105,"column":8},"end":{"line":110,"column":9}},"type":"if","locations":[{"start":{"line":105,"column":8},"end":{"line":110,"column":9}},{"start":{},"end":{}}],"line":105},"18":{"loc":{"start":{"line":119,"column":8},"end":{"line":121,"column":9}},"type":"if","locations":[{"start":{"line":119,"column":8},"end":{"line":121,"column":9}},{"start":{},"end":{}}],"line":119},"19":{"loc":{"start":{"line":119,"column":12},"end":{"line":119,"column":32}},"type":"binary-expr","locations":[{"start":{"line":119,"column":12},"end":{"line":119,"column":22}},{"start":{"line":119,"column":26},"end":{"line":119,"column":32}}],"line":119},"20":{"loc":{"start":{"line":124,"column":8},"end":{"line":129,"column":9}},"type":"if","locations":[{"start":{"line":124,"column":8},"end":{"line":129,"column":9}},{"start":{},"end":{}}],"line":124},"21":{"loc":{"start":{"line":124,"column":12},"end":{"line":124,"column":82}},"type":"binary-expr","locations":[{"start":{"line":124,"column":12},"end":{"line":124,"column":36}},{"start":{"line":124,"column":40},"end":{"line":124,"column":59}},{"start":{"line":124,"column":63},"end":{"line":124,"column":82}}],"line":124},"22":{"loc":{"start":{"line":138,"column":8},"end":{"line":140,"column":9}},"type":"if","locations":[{"start":{"line":138,"column":8},"end":{"line":140,"column":9}},{"start":{},"end":{}}],"line":138},"23":{"loc":{"start":{"line":143,"column":29},"end":{"line":143,"column":81}},"type":"binary-expr","locations":[{"start":{"line":143,"column":29},"end":{"line":143,"column":53}},{"start":{"line":143,"column":57},"end":{"line":143,"column":81}}],"line":143},"24":{"loc":{"start":{"line":145,"column":12},"end":{"line":146,"column":88}},"type":"binary-expr","locations":[{"start":{"line":145,"column":12},"end":{"line":145,"column":44}},{"start":{"line":146,"column":13},"end":{"line":146,"column":87}}],"line":145},"25":{"loc":{"start":{"line":146,"column":13},"end":{"line":146,"column":87}},"type":"cond-expr","locations":[{"start":{"line":146,"column":28},"end":{"line":146,"column":75}},{"start":{"line":146,"column":78},"end":{"line":146,"column":87}}],"line":146},"26":{"loc":{"start":{"line":158,"column":12},"end":{"line":164,"column":16}},"type":"binary-expr","locations":[{"start":{"line":158,"column":12},"end":{"line":158,"column":63}},{"start":{"line":159,"column":12},"end":{"line":159,"column":43}},{"start":{"line":160,"column":12},"end":{"line":160,"column":50}},{"start":{"line":161,"column":12},"end":{"line":161,"column":49}},{"start":{"line":162,"column":12},"end":{"line":162,"column":54}},{"start":{"line":163,"column":12},"end":{"line":163,"column":41}},{"start":{"line":164,"column":12},"end":{"line":164,"column":16}}],"line":158},"27":{"loc":{"start":{"line":167,"column":12},"end":{"line":170,"column":21}},"type":"binary-expr","locations":[{"start":{"line":167,"column":12},"end":{"line":167,"column":51}},{"start":{"line":168,"column":12},"end":{"line":168,"column":38}},{"start":{"line":169,"column":12},"end":{"line":169,"column":32}},{"start":{"line":170,"column":12},"end":{"line":170,"column":21}}],"line":167},"28":{"loc":{"start":{"line":194,"column":8},"end":{"line":196,"column":9}},"type":"if","locations":[{"start":{"line":194,"column":8},"end":{"line":196,"column":9}},{"start":{},"end":{}}],"line":194},"29":{"loc":{"start":{"line":205,"column":8},"end":{"line":207,"column":9}},"type":"if","locations":[{"start":{"line":205,"column":8},"end":{"line":207,"column":9}},{"start":{},"end":{}}],"line":205},"30":{"loc":{"start":{"line":223,"column":21},"end":{"line":223,"column":82}},"type":"binary-expr","locations":[{"start":{"line":223,"column":21},"end":{"line":223,"column":42}},{"start":{"line":223,"column":46},"end":{"line":223,"column":82}}],"line":223},"31":{"loc":{"start":{"line":228,"column":25},"end":{"line":228,"column":86}},"type":"binary-expr","locations":[{"start":{"line":228,"column":25},"end":{"line":228,"column":46}},{"start":{"line":228,"column":50},"end":{"line":228,"column":86}}],"line":228},"32":{"loc":{"start":{"line":232,"column":52},"end":{"line":232,"column":82}},"type":"binary-expr","locations":[{"start":{"line":232,"column":52},"end":{"line":232,"column":65}},{"start":{"line":232,"column":69},"end":{"line":232,"column":82}}],"line":232},"33":{"loc":{"start":{"line":233,"column":26},"end":{"line":233,"column":49}},"type":"binary-expr","locations":[{"start":{"line":233,"column":26},"end":{"line":233,"column":42}},{"start":{"line":233,"column":46},"end":{"line":233,"column":49}}],"line":233},"34":{"loc":{"start":{"line":235,"column":21},"end":{"line":235,"column":66}},"type":"binary-expr","locations":[{"start":{"line":235,"column":21},"end":{"line":235,"column":34}},{"start":{"line":235,"column":38},"end":{"line":235,"column":66}}],"line":235},"35":{"loc":{"start":{"line":244,"column":8},"end":{"line":246,"column":9}},"type":"if","locations":[{"start":{"line":244,"column":8},"end":{"line":246,"column":9}},{"start":{},"end":{}}],"line":244},"36":{"loc":{"start":{"line":254,"column":23},"end":{"line":254,"column":37}},"type":"binary-expr","locations":[{"start":{"line":254,"column":23},"end":{"line":254,"column":31}},{"start":{"line":254,"column":35},"end":{"line":254,"column":37}}],"line":254},"37":{"loc":{"start":{"line":257,"column":8},"end":{"line":259,"column":9}},"type":"if","locations":[{"start":{"line":257,"column":8},"end":{"line":259,"column":9}},{"start":{},"end":{}}],"line":257},"38":{"loc":{"start":{"line":261,"column":8},"end":{"line":266,"column":9}},"type":"if","locations":[{"start":{"line":261,"column":8},"end":{"line":266,"column":9}},{"start":{},"end":{}}],"line":261},"39":{"loc":{"start":{"line":261,"column":12},"end":{"line":261,"column":38}},"type":"binary-expr","locations":[{"start":{"line":261,"column":12},"end":{"line":261,"column":17}},{"start":{"line":261,"column":21},"end":{"line":261,"column":38}}],"line":261},"40":{"loc":{"start":{"line":284,"column":8},"end":{"line":305,"column":9}},"type":"if","locations":[{"start":{"line":284,"column":8},"end":{"line":305,"column":9}},{"start":{},"end":{}}],"line":284},"41":{"loc":{"start":{"line":290,"column":23},"end":{"line":290,"column":104}},"type":"cond-expr","locations":[{"start":{"line":290,"column":35},"end":{"line":290,"column":55}},{"start":{"line":290,"column":58},"end":{"line":290,"column":104}}],"line":290},"42":{"loc":{"start":{"line":290,"column":58},"end":{"line":290,"column":104}},"type":"cond-expr","locations":[{"start":{"line":290,"column":69},"end":{"line":290,"column":85}},{"start":{"line":290,"column":88},"end":{"line":290,"column":104}}],"line":290},"43":{"loc":{"start":{"line":291,"column":25},"end":{"line":295,"column":87}},"type":"cond-expr","locations":[{"start":{"line":292,"column":22},"end":{"line":292,"column":75}},{"start":{"line":293,"column":22},"end":{"line":295,"column":87}}],"line":291},"44":{"loc":{"start":{"line":293,"column":22},"end":{"line":295,"column":87}},"type":"cond-expr","locations":[{"start":{"line":294,"column":26},"end":{"line":294,"column":89}},{"start":{"line":295,"column":26},"end":{"line":295,"column":87}}],"line":293},"45":{"loc":{"start":{"line":303,"column":25},"end":{"line":303,"column":46}},"type":"binary-expr","locations":[{"start":{"line":303,"column":25},"end":{"line":303,"column":34}},{"start":{"line":303,"column":38},"end":{"line":303,"column":46}}],"line":303},"46":{"loc":{"start":{"line":317,"column":50},"end":{"line":317,"column":80}},"type":"binary-expr","locations":[{"start":{"line":317,"column":50},"end":{"line":317,"column":63}},{"start":{"line":317,"column":67},"end":{"line":317,"column":80}}],"line":317},"47":{"loc":{"start":{"line":318,"column":26},"end":{"line":318,"column":49}},"type":"binary-expr","locations":[{"start":{"line":318,"column":26},"end":{"line":318,"column":42}},{"start":{"line":318,"column":46},"end":{"line":318,"column":49}}],"line":318},"48":{"loc":{"start":{"line":320,"column":21},"end":{"line":320,"column":66}},"type":"binary-expr","locations":[{"start":{"line":320,"column":21},"end":{"line":320,"column":34}},{"start":{"line":320,"column":38},"end":{"line":320,"column":66}}],"line":320},"49":{"loc":{"start":{"line":327,"column":4},"end":{"line":329,"column":5}},"type":"if","locations":[{"start":{"line":327,"column":4},"end":{"line":329,"column":5}},{"start":{},"end":{}}],"line":327},"50":{"loc":{"start":{"line":348,"column":12},"end":{"line":350,"column":67}},"type":"cond-expr","locations":[{"start":{"line":349,"column":18},"end":{"line":349,"column":111}},{"start":{"line":350,"column":18},"end":{"line":350,"column":67}}],"line":348},"51":{"loc":{"start":{"line":348,"column":12},"end":{"line":348,"column":78}},"type":"binary-expr","locations":[{"start":{"line":348,"column":12},"end":{"line":348,"column":25}},{"start":{"line":348,"column":29},"end":{"line":348,"column":78}}],"line":348},"52":{"loc":{"start":{"line":350,"column":18},"end":{"line":350,"column":67}},"type":"binary-expr","locations":[{"start":{"line":350,"column":18},"end":{"line":350,"column":31}},{"start":{"line":350,"column":35},"end":{"line":350,"column":67}}],"line":350},"53":{"loc":{"start":{"line":352,"column":26},"end":{"line":352,"column":49}},"type":"binary-expr","locations":[{"start":{"line":352,"column":26},"end":{"line":352,"column":42}},{"start":{"line":352,"column":46},"end":{"line":352,"column":49}}],"line":352},"54":{"loc":{"start":{"line":358,"column":72},"end":{"line":358,"column":87}},"type":"binary-expr","locations":[{"start":{"line":358,"column":72},"end":{"line":358,"column":81}},{"start":{"line":358,"column":85},"end":{"line":358,"column":87}}],"line":358},"55":{"loc":{"start":{"line":361,"column":26},"end":{"line":361,"column":49}},"type":"binary-expr","locations":[{"start":{"line":361,"column":26},"end":{"line":361,"column":42}},{"start":{"line":361,"column":46},"end":{"line":361,"column":49}}],"line":361},"56":{"loc":{"start":{"line":363,"column":21},"end":{"line":363,"column":76}},"type":"binary-expr","locations":[{"start":{"line":363,"column":21},"end":{"line":363,"column":34}},{"start":{"line":363,"column":38},"end":{"line":363,"column":76}}],"line":363}},"s":{"0":2,"1":2,"2":2,"3":2,"4":2,"5":2,"6":2,"7":2,"8":2,"9":8,"10":8,"11":2,"12":6,"13":2,"14":4,"15":3,"16":1,"17":1,"18":0,"19":1,"20":0,"21":1,"22":0,"23":0,"24":0,"25":0,"26":0,"27":0,"28":2,"29":2,"30":2,"31":0,"32":2,"33":2,"34":0,"35":2,"36":2,"37":2,"38":1,"39":1,"40":0,"41":1,"42":1,"43":0,"44":1,"45":1,"46":0,"47":1,"48":1,"49":0,"50":1,"51":1,"52":1,"53":1,"54":1,"55":1,"56":1,"57":1,"58":1,"59":1,"60":0,"61":1,"62":1,"63":0,"64":1,"65":1,"66":0,"67":0,"68":0,"69":0,"70":0,"71":0,"72":0,"73":0,"74":0,"75":0,"76":0,"77":0,"78":0,"79":0,"80":0,"81":0,"82":0,"83":0,"84":0,"85":0,"86":0,"87":0,"88":0,"89":0,"90":0,"91":0,"92":0,"93":0,"94":0,"95":0,"96":0,"97":0,"98":0,"99":0,"100":0,"101":0,"102":2},"f":{"0":8,"1":1,"2":0,"3":2,"4":0,"5":0,"6":0,"7":0},"b":{"0":[2,2],"1":[8,0],"2":[2,6],"3":[2,4],"4":[3,1],"5":[0,1],"6":[0,1],"7":[0,0],"8":[0,0],"9":[0,0,0,0,0,0],"10":[0,0,0,0,0,0,0],"11":[0,0,0,0,0,0,0],"12":[0,2],"13":[2,0],"14":[0,2],"15":[1,1],"16":[2,1,1],"17":[0,1],"18":[0,1],"19":[1,1],"20":[0,1],"21":[1,1,1],"22":[0,1],"23":[1,1],"24":[1,1],"25":[0,1],"26":[1,1,0,0,0,0,0],"27":[1,1,0,0],"28":[0,1],"29":[0,1],"30":[1,0],"31":[1,0],"32":[0,0],"33":[0,0],"34":[0,0],"35":[0,0],"36":[0,0],"37":[0,0],"38":[0,0],"39":[0,0],"40":[0,0],"41":[0,0],"42":[0,0],"43":[0,0],"44":[0,0],"45":[0,0],"46":[0,0],"47":[0,0],"48":[0,0],"49":[0,0],"50":[0,0],"51":[0,0],"52":[0,0],"53":[0,0],"54":[0,0],"55":[0,0],"56":[0,0]},"_coverageSchema":"1a1c01bbd47fc00a2c39e90264f33305004495a9","hash":"d2732b3bbb86fae39dd2410299749011eda3345c"}
,"C:\\Users\\USER\\GFC\\backend\\routes\\paymentRoutes.js": {"path":"C:\\Users\\USER\\GFC\\backend\\routes\\paymentRoutes.js","statementMap":{"0":{"start":{"line":6,"column":16},"end":{"line":6,"column":34}},"1":{"start":{"line":7,"column":15},"end":{"line":7,"column":31}},"2":{"start":{"line":8,"column":61},"end":{"line":8,"column":90}},"3":{"start":{"line":9,"column":26},"end":{"line":9,"column":69}},"4":{"start":{"line":11,"column":0},"end":{"line":11,"column":108}},"5":{"start":{"line":12,"column":0},"end":{"line":12,"column":74}},"6":{"start":{"line":13,"column":0},"end":{"line":13,"column":64}},"7":{"start":{"line":14,"column":0},"end":{"line":14,"column":99}},"8":{"start":{"line":15,"column":0},"end":{"line":15,"column":111}},"9":{"start":{"line":17,"column":0},"end":{"line":17,"column":24}}},"fnMap":{},"branchMap":{},"s":{"0":1,"1":1,"2":1,"3":1,"4":1,"5":1,"6":1,"7":1,"8":1,"9":1},"f":{},"b":{},"_coverageSchema":"1a1c01bbd47fc00a2c39e90264f33305004495a9","hash":"cf67a18e79d23234d14eadf60cd2c62b02fa3183"}
,"C:\\Users\\USER\\GFC\\backend\\services\\marzpayService.js": {"path":"C:\\Users\\USER\\GFC\\backend\\services\\marzpayService.js","statementMap":{"0":{"start":{"line":1,"column":14},"end":{"line":1,"column":30}},"1":{"start":{"line":3,"column":24},"end":{"line":3,"column":61}},"2":{"start":{"line":4,"column":27},"end":{"line":4,"column":32}},"3":{"start":{"line":7,"column":16},"end":{"line":7,"column":43}},"4":{"start":{"line":8,"column":19},"end":{"line":8,"column":49}},"5":{"start":{"line":10,"column":4},"end":{"line":14,"column":5}},"6":{"start":{"line":11,"column":20},"end":{"line":11,"column":71}},"7":{"start":{"line":12,"column":8},"end":{"line":12,"column":29}},"8":{"start":{"line":13,"column":8},"end":{"line":13,"column":18}},"9":{"start":{"line":16,"column":4},"end":{"line":16,"column":73}},"10":{"start":{"line":20,"column":4},"end":{"line":28,"column":7}},"11":{"start":{"line":32,"column":19},"end":{"line":32,"column":30}},"12":{"start":{"line":34,"column":4},"end":{"line":48,"column":5}},"13":{"start":{"line":35,"column":25},"end":{"line":35,"column":53}},"14":{"start":{"line":36,"column":8},"end":{"line":36,"column":29}},"15":{"start":{"line":38,"column":23},"end":{"line":38,"column":52}},"16":{"start":{"line":40,"column":12},"end":{"line":42,"column":48}},"17":{"start":{"line":44,"column":24},"end":{"line":44,"column":50}},"18":{"start":{"line":45,"column":8},"end":{"line":45,"column":36}},"19":{"start":{"line":46,"column":8},"end":{"line":46,"column":55}},"20":{"start":{"line":47,"column":8},"end":{"line":47,"column":22}},"21":{"start":{"line":52,"column":4},"end":{"line":54,"column":5}},"22":{"start":{"line":53,"column":8},"end":{"line":53,"column":20}},"23":{"start":{"line":56,"column":23},"end":{"line":56,"column":50}},"24":{"start":{"line":58,"column":4},"end":{"line":60,"column":5}},"25":{"start":{"line":59,"column":8},"end":{"line":59,"column":26}},"26":{"start":{"line":62,"column":4},"end":{"line":64,"column":5}},"27":{"start":{"line":63,"column":8},"end":{"line":63,"column":32}},"28":{"start":{"line":66,"column":4},"end":{"line":68,"column":5}},"29":{"start":{"line":67,"column":8},"end":{"line":67,"column":44}},"30":{"start":{"line":70,"column":4},"end":{"line":70,"column":16}},"31":{"start":{"line":74,"column":22},"end":{"line":74,"column":46}},"32":{"start":{"line":75,"column":4},"end":{"line":77,"column":5}},"33":{"start":{"line":76,"column":8},"end":{"line":76,"column":20}},"34":{"start":{"line":79,"column":19},"end":{"line":79,"column":40}},"35":{"start":{"line":81,"column":4},"end":{"line":83,"column":5}},"36":{"start":{"line":82,"column":8},"end":{"line":82,"column":21}},"37":{"start":{"line":85,"column":4},"end":{"line":87,"column":5}},"38":{"start":{"line":86,"column":8},"end":{"line":86,"column":24}},"39":{"start":{"line":89,"column":4},"end":{"line":89,"column":16}},"40":{"start":{"line":93,"column":22},"end":{"line":93,"column":46}},"41":{"start":{"line":95,"column":4},"end":{"line":101,"column":5}},"42":{"start":{"line":96,"column":8},"end":{"line":100,"column":10}},"43":{"start":{"line":103,"column":4},"end":{"line":109,"column":5}},"44":{"start":{"line":104,"column":8},"end":{"line":108,"column":10}},"45":{"start":{"line":111,"column":21},"end":{"line":111,"column":43}},"46":{"start":{"line":112,"column":4},"end":{"line":118,"column":5}},"47":{"start":{"line":113,"column":8},"end":{"line":117,"column":10}},"48":{"start":{"line":120,"column":4},"end":{"line":124,"column":6}},"49":{"start":{"line":128,"column":20},"end":{"line":134,"column":5}},"50":{"start":{"line":136,"column":4},"end":{"line":138,"column":5}},"51":{"start":{"line":137,"column":8},"end":{"line":137,"column":43}},"52":{"start":{"line":140,"column":4},"end":{"line":144,"column":7}},"53":{"start":{"line":148,"column":20},"end":{"line":154,"column":5}},"54":{"start":{"line":156,"column":4},"end":{"line":158,"column":5}},"55":{"start":{"line":157,"column":8},"end":{"line":157,"column":43}},"56":{"start":{"line":160,"column":4},"end":{"line":164,"column":7}},"57":{"start":{"line":168,"column":4},"end":{"line":171,"column":7}},"58":{"start":{"line":175,"column":4},"end":{"line":178,"column":7}},"59":{"start":{"line":182,"column":4},"end":{"line":185,"column":7}},"60":{"start":{"line":189,"column":4},"end":{"line":192,"column":7}},"61":{"start":{"line":196,"column":4},"end":{"line":200,"column":7}},"62":{"start":{"line":204,"column":4},"end":{"line":207,"column":7}},"63":{"start":{"line":211,"column":4},"end":{"line":214,"column":7}},"64":{"start":{"line":217,"column":0},"end":{"line":230,"column":2}}},"fnMap":{"0":{"name":"buildAuthHeader","decl":{"start":{"line":6,"column":9},"end":{"line":6,"column":24}},"loc":{"start":{"line":6,"column":27},"end":{"line":17,"column":1}},"line":6},"1":{"name":"getClient","decl":{"start":{"line":19,"column":9},"end":{"line":19,"column":18}},"loc":{"start":{"line":19,"column":21},"end":{"line":29,"column":1}},"line":19},"2":{"name":"request","decl":{"start":{"line":31,"column":15},"end":{"line":31,"column":22}},"loc":{"start":{"line":31,"column":31},"end":{"line":49,"column":1}},"line":31},"3":{"name":"formatPhoneNumber","decl":{"start":{"line":51,"column":9},"end":{"line":51,"column":26}},"loc":{"start":{"line":51,"column":34},"end":{"line":71,"column":1}},"line":51},"4":{"name":"getProvider","decl":{"start":{"line":73,"column":9},"end":{"line":73,"column":20}},"loc":{"start":{"line":73,"column":28},"end":{"line":90,"column":1}},"line":73},"5":{"name":"validateMobileNumber","decl":{"start":{"line":92,"column":9},"end":{"line":92,"column":29}},"loc":{"start":{"line":92,"column":37},"end":{"line":125,"column":1}},"line":92},"6":{"name":"collectMoney","decl":{"start":{"line":127,"column":15},"end":{"line":127,"column":27}},"loc":{"start":{"line":127,"column":106},"end":{"line":145,"column":1}},"line":127},"7":{"name":"sendMoney","decl":{"start":{"line":147,"column":15},"end":{"line":147,"column":24}},"loc":{"start":{"line":147,"column":103},"end":{"line":165,"column":1}},"line":147},"8":{"name":"getCollectionDetails","decl":{"start":{"line":167,"column":15},"end":{"line":167,"column":35}},"loc":{"start":{"line":167,"column":42},"end":{"line":172,"column":1}},"line":167},"9":{"name":"getSendMoneyDetails","decl":{"start":{"line":174,"column":15},"end":{"line":174,"column":34}},"loc":{"start":{"line":174,"column":41},"end":{"line":179,"column":1}},"line":174},"10":{"name":"checkTransactionStatus","decl":{"start":{"line":181,"column":15},"end":{"line":181,"column":37}},"loc":{"start":{"line":181,"column":44},"end":{"line":186,"column":1}},"line":181},"11":{"name":"getWalletBalance","decl":{"start":{"line":188,"column":15},"end":{"line":188,"column":31}},"loc":{"start":{"line":188,"column":34},"end":{"line":193,"column":1}},"line":188},"12":{"name":"getTransactionHistory","decl":{"start":{"line":195,"column":15},"end":{"line":195,"column":36}},"loc":{"start":{"line":195,"column":50},"end":{"line":201,"column":1}},"line":195},"13":{"name":"getCollectionServices","decl":{"start":{"line":203,"column":15},"end":{"line":203,"column":36}},"loc":{"start":{"line":203,"column":39},"end":{"line":208,"column":1}},"line":203},"14":{"name":"getSendMoneyServices","decl":{"start":{"line":210,"column":15},"end":{"line":210,"column":35}},"loc":{"start":{"line":210,"column":38},"end":{"line":215,"column":1}},"line":210}},"branchMap":{"0":{"loc":{"start":{"line":10,"column":4},"end":{"line":14,"column":5}},"type":"if","locations":[{"start":{"line":10,"column":4},"end":{"line":14,"column":5}},{"start":{},"end":{}}],"line":10},"1":{"loc":{"start":{"line":10,"column":8},"end":{"line":10,"column":23}},"type":"binary-expr","locations":[{"start":{"line":10,"column":8},"end":{"line":10,"column":12}},{"start":{"line":10,"column":16},"end":{"line":10,"column":23}}],"line":10},"2":{"loc":{"start":{"line":21,"column":17},"end":{"line":21,"column":63}},"type":"binary-expr","locations":[{"start":{"line":21,"column":17},"end":{"line":21,"column":44}},{"start":{"line":21,"column":48},"end":{"line":21,"column":63}}],"line":21},"3":{"loc":{"start":{"line":38,"column":23},"end":{"line":38,"column":52}},"type":"binary-expr","locations":[{"start":{"line":38,"column":23},"end":{"line":38,"column":45}},{"start":{"line":38,"column":49},"end":{"line":38,"column":52}}],"line":38},"4":{"loc":{"start":{"line":40,"column":12},"end":{"line":42,"column":48}},"type":"binary-expr","locations":[{"start":{"line":40,"column":12},"end":{"line":40,"column":41}},{"start":{"line":41,"column":12},"end":{"line":41,"column":39}},{"start":{"line":42,"column":12},"end":{"line":42,"column":48}}],"line":40},"5":{"loc":{"start":{"line":46,"column":26},"end":{"line":46,"column":54}},"type":"binary-expr","locations":[{"start":{"line":46,"column":26},"end":{"line":46,"column":46}},{"start":{"line":46,"column":50},"end":{"line":46,"column":54}}],"line":46},"6":{"loc":{"start":{"line":52,"column":4},"end":{"line":54,"column":5}},"type":"if","locations":[{"start":{"line":52,"column":4},"end":{"line":54,"column":5}},{"start":{},"end":{}}],"line":52},"7":{"loc":{"start":{"line":52,"column":8},"end":{"line":52,"column":43}},"type":"binary-expr","locations":[{"start":{"line":52,"column":8},"end":{"line":52,"column":14}},{"start":{"line":52,"column":18},"end":{"line":52,"column":43}}],"line":52},"8":{"loc":{"start":{"line":58,"column":4},"end":{"line":60,"column":5}},"type":"if","locations":[{"start":{"line":58,"column":4},"end":{"line":60,"column":5}},{"start":{},"end":{}}],"line":58},"9":{"loc":{"start":{"line":62,"column":4},"end":{"line":64,"column":5}},"type":"if","locations":[{"start":{"line":62,"column":4},"end":{"line":64,"column":5}},{"start":{},"end":{}}],"line":62},"10":{"loc":{"start":{"line":66,"column":4},"end":{"line":68,"column":5}},"type":"if","locations":[{"start":{"line":66,"column":4},"end":{"line":68,"column":5}},{"start":{},"end":{}}],"line":66},"11":{"loc":{"start":{"line":75,"column":4},"end":{"line":77,"column":5}},"type":"if","locations":[{"start":{"line":75,"column":4},"end":{"line":77,"column":5}},{"start":{},"end":{}}],"line":75},"12":{"loc":{"start":{"line":81,"column":4},"end":{"line":83,"column":5}},"type":"if","locations":[{"start":{"line":81,"column":4},"end":{"line":83,"column":5}},{"start":{},"end":{}}],"line":81},"13":{"loc":{"start":{"line":85,"column":4},"end":{"line":87,"column":5}},"type":"if","locations":[{"start":{"line":85,"column":4},"end":{"line":87,"column":5}},{"start":{},"end":{}}],"line":85},"14":{"loc":{"start":{"line":95,"column":4},"end":{"line":101,"column":5}},"type":"if","locations":[{"start":{"line":95,"column":4},"end":{"line":101,"column":5}},{"start":{},"end":{}}],"line":95},"15":{"loc":{"start":{"line":103,"column":4},"end":{"line":109,"column":5}},"type":"if","locations":[{"start":{"line":103,"column":4},"end":{"line":109,"column":5}},{"start":{},"end":{}}],"line":103},"16":{"loc":{"start":{"line":112,"column":4},"end":{"line":118,"column":5}},"type":"if","locations":[{"start":{"line":112,"column":4},"end":{"line":118,"column":5}},{"start":{},"end":{}}],"line":112},"17":{"loc":{"start":{"line":127,"column":54},"end":{"line":127,"column":68}},"type":"default-arg","locations":[{"start":{"line":127,"column":64},"end":{"line":127,"column":68}}],"line":127},"18":{"loc":{"start":{"line":136,"column":4},"end":{"line":138,"column":5}},"type":"if","locations":[{"start":{"line":136,"column":4},"end":{"line":138,"column":5}},{"start":{},"end":{}}],"line":136},"19":{"loc":{"start":{"line":147,"column":51},"end":{"line":147,"column":65}},"type":"default-arg","locations":[{"start":{"line":147,"column":61},"end":{"line":147,"column":65}}],"line":147},"20":{"loc":{"start":{"line":156,"column":4},"end":{"line":158,"column":5}},"type":"if","locations":[{"start":{"line":156,"column":4},"end":{"line":158,"column":5}},{"start":{},"end":{}}],"line":156},"21":{"loc":{"start":{"line":195,"column":37},"end":{"line":195,"column":48}},"type":"default-arg","locations":[{"start":{"line":195,"column":46},"end":{"line":195,"column":48}}],"line":195}},"s":{"0":2,"1":2,"2":2,"3":1,"4":1,"5":1,"6":0,"7":0,"8":0,"9":1,"10":1,"11":1,"12":1,"13":1,"14":1,"15":0,"16":0,"17":0,"18":0,"19":0,"20":0,"21":8,"22":0,"23":8,"24":8,"25":2,"26":6,"27":1,"28":5,"29":4,"30":1,"31":3,"32":3,"33":0,"34":3,"35":3,"36":1,"37":2,"38":1,"39":1,"40":1,"41":1,"42":0,"43":1,"44":0,"45":1,"46":1,"47":1,"48":0,"49":1,"50":1,"51":0,"52":1,"53":0,"54":0,"55":0,"56":0,"57":0,"58":0,"59":0,"60":0,"61":0,"62":0,"63":0,"64":2},"f":{"0":1,"1":1,"2":1,"3":8,"4":3,"5":1,"6":1,"7":0,"8":0,"9":0,"10":0,"11":0,"12":0,"13":0,"14":0},"b":{"0":[0,1],"1":[1,1],"2":[1,0],"3":[0,0],"4":[0,0,0],"5":[0,0],"6":[0,8],"7":[8,8],"8":[2,6],"9":[1,5],"10":[4,1],"11":[0,3],"12":[1,2],"13":[1,1],"14":[0,1],"15":[0,1],"16":[1,0],"17":[0],"18":[0,1],"19":[0],"20":[0,0],"21":[0]},"_coverageSchema":"1a1c01bbd47fc00a2c39e90264f33305004495a9","hash":"8a3a34803b2de8175af7abb335e1600570ff3405"}
,"C:\\Users\\USER\\GFC\\backend\\services\\notificationService.js": {"path":"C:\\Users\\USER\\GFC\\backend\\services\\notificationService.js","statementMap":{"0":{"start":{"line":1,"column":21},"end":{"line":1,"column":50}},"1":{"start":{"line":2,"column":20},"end":{"line":2,"column":51}},"2":{"start":{"line":12,"column":4},"end":{"line":14,"column":5}},"3":{"start":{"line":13,"column":8},"end":{"line":13,"column":85}},"4":{"start":{"line":16,"column":4},"end":{"line":52,"column":5}},"5":{"start":{"line":17,"column":24},"end":{"line":25,"column":9}},"6":{"start":{"line":27,"column":46},"end":{"line":31,"column":21}},"7":{"start":{"line":33,"column":8},"end":{"line":35,"column":9}},"8":{"start":{"line":34,"column":12},"end":{"line":34,"column":62}},"9":{"start":{"line":37,"column":8},"end":{"line":47,"column":9}},"10":{"start":{"line":38,"column":35},"end":{"line":42,"column":25}},"11":{"start":{"line":44,"column":12},"end":{"line":46,"column":13}},"12":{"start":{"line":45,"column":16},"end":{"line":45,"column":58}},"13":{"start":{"line":49,"column":8},"end":{"line":49,"column":53}},"14":{"start":{"line":51,"column":8},"end":{"line":51,"column":58}},"15":{"start":{"line":55,"column":0},"end":{"line":57,"column":2}}},"fnMap":{"0":{"name":"createNotification","decl":{"start":{"line":4,"column":15},"end":{"line":4,"column":33}},"loc":{"start":{"line":11,"column":3},"end":{"line":53,"column":1}},"line":11}},"branchMap":{"0":{"loc":{"start":{"line":8,"column":4},"end":{"line":8,"column":19}},"type":"default-arg","locations":[{"start":{"line":8,"column":11},"end":{"line":8,"column":19}}],"line":8},"1":{"loc":{"start":{"line":9,"column":4},"end":{"line":9,"column":15}},"type":"default-arg","locations":[{"start":{"line":9,"column":11},"end":{"line":9,"column":15}}],"line":9},"2":{"loc":{"start":{"line":10,"column":4},"end":{"line":10,"column":19}},"type":"default-arg","locations":[{"start":{"line":10,"column":14},"end":{"line":10,"column":19}}],"line":10},"3":{"loc":{"start":{"line":12,"column":4},"end":{"line":14,"column":5}},"type":"if","locations":[{"start":{"line":12,"column":4},"end":{"line":14,"column":5}},{"start":{},"end":{}}],"line":12},"4":{"loc":{"start":{"line":12,"column":8},"end":{"line":12,"column":37}},"type":"binary-expr","locations":[{"start":{"line":12,"column":8},"end":{"line":12,"column":15}},{"start":{"line":12,"column":19},"end":{"line":12,"column":25}},{"start":{"line":12,"column":29},"end":{"line":12,"column":37}}],"line":12},"5":{"loc":{"start":{"line":33,"column":8},"end":{"line":35,"column":9}},"type":"if","locations":[{"start":{"line":33,"column":8},"end":{"line":35,"column":9}},{"start":{},"end":{}}],"line":33},"6":{"loc":{"start":{"line":37,"column":8},"end":{"line":47,"column":9}},"type":"if","locations":[{"start":{"line":37,"column":8},"end":{"line":47,"column":9}},{"start":{},"end":{}}],"line":37},"7":{"loc":{"start":{"line":44,"column":12},"end":{"line":46,"column":13}},"type":"if","locations":[{"start":{"line":44,"column":12},"end":{"line":46,"column":13}},{"start":{},"end":{}}],"line":44}},"s":{"0":2,"1":2,"2":1,"3":0,"4":1,"5":1,"6":1,"7":0,"8":0,"9":0,"10":0,"11":0,"12":0,"13":0,"14":1,"15":2},"f":{"0":1},"b":{"0":[0],"1":[0],"2":[1],"3":[0,1],"4":[1,1,1],"5":[0,0],"6":[0,0],"7":[0,0]},"_coverageSchema":"1a1c01bbd47fc00a2c39e90264f33305004495a9","hash":"1fa3b34306197fcb58d8b50722caccfb7e58dee7"}
}
