{"C:\\Users\\USER\\GFC\\backend\\config\\smsService.js": {"path":"C:\\Users\\USER\\GFC\\backend\\config\\smsService.js","statementMap":{"0":{"start":{"line":6,"column":14},"end":{"line":6,"column":30}},"1":{"start":{"line":12,"column":4},"end":{"line":12,"column":82}},"2":{"start":{"line":16,"column":21},"end":{"line":16,"column":85}},"3":{"start":{"line":18,"column":8},"end":{"line":20,"column":40}},"4":{"start":{"line":22,"column":4},"end":{"line":25,"column":6}},"5":{"start":{"line":29,"column":4},"end":{"line":31,"column":5}},"6":{"start":{"line":30,"column":8},"end":{"line":30,"column":47}},"7":{"start":{"line":32,"column":4},"end":{"line":32,"column":25}},"8":{"start":{"line":36,"column":33},"end":{"line":36,"column":52}},"9":{"start":{"line":38,"column":4},"end":{"line":40,"column":5}},"10":{"start":{"line":39,"column":8},"end":{"line":39,"column":20}},"11":{"start":{"line":42,"column":4},"end":{"line":54,"column":5}},"12":{"start":{"line":43,"column":8},"end":{"line":53,"column":9}},"13":{"start":{"line":44,"column":27},"end":{"line":44,"column":44}},"14":{"start":{"line":45,"column":33},"end":{"line":45,"column":39}},"15":{"start":{"line":46,"column":12},"end":{"line":48,"column":13}},"16":{"start":{"line":47,"column":16},"end":{"line":47,"column":38}},"17":{"start":{"line":49,"column":12},"end":{"line":49,"column":66}},"18":{"start":{"line":51,"column":12},"end":{"line":51,"column":97}},"19":{"start":{"line":52,"column":12},"end":{"line":52,"column":24}},"20":{"start":{"line":56,"column":4},"end":{"line":56,"column":23}},"21":{"start":{"line":60,"column":4},"end":{"line":62,"column":48}},"22":{"start":{"line":66,"column":33},"end":{"line":66,"column":52}},"23":{"start":{"line":67,"column":21},"end":{"line":67,"column":62}},"24":{"start":{"line":69,"column":20},"end":{"line":81,"column":5}},"25":{"start":{"line":75,"column":45},"end":{"line":80,"column":9}},"26":{"start":{"line":83,"column":21},"end":{"line":89,"column":6}},"27":{"start":{"line":91,"column":4},"end":{"line":91,"column":25}},"28":{"start":{"line":95,"column":4},"end":{"line":95,"column":32}},"29":{"start":{"line":95,"column":22},"end":{"line":95,"column":32}},"30":{"start":{"line":96,"column":4},"end":{"line":96,"column":43}},"31":{"start":{"line":100,"column":19},"end":{"line":100,"column":46}},"32":{"start":{"line":101,"column":27},"end":{"line":105,"column":28}},"33":{"start":{"line":103,"column":20},"end":{"line":103,"column":28}},"34":{"start":{"line":107,"column":4},"end":{"line":109,"column":5}},"35":{"start":{"line":108,"column":8},"end":{"line":108,"column":30}},"36":{"start":{"line":111,"column":4},"end":{"line":111,"column":55}},"37":{"start":{"line":121,"column":16},"end":{"line":121,"column":30}},"38":{"start":{"line":122,"column":33},"end":{"line":122,"column":52}},"39":{"start":{"line":123,"column":4},"end":{"line":126,"column":5}},"40":{"start":{"line":124,"column":8},"end":{"line":124,"column":94}},"41":{"start":{"line":125,"column":8},"end":{"line":125,"column":73}},"42":{"start":{"line":128,"column":4},"end":{"line":165,"column":5}},"43":{"start":{"line":129,"column":27},"end":{"line":129,"column":57}},"44":{"start":{"line":130,"column":8},"end":{"line":132,"column":9}},"45":{"start":{"line":131,"column":12},"end":{"line":131,"column":72}},"46":{"start":{"line":134,"column":8},"end":{"line":152,"column":9}},"47":{"start":{"line":135,"column":27},"end":{"line":135,"column":44}},"48":{"start":{"line":136,"column":31},"end":{"line":136,"column":37}},"49":{"start":{"line":137,"column":29},"end":{"line":137,"column":61}},"50":{"start":{"line":138,"column":29},"end":{"line":138,"column":71}},"51":{"start":{"line":139,"column":12},"end":{"line":139,"column":71}},"52":{"start":{"line":141,"column":30},"end":{"line":141,"column":78}},"53":{"start":{"line":142,"column":12},"end":{"line":151,"column":13}},"54":{"start":{"line":143,"column":36},"end":{"line":143,"column":104}},"55":{"start":{"line":144,"column":16},"end":{"line":150,"column":18}},"56":{"start":{"line":154,"column":8},"end":{"line":154,"column":74}},"57":{"start":{"line":155,"column":8},"end":{"line":158,"column":10}},"58":{"start":{"line":160,"column":8},"end":{"line":160,"column":57}},"59":{"start":{"line":161,"column":8},"end":{"line":164,"column":10}},"60":{"start":{"line":175,"column":16},"end":{"line":175,"column":30}},"61":{"start":{"line":176,"column":33},"end":{"line":176,"column":52}},"62":{"start":{"line":177,"column":4},"end":{"line":180,"column":5}},"63":{"start":{"line":178,"column":8},"end":{"line":178,"column":63}},"64":{"start":{"line":179,"column":8},"end":{"line":179,"column":73}},"65":{"start":{"line":182,"column":4},"end":{"line":216,"column":5}},"66":{"start":{"line":183,"column":27},"end":{"line":183,"column":75}},"67":{"start":{"line":185,"column":8},"end":{"line":203,"column":9}},"68":{"start":{"line":186,"column":27},"end":{"line":186,"column":44}},"69":{"start":{"line":187,"column":31},"end":{"line":187,"column":37}},"70":{"start":{"line":188,"column":29},"end":{"line":188,"column":58}},"71":{"start":{"line":189,"column":29},"end":{"line":189,"column":71}},"72":{"start":{"line":190,"column":12},"end":{"line":190,"column":71}},"73":{"start":{"line":192,"column":30},"end":{"line":192,"column":78}},"74":{"start":{"line":193,"column":12},"end":{"line":202,"column":13}},"75":{"start":{"line":194,"column":36},"end":{"line":194,"column":104}},"76":{"start":{"line":195,"column":16},"end":{"line":201,"column":18}},"77":{"start":{"line":205,"column":8},"end":{"line":205,"column":87}},"78":{"start":{"line":206,"column":8},"end":{"line":209,"column":10}},"79":{"start":{"line":211,"column":8},"end":{"line":211,"column":62}},"80":{"start":{"line":212,"column":8},"end":{"line":215,"column":10}},"81":{"start":{"line":219,"column":0},"end":{"line":222,"column":2}}},"fnMap":{"0":{"name":"isSandboxEnabled","decl":{"start":{"line":11,"column":9},"end":{"line":11,"column":25}},"loc":{"start":{"line":11,"column":28},"end":{"line":13,"column":1}},"line":11},"1":{"name":"getSmsCredentials","decl":{"start":{"line":15,"column":9},"end":{"line":15,"column":26}},"loc":{"start":{"line":15,"column":29},"end":{"line":26,"column":1}},"line":15},"2":{"name":"getSdkLib","decl":{"start":{"line":28,"column":15},"end":{"line":28,"column":24}},"loc":{"start":{"line":28,"column":27},"end":{"line":33,"column":1}},"line":28},"3":{"name":"getSdk","decl":{"start":{"line":35,"column":15},"end":{"line":35,"column":21}},"loc":{"start":{"line":35,"column":24},"end":{"line":57,"column":1}},"line":35},"4":{"name":"getEgoApiUrl","decl":{"start":{"line":59,"column":9},"end":{"line":59,"column":21}},"loc":{"start":{"line":59,"column":24},"end":{"line":63,"column":1}},"line":59},"5":{"name":"sendViaDirectApi","decl":{"start":{"line":65,"column":15},"end":{"line":65,"column":31}},"loc":{"start":{"line":65,"column":69},"end":{"line":92,"column":1}},"line":65},"6":{"name":"(anonymous_6)","decl":{"start":{"line":75,"column":32},"end":{"line":75,"column":33}},"loc":{"start":{"line":75,"column":45},"end":{"line":80,"column":9}},"line":75},"7":{"name":"normalizePhone","decl":{"start":{"line":94,"column":9},"end":{"line":94,"column":23}},"loc":{"start":{"line":94,"column":37},"end":{"line":97,"column":1}},"line":94},"8":{"name":"resolveRecipients","decl":{"start":{"line":99,"column":9},"end":{"line":99,"column":26}},"loc":{"start":{"line":99,"column":40},"end":{"line":112,"column":1}},"line":99},"9":{"name":"(anonymous_9)","decl":{"start":{"line":103,"column":13},"end":{"line":103,"column":14}},"loc":{"start":{"line":103,"column":20},"end":{"line":103,"column":28}},"line":103},"10":{"name":"sendSMS","decl":{"start":{"line":120,"column":15},"end":{"line":120,"column":22}},"loc":{"start":{"line":120,"column":45},"end":{"line":166,"column":1}},"line":120},"11":{"name":"sendBulkSMS","decl":{"start":{"line":174,"column":15},"end":{"line":174,"column":26}},"loc":{"start":{"line":174,"column":50},"end":{"line":217,"column":1}},"line":174}},"branchMap":{"0":{"loc":{"start":{"line":12,"column":18},"end":{"line":12,"column":55}},"type":"binary-expr","locations":[{"start":{"line":12,"column":18},"end":{"line":12,"column":49}},{"start":{"line":12,"column":53},"end":{"line":12,"column":55}}],"line":12},"1":{"loc":{"start":{"line":16,"column":21},"end":{"line":16,"column":85}},"type":"binary-expr","locations":[{"start":{"line":16,"column":21},"end":{"line":16,"column":53}},{"start":{"line":16,"column":57},"end":{"line":16,"column":85}}],"line":16},"2":{"loc":{"start":{"line":18,"column":8},"end":{"line":20,"column":40}},"type":"binary-expr","locations":[{"start":{"line":18,"column":8},"end":{"line":18,"column":35}},{"start":{"line":19,"column":8},"end":{"line":19,"column":36}},{"start":{"line":20,"column":8},"end":{"line":20,"column":40}}],"line":18},"3":{"loc":{"start":{"line":29,"column":4},"end":{"line":31,"column":5}},"type":"if","locations":[{"start":{"line":29,"column":4},"end":{"line":31,"column":5}},{"start":{},"end":{}}],"line":29},"4":{"loc":{"start":{"line":38,"column":4},"end":{"line":40,"column":5}},"type":"if","locations":[{"start":{"line":38,"column":4},"end":{"line":40,"column":5}},{"start":{},"end":{}}],"line":38},"5":{"loc":{"start":{"line":38,"column":8},"end":{"line":38,"column":28}},"type":"binary-expr","locations":[{"start":{"line":38,"column":8},"end":{"line":38,"column":17}},{"start":{"line":38,"column":21},"end":{"line":38,"column":28}}],"line":38},"6":{"loc":{"start":{"line":42,"column":4},"end":{"line":54,"column":5}},"type":"if","locations":[{"start":{"line":42,"column":4},"end":{"line":54,"column":5}},{"start":{},"end":{}}],"line":42},"7":{"loc":{"start":{"line":46,"column":12},"end":{"line":48,"column":13}},"type":"if","locations":[{"start":{"line":46,"column":12},"end":{"line":48,"column":13}},{"start":{},"end":{}}],"line":46},"8":{"loc":{"start":{"line":60,"column":11},"end":{"line":62,"column":47}},"type":"cond-expr","locations":[{"start":{"line":61,"column":10},"end":{"line":61,"column":54}},{"start":{"line":62,"column":10},"end":{"line":62,"column":47}}],"line":60},"9":{"loc":{"start":{"line":65,"column":53},"end":{"line":65,"column":67}},"type":"default-arg","locations":[{"start":{"line":65,"column":64},"end":{"line":65,"column":67}}],"line":65},"10":{"loc":{"start":{"line":67,"column":21},"end":{"line":67,"column":62}},"type":"binary-expr","locations":[{"start":{"line":67,"column":21},"end":{"line":67,"column":50}},{"start":{"line":67,"column":54},"end":{"line":67,"column":62}}],"line":67},"11":{"loc":{"start":{"line":95,"column":4},"end":{"line":95,"column":32}},"type":"if","locations":[{"start":{"line":95,"column":4},"end":{"line":95,"column":32}},{"start":{},"end":{}}],"line":95},"12":{"loc":{"start":{"line":101,"column":28},"end":{"line":101,"column":66}},"type":"binary-expr","locations":[{"start":{"line":101,"column":28},"end":{"line":101,"column":60}},{"start":{"line":101,"column":64},"end":{"line":101,"column":66}}],"line":101},"13":{"loc":{"start":{"line":107,"column":4},"end":{"line":109,"column":5}},"type":"if","locations":[{"start":{"line":107,"column":4},"end":{"line":109,"column":5}},{"start":{},"end":{}}],"line":107},"14":{"loc":{"start":{"line":107,"column":8},"end":{"line":107,"column":83}},"type":"binary-expr","locations":[{"start":{"line":107,"column":8},"end":{"line":107,"column":54}},{"start":{"line":107,"column":58},"end":{"line":107,"column":83}}],"line":107},"15":{"loc":{"start":{"line":123,"column":4},"end":{"line":126,"column":5}},"type":"if","locations":[{"start":{"line":123,"column":4},"end":{"line":126,"column":5}},{"start":{},"end":{}}],"line":123},"16":{"loc":{"start":{"line":123,"column":8},"end":{"line":123,"column":28}},"type":"binary-expr","locations":[{"start":{"line":123,"column":8},"end":{"line":123,"column":17}},{"start":{"line":123,"column":21},"end":{"line":123,"column":28}}],"line":123},"17":{"loc":{"start":{"line":130,"column":8},"end":{"line":132,"column":9}},"type":"if","locations":[{"start":{"line":130,"column":8},"end":{"line":132,"column":9}},{"start":{},"end":{}}],"line":130},"18":{"loc":{"start":{"line":134,"column":8},"end":{"line":152,"column":9}},"type":"if","locations":[{"start":{"line":134,"column":8},"end":{"line":152,"column":9}},{"start":{"line":140,"column":15},"end":{"line":152,"column":9}}],"line":134},"19":{"loc":{"start":{"line":138,"column":29},"end":{"line":138,"column":71}},"type":"binary-expr","locations":[{"start":{"line":138,"column":29},"end":{"line":138,"column":58}},{"start":{"line":138,"column":62},"end":{"line":138,"column":71}}],"line":138},"20":{"loc":{"start":{"line":142,"column":12},"end":{"line":151,"column":13}},"type":"if","locations":[{"start":{"line":142,"column":12},"end":{"line":151,"column":13}},{"start":{},"end":{}}],"line":142},"21":{"loc":{"start":{"line":143,"column":78},"end":{"line":143,"column":102}},"type":"binary-expr","locations":[{"start":{"line":143,"column":78},"end":{"line":143,"column":96}},{"start":{"line":143,"column":100},"end":{"line":143,"column":102}}],"line":143},"22":{"loc":{"start":{"line":146,"column":27},"end":{"line":148,"column":76}},"type":"cond-expr","locations":[{"start":{"line":147,"column":26},"end":{"line":147,"column":175}},{"start":{"line":148,"column":26},"end":{"line":148,"column":76}}],"line":146},"23":{"loc":{"start":{"line":147,"column":59},"end":{"line":147,"column":104}},"type":"cond-expr","locations":[{"start":{"line":147,"column":80},"end":{"line":147,"column":89}},{"start":{"line":147,"column":92},"end":{"line":147,"column":104}}],"line":147},"24":{"loc":{"start":{"line":148,"column":26},"end":{"line":148,"column":76}},"type":"binary-expr","locations":[{"start":{"line":148,"column":26},"end":{"line":148,"column":44}},{"start":{"line":148,"column":48},"end":{"line":148,"column":76}}],"line":148},"25":{"loc":{"start":{"line":177,"column":4},"end":{"line":180,"column":5}},"type":"if","locations":[{"start":{"line":177,"column":4},"end":{"line":180,"column":5}},{"start":{},"end":{}}],"line":177},"26":{"loc":{"start":{"line":177,"column":8},"end":{"line":177,"column":28}},"type":"binary-expr","locations":[{"start":{"line":177,"column":8},"end":{"line":177,"column":17}},{"start":{"line":177,"column":21},"end":{"line":177,"column":28}}],"line":177},"27":{"loc":{"start":{"line":185,"column":8},"end":{"line":203,"column":9}},"type":"if","locations":[{"start":{"line":185,"column":8},"end":{"line":203,"column":9}},{"start":{"line":191,"column":15},"end":{"line":203,"column":9}}],"line":185},"28":{"loc":{"start":{"line":189,"column":29},"end":{"line":189,"column":71}},"type":"binary-expr","locations":[{"start":{"line":189,"column":29},"end":{"line":189,"column":58}},{"start":{"line":189,"column":62},"end":{"line":189,"column":71}}],"line":189},"29":{"loc":{"start":{"line":193,"column":12},"end":{"line":202,"column":13}},"type":"if","locations":[{"start":{"line":193,"column":12},"end":{"line":202,"column":13}},{"start":{},"end":{}}],"line":193},"30":{"loc":{"start":{"line":194,"column":78},"end":{"line":194,"column":102}},"type":"binary-expr","locations":[{"start":{"line":194,"column":78},"end":{"line":194,"column":96}},{"start":{"line":194,"column":100},"end":{"line":194,"column":102}}],"line":194},"31":{"loc":{"start":{"line":197,"column":27},"end":{"line":199,"column":81}},"type":"cond-expr","locations":[{"start":{"line":198,"column":26},"end":{"line":198,"column":175}},{"start":{"line":199,"column":26},"end":{"line":199,"column":81}}],"line":197},"32":{"loc":{"start":{"line":198,"column":59},"end":{"line":198,"column":104}},"type":"cond-expr","locations":[{"start":{"line":198,"column":80},"end":{"line":198,"column":89}},{"start":{"line":198,"column":92},"end":{"line":198,"column":104}}],"line":198},"33":{"loc":{"start":{"line":199,"column":26},"end":{"line":199,"column":81}},"type":"binary-expr","locations":[{"start":{"line":199,"column":26},"end":{"line":199,"column":44}},{"start":{"line":199,"column":48},"end":{"line":199,"column":81}}],"line":199}},"s":{"0":2,"1":0,"2":0,"3":0,"4":0,"5":0,"6":0,"7":0,"8":0,"9":0,"10":0,"11":0,"12":0,"13":0,"14":0,"15":0,"16":0,"17":0,"18":0,"19":0,"20":0,"21":0,"22":0,"23":0,"24":0,"25":0,"26":0,"27":0,"28":0,"29":0,"30":0,"31":0,"32":0,"33":0,"34":0,"35":0,"36":0,"37":0,"38":0,"39":0,"40":0,"41":0,"42":0,"43":0,"44":0,"45":0,"46":0,"47":0,"48":0,"49":0,"50":0,"51":0,"52":0,"53":0,"54":0,"55":0,"56":0,"57":0,"58":0,"59":0,"60":0,"61":0,"62":0,"63":0,"64":0,"65":0,"66":0,"67":0,"68":0,"69":0,"70":0,"71":0,"72":0,"73":0,"74":0,"75":0,"76":0,"77":0,"78":0,"79":0,"80":0,"81":2},"f":{"0":0,"1":0,"2":0,"3":0,"4":0,"5":0,"6":0,"7":0,"8":0,"9":0,"10":0,"11":0},"b":{"0":[0,0],"1":[0,0],"2":[0,0,0],"3":[0,0],"4":[0,0],"5":[0,0],"6":[0,0],"7":[0,0],"8":[0,0],"9":[0],"10":[0,0],"11":[0,0],"12":[0,0],"13":[0,0],"14":[0,0],"15":[0,0],"16":[0,0],"17":[0,0],"18":[0,0],"19":[0,0],"20":[0,0],"21":[0,0],"22":[0,0],"23":[0,0],"24":[0,0],"25":[0,0],"26":[0,0],"27":[0,0],"28":[0,0],"29":[0,0],"30":[0,0],"31":[0,0],"32":[0,0],"33":[0,0]},"_coverageSchema":"1a1c01bbd47fc00a2c39e90264f33305004495a9","hash":"c1c2790d340467156215f9dbf99d80fbda2bc662"}
,"C:\\Users\\USER\\GFC\\backend\\controllers\\paymentController.js": {"path":"C:\\Users\\USER\\GFC\\backend\\controllers\\paymentController.js","statementMap":{"0":{"start":{"line":1,"column":12},"end":{"line":1,"column":26}},"1":{"start":{"line":2,"column":23},"end":{"line":2,"column":40}},"2":{"start":{"line":3,"column":23},"end":{"line":3,"column":60}},"3":{"start":{"line":4,"column":21},"end":{"line":4,"column":50}},"4":{"start":{"line":5,"column":31},"end":{"line":5,"column":73}},"5":{"start":{"line":7,"column":19},"end":{"line":7,"column":64}},"6":{"start":{"line":8,"column":19},"end":{"line":8,"column":27}},"7":{"start":{"line":10,"column":30},"end":{"line":14,"column":2}},"8":{"start":{"line":16,"column":28},"end":{"line":18,"column":2}},"9":{"start":{"line":21,"column":23},"end":{"line":21,"column":57}},"10":{"start":{"line":23,"column":4},"end":{"line":25,"column":5}},"11":{"start":{"line":24,"column":8},"end":{"line":24,"column":27}},"12":{"start":{"line":27,"column":4},"end":{"line":29,"column":5}},"13":{"start":{"line":28,"column":8},"end":{"line":28,"column":24}},"14":{"start":{"line":31,"column":4},"end":{"line":33,"column":5}},"15":{"start":{"line":32,"column":8},"end":{"line":32,"column":25}},"16":{"start":{"line":35,"column":4},"end":{"line":35,"column":21}},"17":{"start":{"line":39,"column":4},"end":{"line":41,"column":5}},"18":{"start":{"line":40,"column":8},"end":{"line":40,"column":28}},"19":{"start":{"line":43,"column":4},"end":{"line":45,"column":5}},"20":{"start":{"line":44,"column":8},"end":{"line":44,"column":24}},"21":{"start":{"line":47,"column":4},"end":{"line":47,"column":21}},"22":{"start":{"line":51,"column":17},"end":{"line":51,"column":30}},"23":{"start":{"line":52,"column":17},"end":{"line":52,"column":32}},"24":{"start":{"line":53,"column":24},"end":{"line":53,"column":66}},"25":{"start":{"line":56,"column":8},"end":{"line":61,"column":17}},"26":{"start":{"line":64,"column":8},"end":{"line":73,"column":12}},"27":{"start":{"line":76,"column":8},"end":{"line":81,"column":12}},"28":{"start":{"line":83,"column":4},"end":{"line":88,"column":6}},"29":{"start":{"line":92,"column":17},"end":{"line":92,"column":30}},"30":{"start":{"line":93,"column":17},"end":{"line":93,"column":32}},"31":{"start":{"line":96,"column":8},"end":{"line":101,"column":28}},"32":{"start":{"line":104,"column":8},"end":{"line":110,"column":12}},"33":{"start":{"line":113,"column":8},"end":{"line":119,"column":17}},"34":{"start":{"line":121,"column":4},"end":{"line":121,"column":59}},"35":{"start":{"line":125,"column":17},"end":{"line":125,"column":101}},"36":{"start":{"line":126,"column":4},"end":{"line":127,"column":77}},"37":{"start":{"line":131,"column":20},"end":{"line":133,"column":33}},"38":{"start":{"line":135,"column":4},"end":{"line":137,"column":5}},"39":{"start":{"line":136,"column":8},"end":{"line":136,"column":15}},"40":{"start":{"line":139,"column":4},"end":{"line":141,"column":5}},"41":{"start":{"line":140,"column":8},"end":{"line":140,"column":20}},"42":{"start":{"line":143,"column":28},"end":{"line":143,"column":49}},"43":{"start":{"line":144,"column":4},"end":{"line":144,"column":46}},"44":{"start":{"line":146,"column":27},"end":{"line":148,"column":34}},"45":{"start":{"line":150,"column":4},"end":{"line":152,"column":5}},"46":{"start":{"line":151,"column":8},"end":{"line":151,"column":35}},"47":{"start":{"line":156,"column":57},"end":{"line":161,"column":22}},"48":{"start":{"line":163,"column":4},"end":{"line":165,"column":5}},"49":{"start":{"line":164,"column":8},"end":{"line":164,"column":33}},"50":{"start":{"line":167,"column":4},"end":{"line":169,"column":5}},"51":{"start":{"line":168,"column":8},"end":{"line":168,"column":20}},"52":{"start":{"line":171,"column":25},"end":{"line":171,"column":57}},"53":{"start":{"line":172,"column":29},"end":{"line":172,"column":58}},"54":{"start":{"line":174,"column":26},"end":{"line":180,"column":5}},"55":{"start":{"line":182,"column":4},"end":{"line":184,"column":5}},"56":{"start":{"line":183,"column":8},"end":{"line":183,"column":55}},"57":{"start":{"line":186,"column":30},"end":{"line":191,"column":17}},"58":{"start":{"line":193,"column":4},"end":{"line":203,"column":5}},"59":{"start":{"line":194,"column":37},"end":{"line":194,"column":57}},"60":{"start":{"line":195,"column":8},"end":{"line":195,"column":55}},"61":{"start":{"line":197,"column":8},"end":{"line":202,"column":22}},"62":{"start":{"line":205,"column":4},"end":{"line":207,"column":5}},"63":{"start":{"line":206,"column":8},"end":{"line":206,"column":40}},"64":{"start":{"line":209,"column":62},"end":{"line":213,"column":17}},"65":{"start":{"line":215,"column":4},"end":{"line":217,"column":5}},"66":{"start":{"line":216,"column":8},"end":{"line":216,"column":32}},"67":{"start":{"line":219,"column":27},"end":{"line":219,"column":39}},"68":{"start":{"line":221,"column":41},"end":{"line":227,"column":36}},"69":{"start":{"line":229,"column":4},"end":{"line":231,"column":5}},"70":{"start":{"line":230,"column":8},"end":{"line":230,"column":32}},"71":{"start":{"line":233,"column":4},"end":{"line":240,"column":6}},"72":{"start":{"line":244,"column":21},"end":{"line":244,"column":25}},"73":{"start":{"line":245,"column":25},"end":{"line":245,"column":57}},"74":{"start":{"line":247,"column":22},"end":{"line":252,"column":6}},"75":{"start":{"line":254,"column":4},"end":{"line":270,"column":5}},"76":{"start":{"line":255,"column":8},"end":{"line":255,"column":39}},"77":{"start":{"line":257,"column":28},"end":{"line":258,"column":72}},"78":{"start":{"line":260,"column":8},"end":{"line":262,"column":9}},"79":{"start":{"line":261,"column":12},"end":{"line":261,"column":34}},"80":{"start":{"line":264,"column":8},"end":{"line":269,"column":11}},"81":{"start":{"line":272,"column":4},"end":{"line":272,"column":22}},"82":{"start":{"line":276,"column":4},"end":{"line":422,"column":5}},"83":{"start":{"line":277,"column":33},"end":{"line":277,"column":73}},"84":{"start":{"line":278,"column":8},"end":{"line":280,"column":9}},"85":{"start":{"line":279,"column":12},"end":{"line":279,"column":95}},"86":{"start":{"line":282,"column":23},"end":{"line":282,"column":63}},"87":{"start":{"line":283,"column":8},"end":{"line":285,"column":9}},"88":{"start":{"line":284,"column":12},"end":{"line":284,"column":113}},"89":{"start":{"line":287,"column":31},"end":{"line":287,"column":76}},"90":{"start":{"line":288,"column":32},"end":{"line":288,"column":80}},"91":{"start":{"line":290,"column":8},"end":{"line":295,"column":9}},"92":{"start":{"line":291,"column":12},"end":{"line":294,"column":15}},"93":{"start":{"line":297,"column":8},"end":{"line":302,"column":9}},"94":{"start":{"line":298,"column":12},"end":{"line":301,"column":15}},"95":{"start":{"line":304,"column":51},"end":{"line":309,"column":21}},"96":{"start":{"line":311,"column":8},"end":{"line":313,"column":9}},"97":{"start":{"line":312,"column":12},"end":{"line":312,"column":88}},"98":{"start":{"line":315,"column":23},"end":{"line":315,"column":51}},"99":{"start":{"line":316,"column":8},"end":{"line":321,"column":9}},"100":{"start":{"line":317,"column":12},"end":{"line":320,"column":15}},"101":{"start":{"line":323,"column":45},"end":{"line":328,"column":26}},"102":{"start":{"line":330,"column":8},"end":{"line":332,"column":9}},"103":{"start":{"line":331,"column":12},"end":{"line":331,"column":94}},"104":{"start":{"line":334,"column":31},"end":{"line":334,"column":43}},"105":{"start":{"line":335,"column":32},"end":{"line":335,"column":70}},"106":{"start":{"line":336,"column":29},"end":{"line":336,"column":100}},"107":{"start":{"line":338,"column":12},"end":{"line":339,"column":88}},"108":{"start":{"line":341,"column":29},"end":{"line":348,"column":10}},"109":{"start":{"line":351,"column":12},"end":{"line":357,"column":16}},"110":{"start":{"line":360,"column":12},"end":{"line":363,"column":21}},"111":{"start":{"line":364,"column":35},"end":{"line":364,"column":67}},"112":{"start":{"line":365,"column":30},"end":{"line":365,"column":65}},"113":{"start":{"line":367,"column":8},"end":{"line":381,"column":11}},"114":{"start":{"line":383,"column":44},"end":{"line":388,"column":36}},"115":{"start":{"line":390,"column":8},"end":{"line":392,"column":9}},"116":{"start":{"line":391,"column":12},"end":{"line":391,"column":35}},"117":{"start":{"line":394,"column":8},"end":{"line":404,"column":11}},"118":{"start":{"line":406,"column":8},"end":{"line":415,"column":11}},"119":{"start":{"line":417,"column":8},"end":{"line":417,"column":84}},"120":{"start":{"line":418,"column":8},"end":{"line":421,"column":11}},"121":{"start":{"line":426,"column":4},"end":{"line":500,"column":5}},"122":{"start":{"line":427,"column":64},"end":{"line":427,"column":95}},"123":{"start":{"line":429,"column":8},"end":{"line":431,"column":9}},"124":{"start":{"line":430,"column":12},"end":{"line":430,"column":109}},"125":{"start":{"line":433,"column":27},"end":{"line":438,"column":10}},"126":{"start":{"line":440,"column":8},"end":{"line":445,"column":9}},"127":{"start":{"line":441,"column":12},"end":{"line":444,"column":15}},"128":{"start":{"line":447,"column":8},"end":{"line":454,"column":11}},"129":{"start":{"line":456,"column":37},"end":{"line":460,"column":26}},"130":{"start":{"line":462,"column":8},"end":{"line":483,"column":9}},"131":{"start":{"line":463,"column":30},"end":{"line":463,"column":76}},"132":{"start":{"line":464,"column":29},"end":{"line":464,"column":71}},"133":{"start":{"line":466,"column":12},"end":{"line":482,"column":15}},"134":{"start":{"line":485,"column":8},"end":{"line":493,"column":11}},"135":{"start":{"line":495,"column":8},"end":{"line":495,"column":82}},"136":{"start":{"line":496,"column":8},"end":{"line":499,"column":11}},"137":{"start":{"line":504,"column":19},"end":{"line":508,"column":67}},"138":{"start":{"line":510,"column":29},"end":{"line":510,"column":60}},"139":{"start":{"line":511,"column":4},"end":{"line":513,"column":5}},"140":{"start":{"line":512,"column":8},"end":{"line":512,"column":91}},"141":{"start":{"line":515,"column":4},"end":{"line":588,"column":5}},"142":{"start":{"line":516,"column":27},"end":{"line":518,"column":99}},"143":{"start":{"line":520,"column":8},"end":{"line":526,"column":9}},"144":{"start":{"line":521,"column":12},"end":{"line":521,"column":126}},"145":{"start":{"line":522,"column":15},"end":{"line":526,"column":9}},"146":{"start":{"line":523,"column":12},"end":{"line":523,"column":142}},"147":{"start":{"line":525,"column":12},"end":{"line":525,"column":82}},"148":{"start":{"line":528,"column":55},"end":{"line":528,"column":96}},"149":{"start":{"line":529,"column":8},"end":{"line":531,"column":9}},"150":{"start":{"line":530,"column":12},"end":{"line":530,"column":31}},"151":{"start":{"line":533,"column":8},"end":{"line":535,"column":9}},"152":{"start":{"line":534,"column":12},"end":{"line":534,"column":113}},"153":{"start":{"line":537,"column":29},"end":{"line":537,"column":74}},"154":{"start":{"line":538,"column":30},"end":{"line":538,"column":34}},"155":{"start":{"line":540,"column":8},"end":{"line":550,"column":9}},"156":{"start":{"line":541,"column":12},"end":{"line":541,"column":88}},"157":{"start":{"line":543,"column":28},"end":{"line":545,"column":14}},"158":{"start":{"line":547,"column":12},"end":{"line":549,"column":26}},"159":{"start":{"line":552,"column":26},"end":{"line":552,"column":69}},"160":{"start":{"line":553,"column":40},"end":{"line":553,"column":110}},"161":{"start":{"line":555,"column":8},"end":{"line":557,"column":9}},"162":{"start":{"line":556,"column":12},"end":{"line":556,"column":114}},"163":{"start":{"line":559,"column":27},"end":{"line":564,"column":10}},"164":{"start":{"line":566,"column":8},"end":{"line":568,"column":9}},"165":{"start":{"line":567,"column":12},"end":{"line":567,"column":127}},"166":{"start":{"line":570,"column":8},"end":{"line":582,"column":11}},"167":{"start":{"line":584,"column":8},"end":{"line":587,"column":11}},"168":{"start":{"line":592,"column":19},"end":{"line":595,"column":41}},"169":{"start":{"line":597,"column":29},"end":{"line":597,"column":60}},"170":{"start":{"line":598,"column":4},"end":{"line":600,"column":5}},"171":{"start":{"line":599,"column":8},"end":{"line":599,"column":91}},"172":{"start":{"line":602,"column":4},"end":{"line":688,"column":5}},"173":{"start":{"line":603,"column":27},"end":{"line":607,"column":21}},"174":{"start":{"line":609,"column":8},"end":{"line":611,"column":9}},"175":{"start":{"line":610,"column":12},"end":{"line":610,"column":126}},"176":{"start":{"line":613,"column":8},"end":{"line":615,"column":9}},"177":{"start":{"line":614,"column":12},"end":{"line":614,"column":73}},"178":{"start":{"line":617,"column":8},"end":{"line":619,"column":9}},"179":{"start":{"line":618,"column":12},"end":{"line":618,"column":71}},"180":{"start":{"line":621,"column":52},"end":{"line":621,"column":70}},"181":{"start":{"line":622,"column":8},"end":{"line":624,"column":9}},"182":{"start":{"line":623,"column":12},"end":{"line":623,"column":31}},"183":{"start":{"line":626,"column":24},"end":{"line":626,"column":60}},"184":{"start":{"line":627,"column":8},"end":{"line":629,"column":9}},"185":{"start":{"line":628,"column":12},"end":{"line":628,"column":90}},"186":{"start":{"line":631,"column":29},"end":{"line":631,"column":51}},"187":{"start":{"line":632,"column":30},"end":{"line":632,"column":34}},"188":{"start":{"line":634,"column":8},"end":{"line":640,"column":9}},"189":{"start":{"line":635,"column":12},"end":{"line":639,"column":13}},"190":{"start":{"line":636,"column":16},"end":{"line":636,"column":92}},"191":{"start":{"line":638,"column":16},"end":{"line":638,"column":39}},"192":{"start":{"line":642,"column":8},"end":{"line":650,"column":9}},"193":{"start":{"line":643,"column":28},"end":{"line":645,"column":14}},"194":{"start":{"line":647,"column":12},"end":{"line":649,"column":26}},"195":{"start":{"line":652,"column":26},"end":{"line":652,"column":69}},"196":{"start":{"line":653,"column":40},"end":{"line":653,"column":110}},"197":{"start":{"line":655,"column":8},"end":{"line":657,"column":9}},"198":{"start":{"line":656,"column":12},"end":{"line":656,"column":114}},"199":{"start":{"line":659,"column":27},"end":{"line":664,"column":10}},"200":{"start":{"line":666,"column":8},"end":{"line":668,"column":9}},"201":{"start":{"line":667,"column":12},"end":{"line":667,"column":101}},"202":{"start":{"line":670,"column":8},"end":{"line":682,"column":11}},"203":{"start":{"line":684,"column":8},"end":{"line":687,"column":11}},"204":{"start":{"line":692,"column":29},"end":{"line":692,"column":67}},"205":{"start":{"line":693,"column":4},"end":{"line":695,"column":5}},"206":{"start":{"line":694,"column":8},"end":{"line":694,"column":91}},"207":{"start":{"line":697,"column":23},"end":{"line":697,"column":71}},"208":{"start":{"line":699,"column":4},"end":{"line":705,"column":7}},"209":{"start":{"line":709,"column":4},"end":{"line":719,"column":5}},"210":{"start":{"line":710,"column":24},"end":{"line":710,"column":63}},"211":{"start":{"line":711,"column":8},"end":{"line":711,"column":58}},"212":{"start":{"line":714,"column":12},"end":{"line":716,"column":67}},"213":{"start":{"line":718,"column":8},"end":{"line":718,"column":85}},"214":{"start":{"line":723,"column":4},"end":{"line":731,"column":5}},"215":{"start":{"line":724,"column":29},"end":{"line":724,"column":88}},"216":{"start":{"line":725,"column":8},"end":{"line":725,"column":63}},"217":{"start":{"line":727,"column":8},"end":{"line":730,"column":11}},"218":{"start":{"line":734,"column":0},"end":{"line":743,"column":2}}},"fnMap":{"0":{"name":"mapMarzPayStatus","decl":{"start":{"line":20,"column":9},"end":{"line":20,"column":25}},"loc":{"start":{"line":20,"column":34},"end":{"line":36,"column":1}},"line":20},"1":{"name":"toPaymentStatus","decl":{"start":{"line":38,"column":9},"end":{"line":38,"column":24}},"loc":{"start":{"line":38,"column":45},"end":{"line":48,"column":1}},"line":38},"2":{"name":"extractLookupPayload","decl":{"start":{"line":50,"column":9},"end":{"line":50,"column":29}},"loc":{"start":{"line":50,"column":39},"end":{"line":89,"column":1}},"line":50},"3":{"name":"extractCallbackFields","decl":{"start":{"line":91,"column":9},"end":{"line":91,"column":30}},"loc":{"start":{"line":91,"column":40},"end":{"line":122,"column":1}},"line":91},"4":{"name":"isMissingSchemaObject","decl":{"start":{"line":124,"column":9},"end":{"line":124,"column":30}},"loc":{"start":{"line":124,"column":50},"end":{"line":128,"column":1}},"line":124},"5":{"name":"insertPaymentWithSchemaFallback","decl":{"start":{"line":130,"column":15},"end":{"line":130,"column":46}},"loc":{"start":{"line":130,"column":63},"end":{"line":153,"column":1}},"line":130},"6":{"name":"applyMarzpayCallbackFallback","decl":{"start":{"line":155,"column":15},"end":{"line":155,"column":43}},"loc":{"start":{"line":155,"column":102},"end":{"line":241,"column":1}},"line":155},"7":{"name":"applyMarzpayTransition","decl":{"start":{"line":243,"column":15},"end":{"line":243,"column":37}},"loc":{"start":{"line":243,"column":96},"end":{"line":273,"column":1}},"line":243},"8":{"name":"initiatePayment","decl":{"start":{"line":275,"column":15},"end":{"line":275,"column":30}},"loc":{"start":{"line":275,"column":47},"end":{"line":423,"column":1}},"line":275},"9":{"name":"handleMarzpayCallback","decl":{"start":{"line":425,"column":15},"end":{"line":425,"column":36}},"loc":{"start":{"line":425,"column":53},"end":{"line":501,"column":1}},"line":425},"10":{"name":"reconcileMarzpayPayment","decl":{"start":{"line":503,"column":15},"end":{"line":503,"column":38}},"loc":{"start":{"line":503,"column":49},"end":{"line":589,"column":1}},"line":503},"11":{"name":"syncPaymentStatus","decl":{"start":{"line":591,"column":15},"end":{"line":591,"column":32}},"loc":{"start":{"line":591,"column":43},"end":{"line":689,"column":1}},"line":591},"12":{"name":"validatePhone","decl":{"start":{"line":691,"column":15},"end":{"line":691,"column":28}},"loc":{"start":{"line":691,"column":39},"end":{"line":706,"column":1}},"line":691},"13":{"name":"getWalletBalance","decl":{"start":{"line":708,"column":15},"end":{"line":708,"column":31}},"loc":{"start":{"line":708,"column":42},"end":{"line":720,"column":1}},"line":708},"14":{"name":"getMarzpayTransactions","decl":{"start":{"line":722,"column":15},"end":{"line":722,"column":37}},"loc":{"start":{"line":722,"column":48},"end":{"line":732,"column":1}},"line":722}},"branchMap":{"0":{"loc":{"start":{"line":7,"column":26},"end":{"line":7,"column":63}},"type":"binary-expr","locations":[{"start":{"line":7,"column":26},"end":{"line":7,"column":56}},{"start":{"line":7,"column":60},"end":{"line":7,"column":63}}],"line":7},"1":{"loc":{"start":{"line":21,"column":30},"end":{"line":21,"column":42}},"type":"binary-expr","locations":[{"start":{"line":21,"column":30},"end":{"line":21,"column":36}},{"start":{"line":21,"column":40},"end":{"line":21,"column":42}}],"line":21},"2":{"loc":{"start":{"line":23,"column":4},"end":{"line":25,"column":5}},"type":"if","locations":[{"start":{"line":23,"column":4},"end":{"line":25,"column":5}},{"start":{},"end":{}}],"line":23},"3":{"loc":{"start":{"line":27,"column":4},"end":{"line":29,"column":5}},"type":"if","locations":[{"start":{"line":27,"column":4},"end":{"line":29,"column":5}},{"start":{},"end":{}}],"line":27},"4":{"loc":{"start":{"line":31,"column":4},"end":{"line":33,"column":5}},"type":"if","locations":[{"start":{"line":31,"column":4},"end":{"line":33,"column":5}},{"start":{},"end":{}}],"line":31},"5":{"loc":{"start":{"line":39,"column":4},"end":{"line":41,"column":5}},"type":"if","locations":[{"start":{"line":39,"column":4},"end":{"line":41,"column":5}},{"start":{},"end":{}}],"line":39},"6":{"loc":{"start":{"line":43,"column":4},"end":{"line":45,"column":5}},"type":"if","locations":[{"start":{"line":43,"column":4},"end":{"line":45,"column":5}},{"start":{},"end":{}}],"line":43},"7":{"loc":{"start":{"line":51,"column":17},"end":{"line":51,"column":30}},"type":"binary-expr","locations":[{"start":{"line":51,"column":17},"end":{"line":51,"column":24}},{"start":{"line":51,"column":28},"end":{"line":51,"column":30}}],"line":51},"8":{"loc":{"start":{"line":52,"column":17},"end":{"line":52,"column":32}},"type":"binary-expr","locations":[{"start":{"line":52,"column":17},"end":{"line":52,"column":26}},{"start":{"line":52,"column":30},"end":{"line":52,"column":32}}],"line":52},"9":{"loc":{"start":{"line":53,"column":24},"end":{"line":53,"column":66}},"type":"binary-expr","locations":[{"start":{"line":53,"column":24},"end":{"line":53,"column":40}},{"start":{"line":53,"column":44},"end":{"line":53,"column":60}},{"start":{"line":53,"column":64},"end":{"line":53,"column":66}}],"line":53},"10":{"loc":{"start":{"line":56,"column":8},"end":{"line":61,"column":17}},"type":"binary-expr","locations":[{"start":{"line":56,"column":8},"end":{"line":56,"column":26}},{"start":{"line":57,"column":8},"end":{"line":57,"column":19}},{"start":{"line":58,"column":8},"end":{"line":58,"column":19}},{"start":{"line":59,"column":8},"end":{"line":59,"column":30}},{"start":{"line":60,"column":8},"end":{"line":60,"column":31}},{"start":{"line":61,"column":8},"end":{"line":61,"column":17}}],"line":56},"11":{"loc":{"start":{"line":64,"column":8},"end":{"line":73,"column":12}},"type":"binary-expr","locations":[{"start":{"line":64,"column":8},"end":{"line":64,"column":38}},{"start":{"line":65,"column":8},"end":{"line":65,"column":31}},{"start":{"line":66,"column":8},"end":{"line":66,"column":31}},{"start":{"line":67,"column":8},"end":{"line":67,"column":31}},{"start":{"line":68,"column":8},"end":{"line":68,"column":24}},{"start":{"line":69,"column":8},"end":{"line":69,"column":24}},{"start":{"line":70,"column":8},"end":{"line":70,"column":37}},{"start":{"line":71,"column":8},"end":{"line":71,"column":30}},{"start":{"line":72,"column":8},"end":{"line":72,"column":30}},{"start":{"line":73,"column":8},"end":{"line":73,"column":12}}],"line":64},"12":{"loc":{"start":{"line":76,"column":8},"end":{"line":81,"column":12}},"type":"binary-expr","locations":[{"start":{"line":76,"column":8},"end":{"line":76,"column":29}},{"start":{"line":77,"column":8},"end":{"line":77,"column":22}},{"start":{"line":78,"column":8},"end":{"line":78,"column":22}},{"start":{"line":79,"column":8},"end":{"line":79,"column":27}},{"start":{"line":80,"column":8},"end":{"line":80,"column":28}},{"start":{"line":81,"column":8},"end":{"line":81,"column":12}}],"line":76},"13":{"loc":{"start":{"line":92,"column":17},"end":{"line":92,"column":30}},"type":"binary-expr","locations":[{"start":{"line":92,"column":17},"end":{"line":92,"column":24}},{"start":{"line":92,"column":28},"end":{"line":92,"column":30}}],"line":92},"14":{"loc":{"start":{"line":93,"column":17},"end":{"line":93,"column":32}},"type":"binary-expr","locations":[{"start":{"line":93,"column":17},"end":{"line":93,"column":26}},{"start":{"line":93,"column":30},"end":{"line":93,"column":32}}],"line":93},"15":{"loc":{"start":{"line":96,"column":8},"end":{"line":101,"column":28}},"type":"binary-expr","locations":[{"start":{"line":96,"column":8},"end":{"line":96,"column":22}},{"start":{"line":97,"column":8},"end":{"line":97,"column":27}},{"start":{"line":98,"column":8},"end":{"line":98,"column":28}},{"start":{"line":99,"column":8},"end":{"line":99,"column":22}},{"start":{"line":100,"column":8},"end":{"line":100,"column":27}},{"start":{"line":101,"column":8},"end":{"line":101,"column":28}}],"line":96},"16":{"loc":{"start":{"line":104,"column":8},"end":{"line":110,"column":12}},"type":"binary-expr","locations":[{"start":{"line":104,"column":8},"end":{"line":104,"column":24}},{"start":{"line":105,"column":8},"end":{"line":105,"column":31}},{"start":{"line":106,"column":8},"end":{"line":106,"column":30}},{"start":{"line":107,"column":8},"end":{"line":107,"column":24}},{"start":{"line":108,"column":8},"end":{"line":108,"column":31}},{"start":{"line":109,"column":8},"end":{"line":109,"column":30}},{"start":{"line":110,"column":8},"end":{"line":110,"column":12}}],"line":104},"17":{"loc":{"start":{"line":113,"column":8},"end":{"line":119,"column":17}},"type":"binary-expr","locations":[{"start":{"line":113,"column":8},"end":{"line":113,"column":19}},{"start":{"line":114,"column":8},"end":{"line":114,"column":30}},{"start":{"line":115,"column":8},"end":{"line":115,"column":31}},{"start":{"line":116,"column":8},"end":{"line":116,"column":19}},{"start":{"line":117,"column":8},"end":{"line":117,"column":30}},{"start":{"line":118,"column":8},"end":{"line":118,"column":31}},{"start":{"line":119,"column":8},"end":{"line":119,"column":17}}],"line":113},"18":{"loc":{"start":{"line":125,"column":20},"end":{"line":125,"column":40}},"type":"binary-expr","locations":[{"start":{"line":125,"column":20},"end":{"line":125,"column":34}},{"start":{"line":125,"column":38},"end":{"line":125,"column":40}}],"line":125},"19":{"loc":{"start":{"line":125,"column":44},"end":{"line":125,"column":64}},"type":"binary-expr","locations":[{"start":{"line":125,"column":44},"end":{"line":125,"column":58}},{"start":{"line":125,"column":62},"end":{"line":125,"column":64}}],"line":125},"20":{"loc":{"start":{"line":125,"column":68},"end":{"line":125,"column":85}},"type":"binary-expr","locations":[{"start":{"line":125,"column":68},"end":{"line":125,"column":79}},{"start":{"line":125,"column":83},"end":{"line":125,"column":85}}],"line":125},"21":{"loc":{"start":{"line":126,"column":11},"end":{"line":127,"column":76}},"type":"binary-expr","locations":[{"start":{"line":126,"column":11},"end":{"line":126,"column":64}},{"start":{"line":127,"column":9},"end":{"line":127,"column":40}},{"start":{"line":127,"column":44},"end":{"line":127,"column":75}}],"line":126},"22":{"loc":{"start":{"line":126,"column":32},"end":{"line":126,"column":48}},"type":"binary-expr","locations":[{"start":{"line":126,"column":32},"end":{"line":126,"column":42}},{"start":{"line":126,"column":46},"end":{"line":126,"column":48}}],"line":126},"23":{"loc":{"start":{"line":135,"column":4},"end":{"line":137,"column":5}},"type":"if","locations":[{"start":{"line":135,"column":4},"end":{"line":137,"column":5}},{"start":{},"end":{}}],"line":135},"24":{"loc":{"start":{"line":139,"column":4},"end":{"line":141,"column":5}},"type":"if","locations":[{"start":{"line":139,"column":4},"end":{"line":141,"column":5}},{"start":{},"end":{}}],"line":139},"25":{"loc":{"start":{"line":150,"column":4},"end":{"line":152,"column":5}},"type":"if","locations":[{"start":{"line":150,"column":4},"end":{"line":152,"column":5}},{"start":{},"end":{}}],"line":150},"26":{"loc":{"start":{"line":163,"column":4},"end":{"line":165,"column":5}},"type":"if","locations":[{"start":{"line":163,"column":4},"end":{"line":165,"column":5}},{"start":{},"end":{}}],"line":163},"27":{"loc":{"start":{"line":167,"column":4},"end":{"line":169,"column":5}},"type":"if","locations":[{"start":{"line":167,"column":4},"end":{"line":169,"column":5}},{"start":{},"end":{}}],"line":167},"28":{"loc":{"start":{"line":175,"column":24},"end":{"line":175,"column":79}},"type":"binary-expr","locations":[{"start":{"line":175,"column":24},"end":{"line":175,"column":35}},{"start":{"line":175,"column":39},"end":{"line":175,"column":61}},{"start":{"line":175,"column":65},"end":{"line":175,"column":79}}],"line":175},"29":{"loc":{"start":{"line":177,"column":26},"end":{"line":177,"column":39}},"type":"binary-expr","locations":[{"start":{"line":177,"column":26},"end":{"line":177,"column":33}},{"start":{"line":177,"column":37},"end":{"line":177,"column":39}}],"line":177},"30":{"loc":{"start":{"line":178,"column":22},"end":{"line":178,"column":89}},"type":"cond-expr","locations":[{"start":{"line":178,"column":58},"end":{"line":178,"column":82}},{"start":{"line":178,"column":85},"end":{"line":178,"column":89}}],"line":178},"31":{"loc":{"start":{"line":182,"column":4},"end":{"line":184,"column":5}},"type":"if","locations":[{"start":{"line":182,"column":4},"end":{"line":184,"column":5}},{"start":{},"end":{}}],"line":182},"32":{"loc":{"start":{"line":193,"column":4},"end":{"line":203,"column":5}},"type":"if","locations":[{"start":{"line":193,"column":4},"end":{"line":203,"column":5}},{"start":{},"end":{}}],"line":193},"33":{"loc":{"start":{"line":193,"column":8},"end":{"line":193,"column":107}},"type":"binary-expr","locations":[{"start":{"line":193,"column":8},"end":{"line":193,"column":33}},{"start":{"line":193,"column":37},"end":{"line":193,"column":107}}],"line":193},"34":{"loc":{"start":{"line":205,"column":4},"end":{"line":207,"column":5}},"type":"if","locations":[{"start":{"line":205,"column":4},"end":{"line":207,"column":5}},{"start":{},"end":{}}],"line":205},"35":{"loc":{"start":{"line":215,"column":4},"end":{"line":217,"column":5}},"type":"if","locations":[{"start":{"line":215,"column":4},"end":{"line":217,"column":5}},{"start":{},"end":{}}],"line":215},"36":{"loc":{"start":{"line":229,"column":4},"end":{"line":231,"column":5}},"type":"if","locations":[{"start":{"line":229,"column":4},"end":{"line":231,"column":5}},{"start":{},"end":{}}],"line":229},"37":{"loc":{"start":{"line":238,"column":31},"end":{"line":238,"column":72}},"type":"binary-expr","locations":[{"start":{"line":238,"column":31},"end":{"line":238,"column":59}},{"start":{"line":238,"column":63},"end":{"line":238,"column":72}}],"line":238},"38":{"loc":{"start":{"line":251,"column":19},"end":{"line":251,"column":32}},"type":"binary-expr","locations":[{"start":{"line":251,"column":19},"end":{"line":251,"column":26}},{"start":{"line":251,"column":30},"end":{"line":251,"column":32}}],"line":251},"39":{"loc":{"start":{"line":254,"column":4},"end":{"line":270,"column":5}},"type":"if","locations":[{"start":{"line":254,"column":4},"end":{"line":270,"column":5}},{"start":{"line":256,"column":11},"end":{"line":270,"column":5}}],"line":254},"40":{"loc":{"start":{"line":254,"column":8},"end":{"line":254,"column":86}},"type":"binary-expr","locations":[{"start":{"line":254,"column":8},"end":{"line":254,"column":24}},{"start":{"line":254,"column":28},"end":{"line":254,"column":57}},{"start":{"line":254,"column":61},"end":{"line":254,"column":86}}],"line":254},"41":{"loc":{"start":{"line":257,"column":28},"end":{"line":258,"column":72}},"type":"binary-expr","locations":[{"start":{"line":257,"column":28},"end":{"line":257,"column":92}},{"start":{"line":258,"column":12},"end":{"line":258,"column":72}}],"line":257},"42":{"loc":{"start":{"line":260,"column":8},"end":{"line":262,"column":9}},"type":"if","locations":[{"start":{"line":260,"column":8},"end":{"line":262,"column":9}},{"start":{},"end":{}}],"line":260},"43":{"loc":{"start":{"line":260,"column":12},"end":{"line":260,"column":43}},"type":"binary-expr","locations":[{"start":{"line":260,"column":12},"end":{"line":260,"column":24}},{"start":{"line":260,"column":28},"end":{"line":260,"column":43}}],"line":260},"44":{"loc":{"start":{"line":268,"column":21},"end":{"line":268,"column":34}},"type":"binary-expr","locations":[{"start":{"line":268,"column":21},"end":{"line":268,"column":28}},{"start":{"line":268,"column":32},"end":{"line":268,"column":34}}],"line":268},"45":{"loc":{"start":{"line":278,"column":8},"end":{"line":280,"column":9}},"type":"if","locations":[{"start":{"line":278,"column":8},"end":{"line":280,"column":9}},{"start":{},"end":{}}],"line":278},"46":{"loc":{"start":{"line":282,"column":30},"end":{"line":282,"column":48}},"type":"binary-expr","locations":[{"start":{"line":282,"column":30},"end":{"line":282,"column":42}},{"start":{"line":282,"column":46},"end":{"line":282,"column":48}}],"line":282},"47":{"loc":{"start":{"line":283,"column":8},"end":{"line":285,"column":9}},"type":"if","locations":[{"start":{"line":283,"column":8},"end":{"line":285,"column":9}},{"start":{},"end":{}}],"line":283},"48":{"loc":{"start":{"line":290,"column":8},"end":{"line":295,"column":9}},"type":"if","locations":[{"start":{"line":290,"column":8},"end":{"line":295,"column":9}},{"start":{},"end":{}}],"line":290},"49":{"loc":{"start":{"line":290,"column":12},"end":{"line":290,"column":85}},"type":"binary-expr","locations":[{"start":{"line":290,"column":12},"end":{"line":290,"column":34}},{"start":{"line":290,"column":38},"end":{"line":290,"column":53}},{"start":{"line":290,"column":57},"end":{"line":290,"column":85}}],"line":290},"50":{"loc":{"start":{"line":297,"column":8},"end":{"line":302,"column":9}},"type":"if","locations":[{"start":{"line":297,"column":8},"end":{"line":302,"column":9}},{"start":{},"end":{}}],"line":297},"51":{"loc":{"start":{"line":311,"column":8},"end":{"line":313,"column":9}},"type":"if","locations":[{"start":{"line":311,"column":8},"end":{"line":313,"column":9}},{"start":{},"end":{}}],"line":311},"52":{"loc":{"start":{"line":311,"column":12},"end":{"line":311,"column":32}},"type":"binary-expr","locations":[{"start":{"line":311,"column":12},"end":{"line":311,"column":22}},{"start":{"line":311,"column":26},"end":{"line":311,"column":32}}],"line":311},"53":{"loc":{"start":{"line":316,"column":8},"end":{"line":321,"column":9}},"type":"if","locations":[{"start":{"line":316,"column":8},"end":{"line":321,"column":9}},{"start":{},"end":{}}],"line":316},"54":{"loc":{"start":{"line":316,"column":12},"end":{"line":316,"column":82}},"type":"binary-expr","locations":[{"start":{"line":316,"column":12},"end":{"line":316,"column":36}},{"start":{"line":316,"column":40},"end":{"line":316,"column":59}},{"start":{"line":316,"column":63},"end":{"line":316,"column":82}}],"line":316},"55":{"loc":{"start":{"line":330,"column":8},"end":{"line":332,"column":9}},"type":"if","locations":[{"start":{"line":330,"column":8},"end":{"line":332,"column":9}},{"start":{},"end":{}}],"line":330},"56":{"loc":{"start":{"line":336,"column":29},"end":{"line":336,"column":100}},"type":"binary-expr","locations":[{"start":{"line":336,"column":29},"end":{"line":336,"column":53}},{"start":{"line":336,"column":57},"end":{"line":336,"column":81}},{"start":{"line":336,"column":85},"end":{"line":336,"column":100}}],"line":336},"57":{"loc":{"start":{"line":338,"column":12},"end":{"line":339,"column":88}},"type":"binary-expr","locations":[{"start":{"line":338,"column":12},"end":{"line":338,"column":44}},{"start":{"line":339,"column":13},"end":{"line":339,"column":87}}],"line":338},"58":{"loc":{"start":{"line":339,"column":13},"end":{"line":339,"column":87}},"type":"cond-expr","locations":[{"start":{"line":339,"column":28},"end":{"line":339,"column":75}},{"start":{"line":339,"column":78},"end":{"line":339,"column":87}}],"line":339},"59":{"loc":{"start":{"line":351,"column":12},"end":{"line":357,"column":16}},"type":"binary-expr","locations":[{"start":{"line":351,"column":12},"end":{"line":351,"column":63}},{"start":{"line":352,"column":12},"end":{"line":352,"column":43}},{"start":{"line":353,"column":12},"end":{"line":353,"column":50}},{"start":{"line":354,"column":12},"end":{"line":354,"column":49}},{"start":{"line":355,"column":12},"end":{"line":355,"column":54}},{"start":{"line":356,"column":12},"end":{"line":356,"column":41}},{"start":{"line":357,"column":12},"end":{"line":357,"column":16}}],"line":351},"60":{"loc":{"start":{"line":360,"column":12},"end":{"line":363,"column":21}},"type":"binary-expr","locations":[{"start":{"line":360,"column":12},"end":{"line":360,"column":51}},{"start":{"line":361,"column":12},"end":{"line":361,"column":38}},{"start":{"line":362,"column":12},"end":{"line":362,"column":32}},{"start":{"line":363,"column":12},"end":{"line":363,"column":21}}],"line":360},"61":{"loc":{"start":{"line":390,"column":8},"end":{"line":392,"column":9}},"type":"if","locations":[{"start":{"line":390,"column":8},"end":{"line":392,"column":9}},{"start":{},"end":{}}],"line":390},"62":{"loc":{"start":{"line":408,"column":21},"end":{"line":408,"column":82}},"type":"binary-expr","locations":[{"start":{"line":408,"column":21},"end":{"line":408,"column":42}},{"start":{"line":408,"column":46},"end":{"line":408,"column":82}}],"line":408},"63":{"loc":{"start":{"line":413,"column":25},"end":{"line":413,"column":86}},"type":"binary-expr","locations":[{"start":{"line":413,"column":25},"end":{"line":413,"column":46}},{"start":{"line":413,"column":50},"end":{"line":413,"column":86}}],"line":413},"64":{"loc":{"start":{"line":417,"column":52},"end":{"line":417,"column":82}},"type":"binary-expr","locations":[{"start":{"line":417,"column":52},"end":{"line":417,"column":65}},{"start":{"line":417,"column":69},"end":{"line":417,"column":82}}],"line":417},"65":{"loc":{"start":{"line":418,"column":26},"end":{"line":418,"column":49}},"type":"binary-expr","locations":[{"start":{"line":418,"column":26},"end":{"line":418,"column":42}},{"start":{"line":418,"column":46},"end":{"line":418,"column":49}}],"line":418},"66":{"loc":{"start":{"line":420,"column":21},"end":{"line":420,"column":66}},"type":"binary-expr","locations":[{"start":{"line":420,"column":21},"end":{"line":420,"column":34}},{"start":{"line":420,"column":38},"end":{"line":420,"column":66}}],"line":420},"67":{"loc":{"start":{"line":429,"column":8},"end":{"line":431,"column":9}},"type":"if","locations":[{"start":{"line":429,"column":8},"end":{"line":431,"column":9}},{"start":{},"end":{}}],"line":429},"68":{"loc":{"start":{"line":437,"column":21},"end":{"line":437,"column":35}},"type":"binary-expr","locations":[{"start":{"line":437,"column":21},"end":{"line":437,"column":29}},{"start":{"line":437,"column":33},"end":{"line":437,"column":35}}],"line":437},"69":{"loc":{"start":{"line":440,"column":8},"end":{"line":445,"column":9}},"type":"if","locations":[{"start":{"line":440,"column":8},"end":{"line":445,"column":9}},{"start":{},"end":{}}],"line":440},"70":{"loc":{"start":{"line":462,"column":8},"end":{"line":483,"column":9}},"type":"if","locations":[{"start":{"line":462,"column":8},"end":{"line":483,"column":9}},{"start":{},"end":{}}],"line":462},"71":{"loc":{"start":{"line":468,"column":23},"end":{"line":468,"column":104}},"type":"cond-expr","locations":[{"start":{"line":468,"column":35},"end":{"line":468,"column":55}},{"start":{"line":468,"column":58},"end":{"line":468,"column":104}}],"line":468},"72":{"loc":{"start":{"line":468,"column":58},"end":{"line":468,"column":104}},"type":"cond-expr","locations":[{"start":{"line":468,"column":69},"end":{"line":468,"column":85}},{"start":{"line":468,"column":88},"end":{"line":468,"column":104}}],"line":468},"73":{"loc":{"start":{"line":469,"column":25},"end":{"line":473,"column":87}},"type":"cond-expr","locations":[{"start":{"line":470,"column":22},"end":{"line":470,"column":75}},{"start":{"line":471,"column":22},"end":{"line":473,"column":87}}],"line":469},"74":{"loc":{"start":{"line":471,"column":22},"end":{"line":473,"column":87}},"type":"cond-expr","locations":[{"start":{"line":472,"column":26},"end":{"line":472,"column":89}},{"start":{"line":473,"column":26},"end":{"line":473,"column":87}}],"line":471},"75":{"loc":{"start":{"line":481,"column":25},"end":{"line":481,"column":46}},"type":"binary-expr","locations":[{"start":{"line":481,"column":25},"end":{"line":481,"column":34}},{"start":{"line":481,"column":38},"end":{"line":481,"column":46}}],"line":481},"76":{"loc":{"start":{"line":495,"column":50},"end":{"line":495,"column":80}},"type":"binary-expr","locations":[{"start":{"line":495,"column":50},"end":{"line":495,"column":63}},{"start":{"line":495,"column":67},"end":{"line":495,"column":80}}],"line":495},"77":{"loc":{"start":{"line":496,"column":26},"end":{"line":496,"column":49}},"type":"binary-expr","locations":[{"start":{"line":496,"column":26},"end":{"line":496,"column":42}},{"start":{"line":496,"column":46},"end":{"line":496,"column":49}}],"line":496},"78":{"loc":{"start":{"line":498,"column":21},"end":{"line":498,"column":66}},"type":"binary-expr","locations":[{"start":{"line":498,"column":21},"end":{"line":498,"column":34}},{"start":{"line":498,"column":38},"end":{"line":498,"column":66}}],"line":498},"79":{"loc":{"start":{"line":510,"column":45},"end":{"line":510,"column":59}},"type":"binary-expr","locations":[{"start":{"line":510,"column":45},"end":{"line":510,"column":53}},{"start":{"line":510,"column":57},"end":{"line":510,"column":59}}],"line":510},"80":{"loc":{"start":{"line":511,"column":4},"end":{"line":513,"column":5}},"type":"if","locations":[{"start":{"line":511,"column":4},"end":{"line":513,"column":5}},{"start":{},"end":{}}],"line":511},"81":{"loc":{"start":{"line":520,"column":8},"end":{"line":526,"column":9}},"type":"if","locations":[{"start":{"line":520,"column":8},"end":{"line":526,"column":9}},{"start":{"line":522,"column":15},"end":{"line":526,"column":9}}],"line":520},"82":{"loc":{"start":{"line":522,"column":15},"end":{"line":526,"column":9}},"type":"if","locations":[{"start":{"line":522,"column":15},"end":{"line":526,"column":9}},{"start":{"line":524,"column":15},"end":{"line":526,"column":9}}],"line":522},"83":{"loc":{"start":{"line":529,"column":8},"end":{"line":531,"column":9}},"type":"if","locations":[{"start":{"line":529,"column":8},"end":{"line":531,"column":9}},{"start":{},"end":{}}],"line":529},"84":{"loc":{"start":{"line":533,"column":8},"end":{"line":535,"column":9}},"type":"if","locations":[{"start":{"line":533,"column":8},"end":{"line":535,"column":9}},{"start":{},"end":{}}],"line":533},"85":{"loc":{"start":{"line":537,"column":29},"end":{"line":537,"column":74}},"type":"binary-expr","locations":[{"start":{"line":537,"column":29},"end":{"line":537,"column":48}},{"start":{"line":537,"column":52},"end":{"line":537,"column":74}}],"line":537},"86":{"loc":{"start":{"line":540,"column":8},"end":{"line":550,"column":9}},"type":"if","locations":[{"start":{"line":540,"column":8},"end":{"line":550,"column":9}},{"start":{"line":542,"column":15},"end":{"line":550,"column":9}}],"line":540},"87":{"loc":{"start":{"line":544,"column":27},"end":{"line":544,"column":69}},"type":"binary-expr","locations":[{"start":{"line":544,"column":27},"end":{"line":544,"column":50}},{"start":{"line":544,"column":54},"end":{"line":544,"column":69}}],"line":544},"88":{"loc":{"start":{"line":547,"column":30},"end":{"line":549,"column":25}},"type":"cond-expr","locations":[{"start":{"line":548,"column":18},"end":{"line":548,"column":68}},{"start":{"line":549,"column":18},"end":{"line":549,"column":25}}],"line":547},"89":{"loc":{"start":{"line":548,"column":41},"end":{"line":548,"column":64}},"type":"binary-expr","locations":[{"start":{"line":548,"column":41},"end":{"line":548,"column":56}},{"start":{"line":548,"column":60},"end":{"line":548,"column":64}}],"line":548},"90":{"loc":{"start":{"line":552,"column":47},"end":{"line":552,"column":68}},"type":"binary-expr","locations":[{"start":{"line":552,"column":47},"end":{"line":552,"column":62}},{"start":{"line":552,"column":66},"end":{"line":552,"column":68}}],"line":552},"91":{"loc":{"start":{"line":553,"column":40},"end":{"line":553,"column":110}},"type":"binary-expr","locations":[{"start":{"line":553,"column":40},"end":{"line":553,"column":63}},{"start":{"line":553,"column":67},"end":{"line":553,"column":82}},{"start":{"line":553,"column":86},"end":{"line":553,"column":110}}],"line":553},"92":{"loc":{"start":{"line":555,"column":8},"end":{"line":557,"column":9}},"type":"if","locations":[{"start":{"line":555,"column":8},"end":{"line":557,"column":9}},{"start":{},"end":{}}],"line":555},"93":{"loc":{"start":{"line":561,"column":25},"end":{"line":561,"column":108}},"type":"binary-expr","locations":[{"start":{"line":561,"column":25},"end":{"line":561,"column":46}},{"start":{"line":561,"column":50},"end":{"line":561,"column":74}},{"start":{"line":561,"column":78},"end":{"line":561,"column":100}},{"start":{"line":561,"column":104},"end":{"line":561,"column":108}}],"line":561},"94":{"loc":{"start":{"line":563,"column":21},"end":{"line":563,"column":42}},"type":"binary-expr","locations":[{"start":{"line":563,"column":21},"end":{"line":563,"column":36}},{"start":{"line":563,"column":40},"end":{"line":563,"column":42}}],"line":563},"95":{"loc":{"start":{"line":566,"column":8},"end":{"line":568,"column":9}},"type":"if","locations":[{"start":{"line":566,"column":8},"end":{"line":568,"column":9}},{"start":{},"end":{}}],"line":566},"96":{"loc":{"start":{"line":584,"column":26},"end":{"line":584,"column":58}},"type":"binary-expr","locations":[{"start":{"line":584,"column":26},"end":{"line":584,"column":51}},{"start":{"line":584,"column":55},"end":{"line":584,"column":58}}],"line":584},"97":{"loc":{"start":{"line":586,"column":21},"end":{"line":586,"column":76}},"type":"binary-expr","locations":[{"start":{"line":586,"column":21},"end":{"line":586,"column":43}},{"start":{"line":586,"column":47},"end":{"line":586,"column":76}}],"line":586},"98":{"loc":{"start":{"line":597,"column":45},"end":{"line":597,"column":59}},"type":"binary-expr","locations":[{"start":{"line":597,"column":45},"end":{"line":597,"column":53}},{"start":{"line":597,"column":57},"end":{"line":597,"column":59}}],"line":597},"99":{"loc":{"start":{"line":598,"column":4},"end":{"line":600,"column":5}},"type":"if","locations":[{"start":{"line":598,"column":4},"end":{"line":600,"column":5}},{"start":{},"end":{}}],"line":598},"100":{"loc":{"start":{"line":609,"column":8},"end":{"line":611,"column":9}},"type":"if","locations":[{"start":{"line":609,"column":8},"end":{"line":611,"column":9}},{"start":{},"end":{}}],"line":609},"101":{"loc":{"start":{"line":613,"column":8},"end":{"line":615,"column":9}},"type":"if","locations":[{"start":{"line":613,"column":8},"end":{"line":615,"column":9}},{"start":{},"end":{}}],"line":613},"102":{"loc":{"start":{"line":617,"column":8},"end":{"line":619,"column":9}},"type":"if","locations":[{"start":{"line":617,"column":8},"end":{"line":619,"column":9}},{"start":{},"end":{}}],"line":617},"103":{"loc":{"start":{"line":622,"column":8},"end":{"line":624,"column":9}},"type":"if","locations":[{"start":{"line":622,"column":8},"end":{"line":624,"column":9}},{"start":{},"end":{}}],"line":622},"104":{"loc":{"start":{"line":626,"column":24},"end":{"line":626,"column":60}},"type":"cond-expr","locations":[{"start":{"line":626,"column":46},"end":{"line":626,"column":53}},{"start":{"line":626,"column":56},"end":{"line":626,"column":60}}],"line":626},"105":{"loc":{"start":{"line":627,"column":8},"end":{"line":629,"column":9}},"type":"if","locations":[{"start":{"line":627,"column":8},"end":{"line":629,"column":9}},{"start":{},"end":{}}],"line":627},"106":{"loc":{"start":{"line":634,"column":8},"end":{"line":640,"column":9}},"type":"if","locations":[{"start":{"line":634,"column":8},"end":{"line":640,"column":9}},{"start":{},"end":{}}],"line":634},"107":{"loc":{"start":{"line":642,"column":8},"end":{"line":650,"column":9}},"type":"if","locations":[{"start":{"line":642,"column":8},"end":{"line":650,"column":9}},{"start":{},"end":{}}],"line":642},"108":{"loc":{"start":{"line":644,"column":27},"end":{"line":644,"column":69}},"type":"binary-expr","locations":[{"start":{"line":644,"column":27},"end":{"line":644,"column":50}},{"start":{"line":644,"column":54},"end":{"line":644,"column":69}}],"line":644},"109":{"loc":{"start":{"line":647,"column":30},"end":{"line":649,"column":25}},"type":"cond-expr","locations":[{"start":{"line":648,"column":18},"end":{"line":648,"column":68}},{"start":{"line":649,"column":18},"end":{"line":649,"column":25}}],"line":647},"110":{"loc":{"start":{"line":648,"column":41},"end":{"line":648,"column":64}},"type":"binary-expr","locations":[{"start":{"line":648,"column":41},"end":{"line":648,"column":56}},{"start":{"line":648,"column":60},"end":{"line":648,"column":64}}],"line":648},"111":{"loc":{"start":{"line":652,"column":47},"end":{"line":652,"column":68}},"type":"binary-expr","locations":[{"start":{"line":652,"column":47},"end":{"line":652,"column":62}},{"start":{"line":652,"column":66},"end":{"line":652,"column":68}}],"line":652},"112":{"loc":{"start":{"line":653,"column":40},"end":{"line":653,"column":110}},"type":"binary-expr","locations":[{"start":{"line":653,"column":40},"end":{"line":653,"column":63}},{"start":{"line":653,"column":67},"end":{"line":653,"column":82}},{"start":{"line":653,"column":86},"end":{"line":653,"column":110}}],"line":653},"113":{"loc":{"start":{"line":655,"column":8},"end":{"line":657,"column":9}},"type":"if","locations":[{"start":{"line":655,"column":8},"end":{"line":657,"column":9}},{"start":{},"end":{}}],"line":655},"114":{"loc":{"start":{"line":661,"column":25},"end":{"line":661,"column":80}},"type":"binary-expr","locations":[{"start":{"line":661,"column":25},"end":{"line":661,"column":46}},{"start":{"line":661,"column":50},"end":{"line":661,"column":72}},{"start":{"line":661,"column":76},"end":{"line":661,"column":80}}],"line":661},"115":{"loc":{"start":{"line":663,"column":21},"end":{"line":663,"column":42}},"type":"binary-expr","locations":[{"start":{"line":663,"column":21},"end":{"line":663,"column":36}},{"start":{"line":663,"column":40},"end":{"line":663,"column":42}}],"line":663},"116":{"loc":{"start":{"line":666,"column":8},"end":{"line":668,"column":9}},"type":"if","locations":[{"start":{"line":666,"column":8},"end":{"line":668,"column":9}},{"start":{},"end":{}}],"line":666},"117":{"loc":{"start":{"line":684,"column":26},"end":{"line":684,"column":53}},"type":"binary-expr","locations":[{"start":{"line":684,"column":26},"end":{"line":684,"column":46}},{"start":{"line":684,"column":50},"end":{"line":684,"column":53}}],"line":684},"118":{"loc":{"start":{"line":686,"column":21},"end":{"line":686,"column":80}},"type":"binary-expr","locations":[{"start":{"line":686,"column":21},"end":{"line":686,"column":38}},{"start":{"line":686,"column":42},"end":{"line":686,"column":80}}],"line":686},"119":{"loc":{"start":{"line":693,"column":4},"end":{"line":695,"column":5}},"type":"if","locations":[{"start":{"line":693,"column":4},"end":{"line":695,"column":5}},{"start":{},"end":{}}],"line":693},"120":{"loc":{"start":{"line":714,"column":12},"end":{"line":716,"column":67}},"type":"cond-expr","locations":[{"start":{"line":715,"column":18},"end":{"line":715,"column":111}},{"start":{"line":716,"column":18},"end":{"line":716,"column":67}}],"line":714},"121":{"loc":{"start":{"line":714,"column":12},"end":{"line":714,"column":78}},"type":"binary-expr","locations":[{"start":{"line":714,"column":12},"end":{"line":714,"column":25}},{"start":{"line":714,"column":29},"end":{"line":714,"column":78}}],"line":714},"122":{"loc":{"start":{"line":716,"column":18},"end":{"line":716,"column":67}},"type":"binary-expr","locations":[{"start":{"line":716,"column":18},"end":{"line":716,"column":31}},{"start":{"line":716,"column":35},"end":{"line":716,"column":67}}],"line":716},"123":{"loc":{"start":{"line":718,"column":26},"end":{"line":718,"column":49}},"type":"binary-expr","locations":[{"start":{"line":718,"column":26},"end":{"line":718,"column":42}},{"start":{"line":718,"column":46},"end":{"line":718,"column":49}}],"line":718},"124":{"loc":{"start":{"line":724,"column":72},"end":{"line":724,"column":87}},"type":"binary-expr","locations":[{"start":{"line":724,"column":72},"end":{"line":724,"column":81}},{"start":{"line":724,"column":85},"end":{"line":724,"column":87}}],"line":724},"125":{"loc":{"start":{"line":727,"column":26},"end":{"line":727,"column":49}},"type":"binary-expr","locations":[{"start":{"line":727,"column":26},"end":{"line":727,"column":42}},{"start":{"line":727,"column":46},"end":{"line":727,"column":49}}],"line":727},"126":{"loc":{"start":{"line":729,"column":21},"end":{"line":729,"column":76}},"type":"binary-expr","locations":[{"start":{"line":729,"column":21},"end":{"line":729,"column":34}},{"start":{"line":729,"column":38},"end":{"line":729,"column":76}}],"line":729}},"s":{"0":2,"1":2,"2":2,"3":2,"4":2,"5":2,"6":2,"7":2,"8":2,"9":8,"10":8,"11":2,"12":6,"13":2,"14":4,"15":3,"16":1,"17":1,"18":0,"19":1,"20":0,"21":1,"22":0,"23":0,"24":0,"25":0,"26":0,"27":0,"28":0,"29":0,"30":0,"31":0,"32":0,"33":0,"34":0,"35":0,"36":0,"37":1,"38":1,"39":1,"40":0,"41":0,"42":0,"43":0,"44":0,"45":0,"46":0,"47":0,"48":0,"49":0,"50":0,"51":0,"52":0,"53":0,"54":0,"55":0,"56":0,"57":0,"58":0,"59":0,"60":0,"61":0,"62":0,"63":0,"64":0,"65":0,"66":0,"67":0,"68":0,"69":0,"70":0,"71":0,"72":0,"73":0,"74":0,"75":0,"76":0,"77":0,"78":0,"79":0,"80":0,"81":0,"82":2,"83":2,"84":2,"85":0,"86":2,"87":2,"88":0,"89":2,"90":2,"91":2,"92":1,"93":1,"94":0,"95":1,"96":1,"97":0,"98":1,"99":1,"100":0,"101":1,"102":1,"103":0,"104":1,"105":1,"106":1,"107":1,"108":1,"109":1,"110":1,"111":1,"112":1,"113":1,"114":1,"115":1,"116":0,"117":1,"118":1,"119":0,"120":0,"121":0,"122":0,"123":0,"124":0,"125":0,"126":0,"127":0,"128":0,"129":0,"130":0,"131":0,"132":0,"133":0,"134":0,"135":0,"136":0,"137":0,"138":0,"139":0,"140":0,"141":0,"142":0,"143":0,"144":0,"145":0,"146":0,"147":0,"148":0,"149":0,"150":0,"151":0,"152":0,"153":0,"154":0,"155":0,"156":0,"157":0,"158":0,"159":0,"160":0,"161":0,"162":0,"163":0,"164":0,"165":0,"166":0,"167":0,"168":0,"169":0,"170":0,"171":0,"172":0,"173":0,"174":0,"175":0,"176":0,"177":0,"178":0,"179":0,"180":0,"181":0,"182":0,"183":0,"184":0,"185":0,"186":0,"187":0,"188":0,"189":0,"190":0,"191":0,"192":0,"193":0,"194":0,"195":0,"196":0,"197":0,"198":0,"199":0,"200":0,"201":0,"202":0,"203":0,"204":0,"205":0,"206":0,"207":0,"208":0,"209":0,"210":0,"211":0,"212":0,"213":0,"214":0,"215":0,"216":0,"217":0,"218":2},"f":{"0":8,"1":1,"2":0,"3":0,"4":0,"5":1,"6":0,"7":0,"8":2,"9":0,"10":0,"11":0,"12":0,"13":0,"14":0},"b":{"0":[2,2],"1":[8,0],"2":[2,6],"3":[2,4],"4":[3,1],"5":[0,1],"6":[0,1],"7":[0,0],"8":[0,0],"9":[0,0,0],"10":[0,0,0,0,0,0],"11":[0,0,0,0,0,0,0,0,0,0],"12":[0,0,0,0,0,0],"13":[0,0],"14":[0,0],"15":[0,0,0,0,0,0],"16":[0,0,0,0,0,0,0],"17":[0,0,0,0,0,0,0],"18":[0,0],"19":[0,0],"20":[0,0],"21":[0,0,0],"22":[0,0],"23":[1,0],"24":[0,0],"25":[0,0],"26":[0,0],"27":[0,0],"28":[0,0,0],"29":[0,0],"30":[0,0],"31":[0,0],"32":[0,0],"33":[0,0],"34":[0,0],"35":[0,0],"36":[0,0],"37":[0,0],"38":[0,0],"39":[0,0],"40":[0,0,0],"41":[0,0],"42":[0,0],"43":[0,0],"44":[0,0],"45":[0,2],"46":[2,0],"47":[0,2],"48":[1,1],"49":[2,1,1],"50":[0,1],"51":[0,1],"52":[1,1],"53":[0,1],"54":[1,1,1],"55":[0,1],"56":[1,1,1],"57":[1,1],"58":[1,0],"59":[1,1,0,0,0,0,0],"60":[1,1,0,0],"61":[0,1],"62":[1,0],"63":[1,0],"64":[0,0],"65":[0,0],"66":[0,0],"67":[0,0],"68":[0,0],"69":[0,0],"70":[0,0],"71":[0,0],"72":[0,0],"73":[0,0],"74":[0,0],"75":[0,0],"76":[0,0],"77":[0,0],"78":[0,0],"79":[0,0],"80":[0,0],"81":[0,0],"82":[0,0],"83":[0,0],"84":[0,0],"85":[0,0],"86":[0,0],"87":[0,0],"88":[0,0],"89":[0,0],"90":[0,0],"91":[0,0,0],"92":[0,0],"93":[0,0,0,0],"94":[0,0],"95":[0,0],"96":[0,0],"97":[0,0],"98":[0,0],"99":[0,0],"100":[0,0],"101":[0,0],"102":[0,0],"103":[0,0],"104":[0,0],"105":[0,0],"106":[0,0],"107":[0,0],"108":[0,0],"109":[0,0],"110":[0,0],"111":[0,0],"112":[0,0,0],"113":[0,0],"114":[0,0,0],"115":[0,0],"116":[0,0],"117":[0,0],"118":[0,0],"119":[0,0],"120":[0,0],"121":[0,0],"122":[0,0],"123":[0,0],"124":[0,0],"125":[0,0],"126":[0,0]},"_coverageSchema":"1a1c01bbd47fc00a2c39e90264f33305004495a9","hash":"d0b2ae856481c1d67c76f96c1b60862479a7a761"}
,"C:\\Users\\USER\\GFC\\backend\\routes\\paymentRoutes.js": {"path":"C:\\Users\\USER\\GFC\\backend\\routes\\paymentRoutes.js","statementMap":{"0":{"start":{"line":6,"column":16},"end":{"line":6,"column":34}},"1":{"start":{"line":7,"column":15},"end":{"line":7,"column":31}},"2":{"start":{"line":8,"column":61},"end":{"line":8,"column":90}},"3":{"start":{"line":9,"column":26},"end":{"line":9,"column":69}},"4":{"start":{"line":11,"column":0},"end":{"line":11,"column":108}},"5":{"start":{"line":12,"column":0},"end":{"line":12,"column":74}},"6":{"start":{"line":13,"column":0},"end":{"line":13,"column":64}},"7":{"start":{"line":14,"column":0},"end":{"line":14,"column":84}},"8":{"start":{"line":15,"column":0},"end":{"line":15,"column":99}},"9":{"start":{"line":16,"column":0},"end":{"line":16,"column":111}},"10":{"start":{"line":17,"column":0},"end":{"line":17,"column":102}},"11":{"start":{"line":19,"column":0},"end":{"line":19,"column":24}}},"fnMap":{},"branchMap":{},"s":{"0":1,"1":1,"2":1,"3":1,"4":1,"5":1,"6":1,"7":1,"8":1,"9":1,"10":1,"11":1},"f":{},"b":{},"_coverageSchema":"1a1c01bbd47fc00a2c39e90264f33305004495a9","hash":"76658a8ca959f1cf4fba293a3bb1a8af7009ae75"}
,"C:\\Users\\USER\\GFC\\backend\\services\\marzpayService.js": {"path":"C:\\Users\\USER\\GFC\\backend\\services\\marzpayService.js","statementMap":{"0":{"start":{"line":1,"column":14},"end":{"line":1,"column":30}},"1":{"start":{"line":3,"column":24},"end":{"line":3,"column":61}},"2":{"start":{"line":4,"column":27},"end":{"line":4,"column":32}},"3":{"start":{"line":7,"column":16},"end":{"line":7,"column":43}},"4":{"start":{"line":8,"column":19},"end":{"line":8,"column":49}},"5":{"start":{"line":10,"column":4},"end":{"line":14,"column":5}},"6":{"start":{"line":11,"column":20},"end":{"line":11,"column":71}},"7":{"start":{"line":12,"column":8},"end":{"line":12,"column":29}},"8":{"start":{"line":13,"column":8},"end":{"line":13,"column":18}},"9":{"start":{"line":16,"column":4},"end":{"line":16,"column":73}},"10":{"start":{"line":20,"column":4},"end":{"line":28,"column":7}},"11":{"start":{"line":32,"column":19},"end":{"line":32,"column":30}},"12":{"start":{"line":34,"column":4},"end":{"line":48,"column":5}},"13":{"start":{"line":35,"column":25},"end":{"line":35,"column":53}},"14":{"start":{"line":36,"column":8},"end":{"line":36,"column":29}},"15":{"start":{"line":38,"column":23},"end":{"line":38,"column":52}},"16":{"start":{"line":40,"column":12},"end":{"line":42,"column":48}},"17":{"start":{"line":44,"column":24},"end":{"line":44,"column":50}},"18":{"start":{"line":45,"column":8},"end":{"line":45,"column":36}},"19":{"start":{"line":46,"column":8},"end":{"line":46,"column":55}},"20":{"start":{"line":47,"column":8},"end":{"line":47,"column":22}},"21":{"start":{"line":52,"column":4},"end":{"line":54,"column":5}},"22":{"start":{"line":53,"column":8},"end":{"line":53,"column":20}},"23":{"start":{"line":56,"column":23},"end":{"line":56,"column":50}},"24":{"start":{"line":58,"column":4},"end":{"line":60,"column":5}},"25":{"start":{"line":59,"column":8},"end":{"line":59,"column":26}},"26":{"start":{"line":62,"column":4},"end":{"line":64,"column":5}},"27":{"start":{"line":63,"column":8},"end":{"line":63,"column":32}},"28":{"start":{"line":66,"column":4},"end":{"line":68,"column":5}},"29":{"start":{"line":67,"column":8},"end":{"line":67,"column":44}},"30":{"start":{"line":70,"column":4},"end":{"line":70,"column":16}},"31":{"start":{"line":74,"column":22},"end":{"line":74,"column":46}},"32":{"start":{"line":75,"column":4},"end":{"line":77,"column":5}},"33":{"start":{"line":76,"column":8},"end":{"line":76,"column":20}},"34":{"start":{"line":79,"column":19},"end":{"line":79,"column":40}},"35":{"start":{"line":81,"column":4},"end":{"line":83,"column":5}},"36":{"start":{"line":82,"column":8},"end":{"line":82,"column":21}},"37":{"start":{"line":85,"column":4},"end":{"line":87,"column":5}},"38":{"start":{"line":86,"column":8},"end":{"line":86,"column":24}},"39":{"start":{"line":89,"column":4},"end":{"line":89,"column":16}},"40":{"start":{"line":93,"column":22},"end":{"line":93,"column":46}},"41":{"start":{"line":95,"column":4},"end":{"line":101,"column":5}},"42":{"start":{"line":96,"column":8},"end":{"line":100,"column":10}},"43":{"start":{"line":103,"column":4},"end":{"line":109,"column":5}},"44":{"start":{"line":104,"column":8},"end":{"line":108,"column":10}},"45":{"start":{"line":111,"column":21},"end":{"line":111,"column":43}},"46":{"start":{"line":112,"column":4},"end":{"line":118,"column":5}},"47":{"start":{"line":113,"column":8},"end":{"line":117,"column":10}},"48":{"start":{"line":120,"column":4},"end":{"line":124,"column":6}},"49":{"start":{"line":128,"column":20},"end":{"line":134,"column":5}},"50":{"start":{"line":136,"column":4},"end":{"line":138,"column":5}},"51":{"start":{"line":137,"column":8},"end":{"line":137,"column":43}},"52":{"start":{"line":140,"column":4},"end":{"line":144,"column":7}},"53":{"start":{"line":148,"column":20},"end":{"line":154,"column":5}},"54":{"start":{"line":156,"column":4},"end":{"line":158,"column":5}},"55":{"start":{"line":157,"column":8},"end":{"line":157,"column":43}},"56":{"start":{"line":160,"column":4},"end":{"line":164,"column":7}},"57":{"start":{"line":168,"column":4},"end":{"line":171,"column":7}},"58":{"start":{"line":175,"column":4},"end":{"line":178,"column":7}},"59":{"start":{"line":182,"column":4},"end":{"line":185,"column":7}},"60":{"start":{"line":189,"column":4},"end":{"line":203,"column":5}},"61":{"start":{"line":190,"column":8},"end":{"line":193,"column":11}},"62":{"start":{"line":195,"column":8},"end":{"line":197,"column":9}},"63":{"start":{"line":196,"column":12},"end":{"line":196,"column":24}},"64":{"start":{"line":199,"column":8},"end":{"line":202,"column":11}},"65":{"start":{"line":207,"column":4},"end":{"line":211,"column":7}},"66":{"start":{"line":215,"column":4},"end":{"line":218,"column":7}},"67":{"start":{"line":222,"column":4},"end":{"line":225,"column":7}},"68":{"start":{"line":228,"column":0},"end":{"line":241,"column":2}}},"fnMap":{"0":{"name":"buildAuthHeader","decl":{"start":{"line":6,"column":9},"end":{"line":6,"column":24}},"loc":{"start":{"line":6,"column":27},"end":{"line":17,"column":1}},"line":6},"1":{"name":"getClient","decl":{"start":{"line":19,"column":9},"end":{"line":19,"column":18}},"loc":{"start":{"line":19,"column":21},"end":{"line":29,"column":1}},"line":19},"2":{"name":"request","decl":{"start":{"line":31,"column":15},"end":{"line":31,"column":22}},"loc":{"start":{"line":31,"column":31},"end":{"line":49,"column":1}},"line":31},"3":{"name":"formatPhoneNumber","decl":{"start":{"line":51,"column":9},"end":{"line":51,"column":26}},"loc":{"start":{"line":51,"column":34},"end":{"line":71,"column":1}},"line":51},"4":{"name":"getProvider","decl":{"start":{"line":73,"column":9},"end":{"line":73,"column":20}},"loc":{"start":{"line":73,"column":28},"end":{"line":90,"column":1}},"line":73},"5":{"name":"validateMobileNumber","decl":{"start":{"line":92,"column":9},"end":{"line":92,"column":29}},"loc":{"start":{"line":92,"column":37},"end":{"line":125,"column":1}},"line":92},"6":{"name":"collectMoney","decl":{"start":{"line":127,"column":15},"end":{"line":127,"column":27}},"loc":{"start":{"line":127,"column":106},"end":{"line":145,"column":1}},"line":127},"7":{"name":"sendMoney","decl":{"start":{"line":147,"column":15},"end":{"line":147,"column":24}},"loc":{"start":{"line":147,"column":103},"end":{"line":165,"column":1}},"line":147},"8":{"name":"getCollectionDetails","decl":{"start":{"line":167,"column":15},"end":{"line":167,"column":35}},"loc":{"start":{"line":167,"column":42},"end":{"line":172,"column":1}},"line":167},"9":{"name":"getSendMoneyDetails","decl":{"start":{"line":174,"column":15},"end":{"line":174,"column":34}},"loc":{"start":{"line":174,"column":41},"end":{"line":179,"column":1}},"line":174},"10":{"name":"checkTransactionStatus","decl":{"start":{"line":181,"column":15},"end":{"line":181,"column":37}},"loc":{"start":{"line":181,"column":44},"end":{"line":186,"column":1}},"line":181},"11":{"name":"getWalletBalance","decl":{"start":{"line":188,"column":15},"end":{"line":188,"column":31}},"loc":{"start":{"line":188,"column":34},"end":{"line":204,"column":1}},"line":188},"12":{"name":"getTransactionHistory","decl":{"start":{"line":206,"column":15},"end":{"line":206,"column":36}},"loc":{"start":{"line":206,"column":50},"end":{"line":212,"column":1}},"line":206},"13":{"name":"getCollectionServices","decl":{"start":{"line":214,"column":15},"end":{"line":214,"column":36}},"loc":{"start":{"line":214,"column":39},"end":{"line":219,"column":1}},"line":214},"14":{"name":"getSendMoneyServices","decl":{"start":{"line":221,"column":15},"end":{"line":221,"column":35}},"loc":{"start":{"line":221,"column":38},"end":{"line":226,"column":1}},"line":221}},"branchMap":{"0":{"loc":{"start":{"line":10,"column":4},"end":{"line":14,"column":5}},"type":"if","locations":[{"start":{"line":10,"column":4},"end":{"line":14,"column":5}},{"start":{},"end":{}}],"line":10},"1":{"loc":{"start":{"line":10,"column":8},"end":{"line":10,"column":23}},"type":"binary-expr","locations":[{"start":{"line":10,"column":8},"end":{"line":10,"column":12}},{"start":{"line":10,"column":16},"end":{"line":10,"column":23}}],"line":10},"2":{"loc":{"start":{"line":21,"column":17},"end":{"line":21,"column":63}},"type":"binary-expr","locations":[{"start":{"line":21,"column":17},"end":{"line":21,"column":44}},{"start":{"line":21,"column":48},"end":{"line":21,"column":63}}],"line":21},"3":{"loc":{"start":{"line":38,"column":23},"end":{"line":38,"column":52}},"type":"binary-expr","locations":[{"start":{"line":38,"column":23},"end":{"line":38,"column":45}},{"start":{"line":38,"column":49},"end":{"line":38,"column":52}}],"line":38},"4":{"loc":{"start":{"line":40,"column":12},"end":{"line":42,"column":48}},"type":"binary-expr","locations":[{"start":{"line":40,"column":12},"end":{"line":40,"column":41}},{"start":{"line":41,"column":12},"end":{"line":41,"column":39}},{"start":{"line":42,"column":12},"end":{"line":42,"column":48}}],"line":40},"5":{"loc":{"start":{"line":46,"column":26},"end":{"line":46,"column":54}},"type":"binary-expr","locations":[{"start":{"line":46,"column":26},"end":{"line":46,"column":46}},{"start":{"line":46,"column":50},"end":{"line":46,"column":54}}],"line":46},"6":{"loc":{"start":{"line":52,"column":4},"end":{"line":54,"column":5}},"type":"if","locations":[{"start":{"line":52,"column":4},"end":{"line":54,"column":5}},{"start":{},"end":{}}],"line":52},"7":{"loc":{"start":{"line":52,"column":8},"end":{"line":52,"column":43}},"type":"binary-expr","locations":[{"start":{"line":52,"column":8},"end":{"line":52,"column":14}},{"start":{"line":52,"column":18},"end":{"line":52,"column":43}}],"line":52},"8":{"loc":{"start":{"line":58,"column":4},"end":{"line":60,"column":5}},"type":"if","locations":[{"start":{"line":58,"column":4},"end":{"line":60,"column":5}},{"start":{},"end":{}}],"line":58},"9":{"loc":{"start":{"line":62,"column":4},"end":{"line":64,"column":5}},"type":"if","locations":[{"start":{"line":62,"column":4},"end":{"line":64,"column":5}},{"start":{},"end":{}}],"line":62},"10":{"loc":{"start":{"line":66,"column":4},"end":{"line":68,"column":5}},"type":"if","locations":[{"start":{"line":66,"column":4},"end":{"line":68,"column":5}},{"start":{},"end":{}}],"line":66},"11":{"loc":{"start":{"line":75,"column":4},"end":{"line":77,"column":5}},"type":"if","locations":[{"start":{"line":75,"column":4},"end":{"line":77,"column":5}},{"start":{},"end":{}}],"line":75},"12":{"loc":{"start":{"line":81,"column":4},"end":{"line":83,"column":5}},"type":"if","locations":[{"start":{"line":81,"column":4},"end":{"line":83,"column":5}},{"start":{},"end":{}}],"line":81},"13":{"loc":{"start":{"line":85,"column":4},"end":{"line":87,"column":5}},"type":"if","locations":[{"start":{"line":85,"column":4},"end":{"line":87,"column":5}},{"start":{},"end":{}}],"line":85},"14":{"loc":{"start":{"line":95,"column":4},"end":{"line":101,"column":5}},"type":"if","locations":[{"start":{"line":95,"column":4},"end":{"line":101,"column":5}},{"start":{},"end":{}}],"line":95},"15":{"loc":{"start":{"line":103,"column":4},"end":{"line":109,"column":5}},"type":"if","locations":[{"start":{"line":103,"column":4},"end":{"line":109,"column":5}},{"start":{},"end":{}}],"line":103},"16":{"loc":{"start":{"line":112,"column":4},"end":{"line":118,"column":5}},"type":"if","locations":[{"start":{"line":112,"column":4},"end":{"line":118,"column":5}},{"start":{},"end":{}}],"line":112},"17":{"loc":{"start":{"line":127,"column":54},"end":{"line":127,"column":68}},"type":"default-arg","locations":[{"start":{"line":127,"column":64},"end":{"line":127,"column":68}}],"line":127},"18":{"loc":{"start":{"line":136,"column":4},"end":{"line":138,"column":5}},"type":"if","locations":[{"start":{"line":136,"column":4},"end":{"line":138,"column":5}},{"start":{},"end":{}}],"line":136},"19":{"loc":{"start":{"line":147,"column":51},"end":{"line":147,"column":65}},"type":"default-arg","locations":[{"start":{"line":147,"column":61},"end":{"line":147,"column":65}}],"line":147},"20":{"loc":{"start":{"line":156,"column":4},"end":{"line":158,"column":5}},"type":"if","locations":[{"start":{"line":156,"column":4},"end":{"line":158,"column":5}},{"start":{},"end":{}}],"line":156},"21":{"loc":{"start":{"line":195,"column":8},"end":{"line":197,"column":9}},"type":"if","locations":[{"start":{"line":195,"column":8},"end":{"line":197,"column":9}},{"start":{},"end":{}}],"line":195},"22":{"loc":{"start":{"line":206,"column":37},"end":{"line":206,"column":48}},"type":"default-arg","locations":[{"start":{"line":206,"column":46},"end":{"line":206,"column":48}}],"line":206}},"s":{"0":1,"1":1,"2":1,"3":0,"4":0,"5":0,"6":0,"7":0,"8":0,"9":0,"10":0,"11":0,"12":0,"13":0,"14":0,"15":0,"16":0,"17":0,"18":0,"19":0,"20":0,"21":0,"22":0,"23":0,"24":0,"25":0,"26":0,"27":0,"28":0,"29":0,"30":0,"31":0,"32":0,"33":0,"34":0,"35":0,"36":0,"37":0,"38":0,"39":0,"40":0,"41":0,"42":0,"43":0,"44":0,"45":0,"46":0,"47":0,"48":0,"49":0,"50":0,"51":0,"52":0,"53":0,"54":0,"55":0,"56":0,"57":0,"58":0,"59":0,"60":0,"61":0,"62":0,"63":0,"64":0,"65":0,"66":0,"67":0,"68":1},"f":{"0":0,"1":0,"2":0,"3":0,"4":0,"5":0,"6":0,"7":0,"8":0,"9":0,"10":0,"11":0,"12":0,"13":0,"14":0},"b":{"0":[0,0],"1":[0,0],"2":[0,0],"3":[0,0],"4":[0,0,0],"5":[0,0],"6":[0,0],"7":[0,0],"8":[0,0],"9":[0,0],"10":[0,0],"11":[0,0],"12":[0,0],"13":[0,0],"14":[0,0],"15":[0,0],"16":[0,0],"17":[0],"18":[0,0],"19":[0],"20":[0,0],"21":[0,0],"22":[0]},"_coverageSchema":"1a1c01bbd47fc00a2c39e90264f33305004495a9","hash":"70f964a12a80f0a1016bef1a8652a70c6722b979"}
,"C:\\Users\\USER\\GFC\\backend\\services\\notificationService.js": {"path":"C:\\Users\\USER\\GFC\\backend\\services\\notificationService.js","statementMap":{"0":{"start":{"line":1,"column":21},"end":{"line":1,"column":50}},"1":{"start":{"line":2,"column":20},"end":{"line":2,"column":51}},"2":{"start":{"line":12,"column":4},"end":{"line":14,"column":5}},"3":{"start":{"line":13,"column":8},"end":{"line":13,"column":85}},"4":{"start":{"line":16,"column":4},"end":{"line":52,"column":5}},"5":{"start":{"line":17,"column":24},"end":{"line":25,"column":9}},"6":{"start":{"line":27,"column":46},"end":{"line":31,"column":21}},"7":{"start":{"line":33,"column":8},"end":{"line":35,"column":9}},"8":{"start":{"line":34,"column":12},"end":{"line":34,"column":62}},"9":{"start":{"line":37,"column":8},"end":{"line":47,"column":9}},"10":{"start":{"line":38,"column":35},"end":{"line":42,"column":25}},"11":{"start":{"line":44,"column":12},"end":{"line":46,"column":13}},"12":{"start":{"line":45,"column":16},"end":{"line":45,"column":58}},"13":{"start":{"line":49,"column":8},"end":{"line":49,"column":53}},"14":{"start":{"line":51,"column":8},"end":{"line":51,"column":58}},"15":{"start":{"line":55,"column":0},"end":{"line":57,"column":2}}},"fnMap":{"0":{"name":"createNotification","decl":{"start":{"line":4,"column":15},"end":{"line":4,"column":33}},"loc":{"start":{"line":11,"column":3},"end":{"line":53,"column":1}},"line":11}},"branchMap":{"0":{"loc":{"start":{"line":8,"column":4},"end":{"line":8,"column":19}},"type":"default-arg","locations":[{"start":{"line":8,"column":11},"end":{"line":8,"column":19}}],"line":8},"1":{"loc":{"start":{"line":9,"column":4},"end":{"line":9,"column":15}},"type":"default-arg","locations":[{"start":{"line":9,"column":11},"end":{"line":9,"column":15}}],"line":9},"2":{"loc":{"start":{"line":10,"column":4},"end":{"line":10,"column":19}},"type":"default-arg","locations":[{"start":{"line":10,"column":14},"end":{"line":10,"column":19}}],"line":10},"3":{"loc":{"start":{"line":12,"column":4},"end":{"line":14,"column":5}},"type":"if","locations":[{"start":{"line":12,"column":4},"end":{"line":14,"column":5}},{"start":{},"end":{}}],"line":12},"4":{"loc":{"start":{"line":12,"column":8},"end":{"line":12,"column":37}},"type":"binary-expr","locations":[{"start":{"line":12,"column":8},"end":{"line":12,"column":15}},{"start":{"line":12,"column":19},"end":{"line":12,"column":25}},{"start":{"line":12,"column":29},"end":{"line":12,"column":37}}],"line":12},"5":{"loc":{"start":{"line":33,"column":8},"end":{"line":35,"column":9}},"type":"if","locations":[{"start":{"line":33,"column":8},"end":{"line":35,"column":9}},{"start":{},"end":{}}],"line":33},"6":{"loc":{"start":{"line":37,"column":8},"end":{"line":47,"column":9}},"type":"if","locations":[{"start":{"line":37,"column":8},"end":{"line":47,"column":9}},{"start":{},"end":{}}],"line":37},"7":{"loc":{"start":{"line":44,"column":12},"end":{"line":46,"column":13}},"type":"if","locations":[{"start":{"line":44,"column":12},"end":{"line":46,"column":13}},{"start":{},"end":{}}],"line":44}},"s":{"0":2,"1":2,"2":1,"3":0,"4":1,"5":1,"6":1,"7":0,"8":0,"9":0,"10":0,"11":0,"12":0,"13":0,"14":1,"15":2},"f":{"0":1},"b":{"0":[0],"1":[0],"2":[1],"3":[0,1],"4":[1,1,1],"5":[0,0],"6":[0,0],"7":[0,0]},"_coverageSchema":"1a1c01bbd47fc00a2c39e90264f33305004495a9","hash":"1fa3b34306197fcb58d8b50722caccfb7e58dee7"}
}
