TN:
SF:config\smsService.js
FN:11,isSandboxEnabled
FN:15,getSmsCredentials
FN:28,getSdkLib
FN:35,getSdk
FN:59,getEgoApiUrl
FN:65,sendViaDirectApi
FN:75,(anonymous_6)
FN:94,normalizePhone
FN:99,resolveRecipients
FN:103,(anonymous_9)
FN:120,sendSMS
FN:174,sendBulkSMS
FNF:12
FNH:0
FNDA:0,isSandboxEnabled
FNDA:0,getSmsCredentials
FNDA:0,getSdkLib
FNDA:0,getSdk
FNDA:0,getEgoApiUrl
FNDA:0,sendViaDirectApi
FNDA:0,(anonymous_6)
FNDA:0,normalizePhone
FNDA:0,resolveRecipients
FNDA:0,(anonymous_9)
FNDA:0,sendSMS
FNDA:0,sendBulkSMS
DA:6,2
DA:12,0
DA:16,0
DA:18,0
DA:22,0
DA:29,0
DA:30,0
DA:32,0
DA:36,0
DA:38,0
DA:39,0
DA:42,0
DA:43,0
DA:44,0
DA:45,0
DA:46,0
DA:47,0
DA:49,0
DA:51,0
DA:52,0
DA:56,0
DA:60,0
DA:66,0
DA:67,0
DA:69,0
DA:75,0
DA:83,0
DA:91,0
DA:95,0
DA:96,0
DA:100,0
DA:101,0
DA:103,0
DA:107,0
DA:108,0
DA:111,0
DA:121,0
DA:122,0
DA:123,0
DA:124,0
DA:125,0
DA:128,0
DA:129,0
DA:130,0
DA:131,0
DA:134,0
DA:135,0
DA:136,0
DA:137,0
DA:138,0
DA:139,0
DA:141,0
DA:142,0
DA:143,0
DA:144,0
DA:154,0
DA:155,0
DA:160,0
DA:161,0
DA:175,0
DA:176,0
DA:177,0
DA:178,0
DA:179,0
DA:182,0
DA:183,0
DA:185,0
DA:186,0
DA:187,0
DA:188,0
DA:189,0
DA:190,0
DA:192,0
DA:193,0
DA:194,0
DA:195,0
DA:205,0
DA:206,0
DA:211,0
DA:212,0
DA:219,2
LF:81
LH:2
BRDA:12,0,0,0
BRDA:12,0,1,0
BRDA:16,1,0,0
BRDA:16,1,1,0
BRDA:18,2,0,0
BRDA:18,2,1,0
BRDA:18,2,2,0
BRDA:29,3,0,0
BRDA:29,3,1,0
BRDA:38,4,0,0
BRDA:38,4,1,0
BRDA:38,5,0,0
BRDA:38,5,1,0
BRDA:42,6,0,0
BRDA:42,6,1,0
BRDA:46,7,0,0
BRDA:46,7,1,0
BRDA:60,8,0,0
BRDA:60,8,1,0
BRDA:65,9,0,0
BRDA:67,10,0,0
BRDA:67,10,1,0
BRDA:95,11,0,0
BRDA:95,11,1,0
BRDA:101,12,0,0
BRDA:101,12,1,0
BRDA:107,13,0,0
BRDA:107,13,1,0
BRDA:107,14,0,0
BRDA:107,14,1,0
BRDA:123,15,0,0
BRDA:123,15,1,0
BRDA:123,16,0,0
BRDA:123,16,1,0
BRDA:130,17,0,0
BRDA:130,17,1,0
BRDA:134,18,0,0
BRDA:134,18,1,0
BRDA:138,19,0,0
BRDA:138,19,1,0
BRDA:142,20,0,0
BRDA:142,20,1,0
BRDA:143,21,0,0
BRDA:143,21,1,0
BRDA:146,22,0,0
BRDA:146,22,1,0
BRDA:147,23,0,0
BRDA:147,23,1,0
BRDA:148,24,0,0
BRDA:148,24,1,0
BRDA:177,25,0,0
BRDA:177,25,1,0
BRDA:177,26,0,0
BRDA:177,26,1,0
BRDA:185,27,0,0
BRDA:185,27,1,0
BRDA:189,28,0,0
BRDA:189,28,1,0
BRDA:193,29,0,0
BRDA:193,29,1,0
BRDA:194,30,0,0
BRDA:194,30,1,0
BRDA:197,31,0,0
BRDA:197,31,1,0
BRDA:198,32,0,0
BRDA:198,32,1,0
BRDA:199,33,0,0
BRDA:199,33,1,0
BRF:68
BRH:0
end_of_record
TN:
SF:controllers\paymentController.js
FN:20,mapMarzPayStatus
FN:38,toPaymentStatus
FN:50,extractCallbackFields
FN:83,initiatePayment
FN:240,handleMarzpayCallback
FN:325,validatePhone
FN:342,getWalletBalance
FN:356,getMarzpayTransactions
FNF:8
FNH:3
FNDA:8,mapMarzPayStatus
FNDA:1,toPaymentStatus
FNDA:0,extractCallbackFields
FNDA:2,initiatePayment
FNDA:0,handleMarzpayCallback
FNDA:0,validatePhone
FNDA:0,getWalletBalance
FNDA:0,getMarzpayTransactions
DA:1,2
DA:2,2
DA:3,2
DA:4,2
DA:5,2
DA:7,2
DA:8,2
DA:10,2
DA:16,2
DA:21,8
DA:23,8
DA:24,2
DA:27,6
DA:28,2
DA:31,4
DA:32,3
DA:35,1
DA:39,1
DA:40,0
DA:43,1
DA:44,0
DA:47,1
DA:51,0
DA:52,0
DA:55,0
DA:63,0
DA:72,0
DA:80,0
DA:84,2
DA:85,2
DA:86,2
DA:87,0
DA:90,2
DA:91,2
DA:92,0
DA:95,2
DA:96,2
DA:98,2
DA:99,1
DA:105,1
DA:106,0
DA:112,1
DA:119,1
DA:120,0
DA:123,1
DA:124,1
DA:125,0
DA:131,1
DA:138,1
DA:139,0
DA:142,1
DA:143,1
DA:145,1
DA:148,1
DA:158,1
DA:167,1
DA:171,1
DA:172,1
DA:174,1
DA:194,1
DA:195,0
DA:198,1
DA:205,1
DA:206,0
DA:209,1
DA:221,1
DA:232,0
DA:233,0
DA:241,0
DA:242,0
DA:244,0
DA:245,0
DA:248,0
DA:250,0
DA:257,0
DA:258,0
DA:261,0
DA:262,0
DA:268,0
DA:269,0
DA:278,0
DA:284,0
DA:285,0
DA:286,0
DA:288,0
DA:307,0
DA:317,0
DA:318,0
DA:326,0
DA:327,0
DA:328,0
DA:331,0
DA:333,0
DA:343,0
DA:344,0
DA:345,0
DA:348,0
DA:352,0
DA:357,0
DA:358,0
DA:359,0
DA:361,0
DA:368,2
LF:103
LH:51
BRDA:7,0,0,2
BRDA:7,0,1,2
BRDA:21,1,0,8
BRDA:21,1,1,0
BRDA:23,2,0,2
BRDA:23,2,1,6
BRDA:27,3,0,2
BRDA:27,3,1,4
BRDA:31,4,0,3
BRDA:31,4,1,1
BRDA:39,5,0,0
BRDA:39,5,1,1
BRDA:43,6,0,0
BRDA:43,6,1,1
BRDA:51,7,0,0
BRDA:51,7,1,0
BRDA:52,8,0,0
BRDA:52,8,1,0
BRDA:55,9,0,0
BRDA:55,9,1,0
BRDA:55,9,2,0
BRDA:55,9,3,0
BRDA:55,9,4,0
BRDA:55,9,5,0
BRDA:63,10,0,0
BRDA:63,10,1,0
BRDA:63,10,2,0
BRDA:63,10,3,0
BRDA:63,10,4,0
BRDA:63,10,5,0
BRDA:63,10,6,0
BRDA:72,11,0,0
BRDA:72,11,1,0
BRDA:72,11,2,0
BRDA:72,11,3,0
BRDA:72,11,4,0
BRDA:72,11,5,0
BRDA:72,11,6,0
BRDA:86,12,0,0
BRDA:86,12,1,2
BRDA:90,13,0,2
BRDA:90,13,1,0
BRDA:91,14,0,0
BRDA:91,14,1,2
BRDA:98,15,0,1
BRDA:98,15,1,1
BRDA:98,16,0,2
BRDA:98,16,1,1
BRDA:98,16,2,1
BRDA:105,17,0,0
BRDA:105,17,1,1
BRDA:119,18,0,0
BRDA:119,18,1,1
BRDA:119,19,0,1
BRDA:119,19,1,1
BRDA:124,20,0,0
BRDA:124,20,1,1
BRDA:124,21,0,1
BRDA:124,21,1,1
BRDA:124,21,2,1
BRDA:138,22,0,0
BRDA:138,22,1,1
BRDA:143,23,0,1
BRDA:143,23,1,1
BRDA:145,24,0,1
BRDA:145,24,1,1
BRDA:146,25,0,0
BRDA:146,25,1,1
BRDA:158,26,0,1
BRDA:158,26,1,1
BRDA:158,26,2,0
BRDA:158,26,3,0
BRDA:158,26,4,0
BRDA:158,26,5,0
BRDA:158,26,6,0
BRDA:167,27,0,1
BRDA:167,27,1,1
BRDA:167,27,2,0
BRDA:167,27,3,0
BRDA:194,28,0,0
BRDA:194,28,1,1
BRDA:205,29,0,0
BRDA:205,29,1,1
BRDA:223,30,0,1
BRDA:223,30,1,0
BRDA:228,31,0,1
BRDA:228,31,1,0
BRDA:232,32,0,0
BRDA:232,32,1,0
BRDA:233,33,0,0
BRDA:233,33,1,0
BRDA:235,34,0,0
BRDA:235,34,1,0
BRDA:244,35,0,0
BRDA:244,35,1,0
BRDA:254,36,0,0
BRDA:254,36,1,0
BRDA:257,37,0,0
BRDA:257,37,1,0
BRDA:261,38,0,0
BRDA:261,38,1,0
BRDA:261,39,0,0
BRDA:261,39,1,0
BRDA:284,40,0,0
BRDA:284,40,1,0
BRDA:290,41,0,0
BRDA:290,41,1,0
BRDA:290,42,0,0
BRDA:290,42,1,0
BRDA:291,43,0,0
BRDA:291,43,1,0
BRDA:293,44,0,0
BRDA:293,44,1,0
BRDA:303,45,0,0
BRDA:303,45,1,0
BRDA:317,46,0,0
BRDA:317,46,1,0
BRDA:318,47,0,0
BRDA:318,47,1,0
BRDA:320,48,0,0
BRDA:320,48,1,0
BRDA:327,49,0,0
BRDA:327,49,1,0
BRDA:348,50,0,0
BRDA:348,50,1,0
BRDA:348,51,0,0
BRDA:348,51,1,0
BRDA:350,52,0,0
BRDA:350,52,1,0
BRDA:352,53,0,0
BRDA:352,53,1,0
BRDA:358,54,0,0
BRDA:358,54,1,0
BRDA:361,55,0,0
BRDA:361,55,1,0
BRDA:363,56,0,0
BRDA:363,56,1,0
BRF:137
BRH:41
end_of_record
TN:
SF:routes\paymentRoutes.js
FNF:0
FNH:0
DA:6,1
DA:7,1
DA:8,1
DA:9,1
DA:11,1
DA:12,1
DA:13,1
DA:14,1
DA:15,1
DA:17,1
LF:10
LH:10
BRF:0
BRH:0
end_of_record
TN:
SF:services\marzpayService.js
FN:6,buildAuthHeader
FN:19,getClient
FN:31,request
FN:51,formatPhoneNumber
FN:73,getProvider
FN:92,validateMobileNumber
FN:127,collectMoney
FN:147,sendMoney
FN:167,getCollectionDetails
FN:174,getSendMoneyDetails
FN:181,checkTransactionStatus
FN:188,getWalletBalance
FN:195,getTransactionHistory
FN:203,getCollectionServices
FN:210,getSendMoneyServices
FNF:15
FNH:7
FNDA:1,buildAuthHeader
FNDA:1,getClient
FNDA:1,request
FNDA:8,formatPhoneNumber
FNDA:3,getProvider
FNDA:1,validateMobileNumber
FNDA:1,collectMoney
FNDA:0,sendMoney
FNDA:0,getCollectionDetails
FNDA:0,getSendMoneyDetails
FNDA:0,checkTransactionStatus
FNDA:0,getWalletBalance
FNDA:0,getTransactionHistory
FNDA:0,getCollectionServices
FNDA:0,getSendMoneyServices
DA:1,2
DA:3,2
DA:4,2
DA:7,1
DA:8,1
DA:10,1
DA:11,0
DA:12,0
DA:13,0
DA:16,1
DA:20,1
DA:32,1
DA:34,1
DA:35,1
DA:36,1
DA:38,0
DA:40,0
DA:44,0
DA:45,0
DA:46,0
DA:47,0
DA:52,8
DA:53,0
DA:56,8
DA:58,8
DA:59,2
DA:62,6
DA:63,1
DA:66,5
DA:67,4
DA:70,1
DA:74,3
DA:75,3
DA:76,0
DA:79,3
DA:81,3
DA:82,1
DA:85,2
DA:86,1
DA:89,1
DA:93,1
DA:95,1
DA:96,0
DA:103,1
DA:104,0
DA:111,1
DA:112,1
DA:113,1
DA:120,0
DA:128,1
DA:136,1
DA:137,0
DA:140,1
DA:148,0
DA:156,0
DA:157,0
DA:160,0
DA:168,0
DA:175,0
DA:182,0
DA:189,0
DA:196,0
DA:204,0
DA:211,0
DA:217,2
LF:65
LH:39
BRDA:10,0,0,0
BRDA:10,0,1,1
BRDA:10,1,0,1
BRDA:10,1,1,1
BRDA:21,2,0,1
BRDA:21,2,1,0
BRDA:38,3,0,0
BRDA:38,3,1,0
BRDA:40,4,0,0
BRDA:40,4,1,0
BRDA:40,4,2,0
BRDA:46,5,0,0
BRDA:46,5,1,0
BRDA:52,6,0,0
BRDA:52,6,1,8
BRDA:52,7,0,8
BRDA:52,7,1,8
BRDA:58,8,0,2
BRDA:58,8,1,6
BRDA:62,9,0,1
BRDA:62,9,1,5
BRDA:66,10,0,4
BRDA:66,10,1,1
BRDA:75,11,0,0
BRDA:75,11,1,3
BRDA:81,12,0,1
BRDA:81,12,1,2
BRDA:85,13,0,1
BRDA:85,13,1,1
BRDA:95,14,0,0
BRDA:95,14,1,1
BRDA:103,15,0,0
BRDA:103,15,1,1
BRDA:112,16,0,1
BRDA:112,16,1,0
BRDA:127,17,0,0
BRDA:136,18,0,0
BRDA:136,18,1,1
BRDA:147,19,0,0
BRDA:156,20,0,0
BRDA:156,20,1,0
BRDA:195,21,0,0
BRF:42
BRH:22
end_of_record
TN:
SF:services\notificationService.js
FN:4,createNotification
FNF:1
FNH:1
FNDA:1,createNotification
DA:1,2
DA:2,2
DA:12,1
DA:13,0
DA:16,1
DA:17,1
DA:27,1
DA:33,0
DA:34,0
DA:37,0
DA:38,0
DA:44,0
DA:45,0
DA:49,0
DA:51,1
DA:55,2
LF:16
LH:8
BRDA:8,0,0,0
BRDA:9,1,0,0
BRDA:10,2,0,1
BRDA:12,3,0,0
BRDA:12,3,1,1
BRDA:12,4,0,1
BRDA:12,4,1,1
BRDA:12,4,2,1
BRDA:33,5,0,0
BRDA:33,5,1,0
BRDA:37,6,0,0
BRDA:37,6,1,0
BRDA:44,7,0,0
BRDA:44,7,1,0
BRF:14
BRH:5
end_of_record
