TN:
SF:config\smsService.js
FN:11,isSandboxEnabled
FN:15,getSmsCredentials
FN:28,getSdkLib
FN:35,getSdk
FN:59,getEgoApiUrl
FN:65,sendViaDirectApi
FN:75,(anonymous_6)
FN:94,normalizePhone
FN:99,resolveRecipients
FN:103,(anonymous_9)
FN:120,sendSMS
FN:174,sendBulkSMS
FNF:12
FNH:0
FNDA:0,isSandboxEnabled
FNDA:0,getSmsCredentials
FNDA:0,getSdkLib
FNDA:0,getSdk
FNDA:0,getEgoApiUrl
FNDA:0,sendViaDirectApi
FNDA:0,(anonymous_6)
FNDA:0,normalizePhone
FNDA:0,resolveRecipients
FNDA:0,(anonymous_9)
FNDA:0,sendSMS
FNDA:0,sendBulkSMS
DA:6,2
DA:12,0
DA:16,0
DA:18,0
DA:22,0
DA:29,0
DA:30,0
DA:32,0
DA:36,0
DA:38,0
DA:39,0
DA:42,0
DA:43,0
DA:44,0
DA:45,0
DA:46,0
DA:47,0
DA:49,0
DA:51,0
DA:52,0
DA:56,0
DA:60,0
DA:66,0
DA:67,0
DA:69,0
DA:75,0
DA:83,0
DA:91,0
DA:95,0
DA:96,0
DA:100,0
DA:101,0
DA:103,0
DA:107,0
DA:108,0
DA:111,0
DA:121,0
DA:122,0
DA:123,0
DA:124,0
DA:125,0
DA:128,0
DA:129,0
DA:130,0
DA:131,0
DA:134,0
DA:135,0
DA:136,0
DA:137,0
DA:138,0
DA:139,0
DA:141,0
DA:142,0
DA:143,0
DA:144,0
DA:154,0
DA:155,0
DA:160,0
DA:161,0
DA:175,0
DA:176,0
DA:177,0
DA:178,0
DA:179,0
DA:182,0
DA:183,0
DA:185,0
DA:186,0
DA:187,0
DA:188,0
DA:189,0
DA:190,0
DA:192,0
DA:193,0
DA:194,0
DA:195,0
DA:205,0
DA:206,0
DA:211,0
DA:212,0
DA:219,2
LF:81
LH:2
BRDA:12,0,0,0
BRDA:12,0,1,0
BRDA:16,1,0,0
BRDA:16,1,1,0
BRDA:18,2,0,0
BRDA:18,2,1,0
BRDA:18,2,2,0
BRDA:29,3,0,0
BRDA:29,3,1,0
BRDA:38,4,0,0
BRDA:38,4,1,0
BRDA:38,5,0,0
BRDA:38,5,1,0
BRDA:42,6,0,0
BRDA:42,6,1,0
BRDA:46,7,0,0
BRDA:46,7,1,0
BRDA:60,8,0,0
BRDA:60,8,1,0
BRDA:65,9,0,0
BRDA:67,10,0,0
BRDA:67,10,1,0
BRDA:95,11,0,0
BRDA:95,11,1,0
BRDA:101,12,0,0
BRDA:101,12,1,0
BRDA:107,13,0,0
BRDA:107,13,1,0
BRDA:107,14,0,0
BRDA:107,14,1,0
BRDA:123,15,0,0
BRDA:123,15,1,0
BRDA:123,16,0,0
BRDA:123,16,1,0
BRDA:130,17,0,0
BRDA:130,17,1,0
BRDA:134,18,0,0
BRDA:134,18,1,0
BRDA:138,19,0,0
BRDA:138,19,1,0
BRDA:142,20,0,0
BRDA:142,20,1,0
BRDA:143,21,0,0
BRDA:143,21,1,0
BRDA:146,22,0,0
BRDA:146,22,1,0
BRDA:147,23,0,0
BRDA:147,23,1,0
BRDA:148,24,0,0
BRDA:148,24,1,0
BRDA:177,25,0,0
BRDA:177,25,1,0
BRDA:177,26,0,0
BRDA:177,26,1,0
BRDA:185,27,0,0
BRDA:185,27,1,0
BRDA:189,28,0,0
BRDA:189,28,1,0
BRDA:193,29,0,0
BRDA:193,29,1,0
BRDA:194,30,0,0
BRDA:194,30,1,0
BRDA:197,31,0,0
BRDA:197,31,1,0
BRDA:198,32,0,0
BRDA:198,32,1,0
BRDA:199,33,0,0
BRDA:199,33,1,0
BRF:68
BRH:0
end_of_record
TN:
SF:controllers\paymentController.js
FN:20,mapMarzPayStatus
FN:38,toPaymentStatus
FN:50,extractLookupPayload
FN:91,extractCallbackFields
FN:124,isMissingSchemaObject
FN:130,insertPaymentWithSchemaFallback
FN:155,applyMarzpayCallbackFallback
FN:243,applyMarzpayTransition
FN:275,initiatePayment
FN:425,handleMarzpayCallback
FN:503,reconcileMarzpayPayment
FN:591,syncPaymentStatus
FN:691,validatePhone
FN:708,getWalletBalance
FN:722,getMarzpayTransactions
FNF:15
FNH:4
FNDA:8,mapMarzPayStatus
FNDA:1,toPaymentStatus
FNDA:0,extractLookupPayload
FNDA:0,extractCallbackFields
FNDA:0,isMissingSchemaObject
FNDA:1,insertPaymentWithSchemaFallback
FNDA:0,applyMarzpayCallbackFallback
FNDA:0,applyMarzpayTransition
FNDA:2,initiatePayment
FNDA:0,handleMarzpayCallback
FNDA:0,reconcileMarzpayPayment
FNDA:0,syncPaymentStatus
FNDA:0,validatePhone
FNDA:0,getWalletBalance
FNDA:0,getMarzpayTransactions
DA:1,2
DA:2,2
DA:3,2
DA:4,2
DA:5,2
DA:7,2
DA:8,2
DA:10,2
DA:16,2
DA:21,8
DA:23,8
DA:24,2
DA:27,6
DA:28,2
DA:31,4
DA:32,3
DA:35,1
DA:39,1
DA:40,0
DA:43,1
DA:44,0
DA:47,1
DA:51,0
DA:52,0
DA:53,0
DA:56,0
DA:64,0
DA:76,0
DA:83,0
DA:92,0
DA:93,0
DA:96,0
DA:104,0
DA:113,0
DA:121,0
DA:125,0
DA:126,0
DA:131,1
DA:135,1
DA:136,1
DA:139,0
DA:140,0
DA:143,0
DA:144,0
DA:146,0
DA:150,0
DA:151,0
DA:156,0
DA:163,0
DA:164,0
DA:167,0
DA:168,0
DA:171,0
DA:172,0
DA:174,0
DA:182,0
DA:183,0
DA:186,0
DA:193,0
DA:194,0
DA:195,0
DA:197,0
DA:205,0
DA:206,0
DA:209,0
DA:215,0
DA:216,0
DA:219,0
DA:221,0
DA:229,0
DA:230,0
DA:233,0
DA:244,0
DA:245,0
DA:247,0
DA:254,0
DA:255,0
DA:257,0
DA:260,0
DA:261,0
DA:264,0
DA:272,0
DA:276,2
DA:277,2
DA:278,2
DA:279,0
DA:282,2
DA:283,2
DA:284,0
DA:287,2
DA:288,2
DA:290,2
DA:291,1
DA:297,1
DA:298,0
DA:304,1
DA:311,1
DA:312,0
DA:315,1
DA:316,1
DA:317,0
DA:323,1
DA:330,1
DA:331,0
DA:334,1
DA:335,1
DA:336,1
DA:338,1
DA:341,1
DA:351,1
DA:360,1
DA:364,1
DA:365,1
DA:367,1
DA:383,1
DA:390,1
DA:391,0
DA:394,1
DA:406,1
DA:417,0
DA:418,0
DA:426,0
DA:427,0
DA:429,0
DA:430,0
DA:433,0
DA:440,0
DA:441,0
DA:447,0
DA:456,0
DA:462,0
DA:463,0
DA:464,0
DA:466,0
DA:485,0
DA:495,0
DA:496,0
DA:504,0
DA:510,0
DA:511,0
DA:512,0
DA:515,0
DA:516,0
DA:520,0
DA:521,0
DA:522,0
DA:523,0
DA:525,0
DA:528,0
DA:529,0
DA:530,0
DA:533,0
DA:534,0
DA:537,0
DA:538,0
DA:540,0
DA:541,0
DA:543,0
DA:547,0
DA:552,0
DA:553,0
DA:555,0
DA:556,0
DA:559,0
DA:566,0
DA:567,0
DA:570,0
DA:584,0
DA:592,0
DA:597,0
DA:598,0
DA:599,0
DA:602,0
DA:603,0
DA:609,0
DA:610,0
DA:613,0
DA:614,0
DA:617,0
DA:618,0
DA:621,0
DA:622,0
DA:623,0
DA:626,0
DA:627,0
DA:628,0
DA:631,0
DA:632,0
DA:634,0
DA:635,0
DA:636,0
DA:638,0
DA:642,0
DA:643,0
DA:647,0
DA:652,0
DA:653,0
DA:655,0
DA:656,0
DA:659,0
DA:666,0
DA:667,0
DA:670,0
DA:684,0
DA:692,0
DA:693,0
DA:694,0
DA:697,0
DA:699,0
DA:709,0
DA:710,0
DA:711,0
DA:714,0
DA:718,0
DA:723,0
DA:724,0
DA:725,0
DA:727,0
DA:734,2
LF:219
LH:54
BRDA:7,0,0,2
BRDA:7,0,1,2
BRDA:21,1,0,8
BRDA:21,1,1,0
BRDA:23,2,0,2
BRDA:23,2,1,6
BRDA:27,3,0,2
BRDA:27,3,1,4
BRDA:31,4,0,3
BRDA:31,4,1,1
BRDA:39,5,0,0
BRDA:39,5,1,1
BRDA:43,6,0,0
BRDA:43,6,1,1
BRDA:51,7,0,0
BRDA:51,7,1,0
BRDA:52,8,0,0
BRDA:52,8,1,0
BRDA:53,9,0,0
BRDA:53,9,1,0
BRDA:53,9,2,0
BRDA:56,10,0,0
BRDA:56,10,1,0
BRDA:56,10,2,0
BRDA:56,10,3,0
BRDA:56,10,4,0
BRDA:56,10,5,0
BRDA:64,11,0,0
BRDA:64,11,1,0
BRDA:64,11,2,0
BRDA:64,11,3,0
BRDA:64,11,4,0
BRDA:64,11,5,0
BRDA:64,11,6,0
BRDA:64,11,7,0
BRDA:64,11,8,0
BRDA:64,11,9,0
BRDA:76,12,0,0
BRDA:76,12,1,0
BRDA:76,12,2,0
BRDA:76,12,3,0
BRDA:76,12,4,0
BRDA:76,12,5,0
BRDA:92,13,0,0
BRDA:92,13,1,0
BRDA:93,14,0,0
BRDA:93,14,1,0
BRDA:96,15,0,0
BRDA:96,15,1,0
BRDA:96,15,2,0
BRDA:96,15,3,0
BRDA:96,15,4,0
BRDA:96,15,5,0
BRDA:104,16,0,0
BRDA:104,16,1,0
BRDA:104,16,2,0
BRDA:104,16,3,0
BRDA:104,16,4,0
BRDA:104,16,5,0
BRDA:104,16,6,0
BRDA:113,17,0,0
BRDA:113,17,1,0
BRDA:113,17,2,0
BRDA:113,17,3,0
BRDA:113,17,4,0
BRDA:113,17,5,0
BRDA:113,17,6,0
BRDA:125,18,0,0
BRDA:125,18,1,0
BRDA:125,19,0,0
BRDA:125,19,1,0
BRDA:125,20,0,0
BRDA:125,20,1,0
BRDA:126,21,0,0
BRDA:126,21,1,0
BRDA:126,21,2,0
BRDA:126,22,0,0
BRDA:126,22,1,0
BRDA:135,23,0,1
BRDA:135,23,1,0
BRDA:139,24,0,0
BRDA:139,24,1,0
BRDA:150,25,0,0
BRDA:150,25,1,0
BRDA:163,26,0,0
BRDA:163,26,1,0
BRDA:167,27,0,0
BRDA:167,27,1,0
BRDA:175,28,0,0
BRDA:175,28,1,0
BRDA:175,28,2,0
BRDA:177,29,0,0
BRDA:177,29,1,0
BRDA:178,30,0,0
BRDA:178,30,1,0
BRDA:182,31,0,0
BRDA:182,31,1,0
BRDA:193,32,0,0
BRDA:193,32,1,0
BRDA:193,33,0,0
BRDA:193,33,1,0
BRDA:205,34,0,0
BRDA:205,34,1,0
BRDA:215,35,0,0
BRDA:215,35,1,0
BRDA:229,36,0,0
BRDA:229,36,1,0
BRDA:238,37,0,0
BRDA:238,37,1,0
BRDA:251,38,0,0
BRDA:251,38,1,0
BRDA:254,39,0,0
BRDA:254,39,1,0
BRDA:254,40,0,0
BRDA:254,40,1,0
BRDA:254,40,2,0
BRDA:257,41,0,0
BRDA:257,41,1,0
BRDA:260,42,0,0
BRDA:260,42,1,0
BRDA:260,43,0,0
BRDA:260,43,1,0
BRDA:268,44,0,0
BRDA:268,44,1,0
BRDA:278,45,0,0
BRDA:278,45,1,2
BRDA:282,46,0,2
BRDA:282,46,1,0
BRDA:283,47,0,0
BRDA:283,47,1,2
BRDA:290,48,0,1
BRDA:290,48,1,1
BRDA:290,49,0,2
BRDA:290,49,1,1
BRDA:290,49,2,1
BRDA:297,50,0,0
BRDA:297,50,1,1
BRDA:311,51,0,0
BRDA:311,51,1,1
BRDA:311,52,0,1
BRDA:311,52,1,1
BRDA:316,53,0,0
BRDA:316,53,1,1
BRDA:316,54,0,1
BRDA:316,54,1,1
BRDA:316,54,2,1
BRDA:330,55,0,0
BRDA:330,55,1,1
BRDA:336,56,0,1
BRDA:336,56,1,1
BRDA:336,56,2,1
BRDA:338,57,0,1
BRDA:338,57,1,1
BRDA:339,58,0,1
BRDA:339,58,1,0
BRDA:351,59,0,1
BRDA:351,59,1,1
BRDA:351,59,2,0
BRDA:351,59,3,0
BRDA:351,59,4,0
BRDA:351,59,5,0
BRDA:351,59,6,0
BRDA:360,60,0,1
BRDA:360,60,1,1
BRDA:360,60,2,0
BRDA:360,60,3,0
BRDA:390,61,0,0
BRDA:390,61,1,1
BRDA:408,62,0,1
BRDA:408,62,1,0
BRDA:413,63,0,1
BRDA:413,63,1,0
BRDA:417,64,0,0
BRDA:417,64,1,0
BRDA:418,65,0,0
BRDA:418,65,1,0
BRDA:420,66,0,0
BRDA:420,66,1,0
BRDA:429,67,0,0
BRDA:429,67,1,0
BRDA:437,68,0,0
BRDA:437,68,1,0
BRDA:440,69,0,0
BRDA:440,69,1,0
BRDA:462,70,0,0
BRDA:462,70,1,0
BRDA:468,71,0,0
BRDA:468,71,1,0
BRDA:468,72,0,0
BRDA:468,72,1,0
BRDA:469,73,0,0
BRDA:469,73,1,0
BRDA:471,74,0,0
BRDA:471,74,1,0
BRDA:481,75,0,0
BRDA:481,75,1,0
BRDA:495,76,0,0
BRDA:495,76,1,0
BRDA:496,77,0,0
BRDA:496,77,1,0
BRDA:498,78,0,0
BRDA:498,78,1,0
BRDA:510,79,0,0
BRDA:510,79,1,0
BRDA:511,80,0,0
BRDA:511,80,1,0
BRDA:520,81,0,0
BRDA:520,81,1,0
BRDA:522,82,0,0
BRDA:522,82,1,0
BRDA:529,83,0,0
BRDA:529,83,1,0
BRDA:533,84,0,0
BRDA:533,84,1,0
BRDA:537,85,0,0
BRDA:537,85,1,0
BRDA:540,86,0,0
BRDA:540,86,1,0
BRDA:544,87,0,0
BRDA:544,87,1,0
BRDA:547,88,0,0
BRDA:547,88,1,0
BRDA:548,89,0,0
BRDA:548,89,1,0
BRDA:552,90,0,0
BRDA:552,90,1,0
BRDA:553,91,0,0
BRDA:553,91,1,0
BRDA:553,91,2,0
BRDA:555,92,0,0
BRDA:555,92,1,0
BRDA:561,93,0,0
BRDA:561,93,1,0
BRDA:561,93,2,0
BRDA:561,93,3,0
BRDA:563,94,0,0
BRDA:563,94,1,0
BRDA:566,95,0,0
BRDA:566,95,1,0
BRDA:584,96,0,0
BRDA:584,96,1,0
BRDA:586,97,0,0
BRDA:586,97,1,0
BRDA:597,98,0,0
BRDA:597,98,1,0
BRDA:598,99,0,0
BRDA:598,99,1,0
BRDA:609,100,0,0
BRDA:609,100,1,0
BRDA:613,101,0,0
BRDA:613,101,1,0
BRDA:617,102,0,0
BRDA:617,102,1,0
BRDA:622,103,0,0
BRDA:622,103,1,0
BRDA:626,104,0,0
BRDA:626,104,1,0
BRDA:627,105,0,0
BRDA:627,105,1,0
BRDA:634,106,0,0
BRDA:634,106,1,0
BRDA:642,107,0,0
BRDA:642,107,1,0
BRDA:644,108,0,0
BRDA:644,108,1,0
BRDA:647,109,0,0
BRDA:647,109,1,0
BRDA:648,110,0,0
BRDA:648,110,1,0
BRDA:652,111,0,0
BRDA:652,111,1,0
BRDA:653,112,0,0
BRDA:653,112,1,0
BRDA:653,112,2,0
BRDA:655,113,0,0
BRDA:655,113,1,0
BRDA:661,114,0,0
BRDA:661,114,1,0
BRDA:661,114,2,0
BRDA:663,115,0,0
BRDA:663,115,1,0
BRDA:666,116,0,0
BRDA:666,116,1,0
BRDA:684,117,0,0
BRDA:684,117,1,0
BRDA:686,118,0,0
BRDA:686,118,1,0
BRDA:693,119,0,0
BRDA:693,119,1,0
BRDA:714,120,0,0
BRDA:714,120,1,0
BRDA:714,121,0,0
BRDA:714,121,1,0
BRDA:716,122,0,0
BRDA:716,122,1,0
BRDA:718,123,0,0
BRDA:718,123,1,0
BRDA:724,124,0,0
BRDA:724,124,1,0
BRDA:727,125,0,0
BRDA:727,125,1,0
BRDA:729,126,0,0
BRDA:729,126,1,0
BRF:303
BRH:42
end_of_record
TN:
SF:routes\paymentRoutes.js
FNF:0
FNH:0
DA:6,1
DA:7,1
DA:8,1
DA:9,1
DA:11,1
DA:12,1
DA:13,1
DA:14,1
DA:15,1
DA:16,1
DA:17,1
DA:19,1
LF:12
LH:12
BRF:0
BRH:0
end_of_record
TN:
SF:services\marzpayService.js
FN:6,buildAuthHeader
FN:19,getClient
FN:31,request
FN:51,formatPhoneNumber
FN:73,getProvider
FN:92,validateMobileNumber
FN:127,collectMoney
FN:147,sendMoney
FN:167,getCollectionDetails
FN:174,getSendMoneyDetails
FN:181,checkTransactionStatus
FN:188,getWalletBalance
FN:206,getTransactionHistory
FN:214,getCollectionServices
FN:221,getSendMoneyServices
FNF:15
FNH:0
FNDA:0,buildAuthHeader
FNDA:0,getClient
FNDA:0,request
FNDA:0,formatPhoneNumber
FNDA:0,getProvider
FNDA:0,validateMobileNumber
FNDA:0,collectMoney
FNDA:0,sendMoney
FNDA:0,getCollectionDetails
FNDA:0,getSendMoneyDetails
FNDA:0,checkTransactionStatus
FNDA:0,getWalletBalance
FNDA:0,getTransactionHistory
FNDA:0,getCollectionServices
FNDA:0,getSendMoneyServices
DA:1,1
DA:3,1
DA:4,1
DA:7,0
DA:8,0
DA:10,0
DA:11,0
DA:12,0
DA:13,0
DA:16,0
DA:20,0
DA:32,0
DA:34,0
DA:35,0
DA:36,0
DA:38,0
DA:40,0
DA:44,0
DA:45,0
DA:46,0
DA:47,0
DA:52,0
DA:53,0
DA:56,0
DA:58,0
DA:59,0
DA:62,0
DA:63,0
DA:66,0
DA:67,0
DA:70,0
DA:74,0
DA:75,0
DA:76,0
DA:79,0
DA:81,0
DA:82,0
DA:85,0
DA:86,0
DA:89,0
DA:93,0
DA:95,0
DA:96,0
DA:103,0
DA:104,0
DA:111,0
DA:112,0
DA:113,0
DA:120,0
DA:128,0
DA:136,0
DA:137,0
DA:140,0
DA:148,0
DA:156,0
DA:157,0
DA:160,0
DA:168,0
DA:175,0
DA:182,0
DA:189,0
DA:190,0
DA:195,0
DA:196,0
DA:199,0
DA:207,0
DA:215,0
DA:222,0
DA:228,1
LF:69
LH:4
BRDA:10,0,0,0
BRDA:10,0,1,0
BRDA:10,1,0,0
BRDA:10,1,1,0
BRDA:21,2,0,0
BRDA:21,2,1,0
BRDA:38,3,0,0
BRDA:38,3,1,0
BRDA:40,4,0,0
BRDA:40,4,1,0
BRDA:40,4,2,0
BRDA:46,5,0,0
BRDA:46,5,1,0
BRDA:52,6,0,0
BRDA:52,6,1,0
BRDA:52,7,0,0
BRDA:52,7,1,0
BRDA:58,8,0,0
BRDA:58,8,1,0
BRDA:62,9,0,0
BRDA:62,9,1,0
BRDA:66,10,0,0
BRDA:66,10,1,0
BRDA:75,11,0,0
BRDA:75,11,1,0
BRDA:81,12,0,0
BRDA:81,12,1,0
BRDA:85,13,0,0
BRDA:85,13,1,0
BRDA:95,14,0,0
BRDA:95,14,1,0
BRDA:103,15,0,0
BRDA:103,15,1,0
BRDA:112,16,0,0
BRDA:112,16,1,0
BRDA:127,17,0,0
BRDA:136,18,0,0
BRDA:136,18,1,0
BRDA:147,19,0,0
BRDA:156,20,0,0
BRDA:156,20,1,0
BRDA:195,21,0,0
BRDA:195,21,1,0
BRDA:206,22,0,0
BRF:44
BRH:0
end_of_record
TN:
SF:services\notificationService.js
FN:4,createNotification
FNF:1
FNH:1
FNDA:1,createNotification
DA:1,2
DA:2,2
DA:12,1
DA:13,0
DA:16,1
DA:17,1
DA:27,1
DA:33,0
DA:34,0
DA:37,0
DA:38,0
DA:44,0
DA:45,0
DA:49,0
DA:51,1
DA:55,2
LF:16
LH:8
BRDA:8,0,0,0
BRDA:9,1,0,0
BRDA:10,2,0,1
BRDA:12,3,0,0
BRDA:12,3,1,1
BRDA:12,4,0,1
BRDA:12,4,1,1
BRDA:12,4,2,1
BRDA:33,5,0,0
BRDA:33,5,1,0
BRDA:37,6,0,0
BRDA:37,6,1,0
BRDA:44,7,0,0
BRDA:44,7,1,0
BRF:14
BRH:5
end_of_record
